[2025-10-07T01:07:21.167+0000] {local_task_job_runner.py:120} INFO - ::group::Pre task execution logs
[2025-10-07T01:07:21.259+0000] {taskinstance.py:2076} INFO - Dependencies all met for dep_context=non-requeueable deps ti=<TaskInstance: Airflow_Lab2.load_model_task manual__2025-10-07T01:07:00.560919+00:00 [queued]>
[2025-10-07T01:07:21.278+0000] {taskinstance.py:2076} INFO - Dependencies all met for dep_context=requeueable deps ti=<TaskInstance: Airflow_Lab2.load_model_task manual__2025-10-07T01:07:00.560919+00:00 [queued]>
[2025-10-07T01:07:21.280+0000] {taskinstance.py:2306} INFO - Starting attempt 1 of 1
[2025-10-07T01:07:21.321+0000] {taskinstance.py:2330} INFO - Executing <Task(PythonOperator): load_model_task> on 2025-10-07 01:07:00.560919+00:00
[2025-10-07T01:07:21.331+0000] {warnings.py:112} WARNING - /home/***/.local/lib/python3.12/site-packages/***/task/task_runner/standard_task_runner.py:61: DeprecationWarning: This process (pid=287) is multi-threaded, use of fork() may lead to deadlocks in the child.
  pid = os.fork()

[2025-10-07T01:07:21.333+0000] {standard_task_runner.py:63} INFO - Started process 298 to run task
[2025-10-07T01:07:21.334+0000] {standard_task_runner.py:90} INFO - Running: ['***', 'tasks', 'run', 'Airflow_Lab2', 'load_model_task', 'manual__2025-10-07T01:07:00.560919+00:00', '--job-id', '103', '--raw', '--subdir', 'DAGS_FOLDER/main.py', '--cfg-path', '/tmp/tmpk70d9vix']
[2025-10-07T01:07:21.336+0000] {standard_task_runner.py:91} INFO - Job 103: Subtask load_model_task
[2025-10-07T01:07:21.392+0000] {task_command.py:426} INFO - Running <TaskInstance: Airflow_Lab2.load_model_task manual__2025-10-07T01:07:00.560919+00:00 [running]> on host e519872b887a
[2025-10-07T01:07:21.504+0000] {taskinstance.py:2648} INFO - Exporting env vars: AIRFLOW_CTX_DAG_OWNER='mlops' AIRFLOW_CTX_DAG_ID='Airflow_Lab2' AIRFLOW_CTX_TASK_ID='load_model_task' AIRFLOW_CTX_EXECUTION_DATE='2025-10-07T01:07:00.560919+00:00' AIRFLOW_CTX_TRY_NUMBER='1' AIRFLOW_CTX_DAG_RUN_ID='manual__2025-10-07T01:07:00.560919+00:00'
[2025-10-07T01:07:21.507+0000] {taskinstance.py:430} INFO - ::endgroup::
[2025-10-07T01:07:21.644+0000] {logging_mixin.py:188} INFO - [MODEL] Accuracy on test data: 0.7338
[2025-10-07T01:07:21.658+0000] {python.py:237} INFO - Done. Returned value was: 1
[2025-10-07T01:07:21.659+0000] {taskinstance.py:441} INFO - ::group::Post task execution logs
[2025-10-07T01:07:21.727+0000] {taskinstance.py:1206} INFO - Marking task as SUCCESS. dag_id=Airflow_Lab2, task_id=load_model_task, run_id=manual__2025-10-07T01:07:00.560919+00:00, execution_date=20251007T010700, start_date=20251007T010721, end_date=20251007T010721
[2025-10-07T01:07:21.772+0000] {local_task_job_runner.py:240} INFO - Task exited with return code 0
[2025-10-07T01:07:21.907+0000] {taskinstance.py:3503} INFO - 1 downstream tasks scheduled from follow-on schedule check
[2025-10-07T01:07:21.927+0000] {local_task_job_runner.py:222} INFO - ::endgroup::
