[2025-10-07T01:05:39.613+0000] {local_task_job_runner.py:120} INFO - ::group::Pre task execution logs
[2025-10-07T01:05:39.701+0000] {taskinstance.py:2076} INFO - Dependencies all met for dep_context=non-requeueable deps ti=<TaskInstance: Airflow_Lab2.build_save_model_task scheduled__2025-10-06T00:00:00+00:00 [queued]>
[2025-10-07T01:05:39.756+0000] {taskinstance.py:2076} INFO - Dependencies all met for dep_context=requeueable deps ti=<TaskInstance: Airflow_Lab2.build_save_model_task scheduled__2025-10-06T00:00:00+00:00 [queued]>
[2025-10-07T01:05:39.758+0000] {taskinstance.py:2306} INFO - Starting attempt 1 of 1
[2025-10-07T01:05:39.816+0000] {taskinstance.py:2330} INFO - Executing <Task(PythonOperator): build_save_model_task> on 2025-10-06 00:00:00+00:00
[2025-10-07T01:05:39.858+0000] {standard_task_runner.py:90} INFO - Running: ['***', 'tasks', 'run', 'Airflow_Lab2', 'build_save_model_task', 'scheduled__2025-10-06T00:00:00+00:00', '--job-id', '94', '--raw', '--subdir', 'DAGS_FOLDER/main.py', '--cfg-path', '/tmp/tmppowhnvy5']
[2025-10-07T01:05:39.856+0000] {warnings.py:112} WARNING - /home/***/.local/lib/python3.12/site-packages/***/task/task_runner/standard_task_runner.py:61: DeprecationWarning: This process (pid=139) is multi-threaded, use of fork() may lead to deadlocks in the child.
  pid = os.fork()

[2025-10-07T01:05:39.863+0000] {standard_task_runner.py:91} INFO - Job 94: Subtask build_save_model_task
[2025-10-07T01:05:39.865+0000] {standard_task_runner.py:63} INFO - Started process 150 to run task
[2025-10-07T01:05:40.133+0000] {task_command.py:426} INFO - Running <TaskInstance: Airflow_Lab2.build_save_model_task scheduled__2025-10-06T00:00:00+00:00 [running]> on host e519872b887a
[2025-10-07T01:05:40.486+0000] {taskinstance.py:2648} INFO - Exporting env vars: AIRFLOW_CTX_DAG_OWNER='mlops' AIRFLOW_CTX_DAG_ID='Airflow_Lab2' AIRFLOW_CTX_TASK_ID='build_save_model_task' AIRFLOW_CTX_EXECUTION_DATE='2025-10-06T00:00:00+00:00' AIRFLOW_CTX_TRY_NUMBER='1' AIRFLOW_CTX_DAG_RUN_ID='scheduled__2025-10-06T00:00:00+00:00'
[2025-10-07T01:05:40.491+0000] {taskinstance.py:430} INFO - ::endgroup::
[2025-10-07T01:05:40.734+0000] {logging_mixin.py:188} INFO - [MODEL] ROC AUC: 0.8126
[2025-10-07T01:05:40.758+0000] {logging_mixin.py:188} INFO - [MODEL] Classification report:
[2025-10-07T01:05:40.760+0000] {logging_mixin.py:188} INFO -                precision    recall  f1-score   support

           0     0.8242    0.7500    0.7853       100
           1     0.6032    0.7037    0.6496        54

    accuracy                         0.7338       154
   macro avg     0.7137    0.7269    0.7175       154
weighted avg     0.7467    0.7338    0.7377       154
[2025-10-07T01:05:40.769+0000] {logging_mixin.py:188} INFO - [MODEL] Saved pipeline to: /opt/***/dags/model/model_diabetes.sav
[2025-10-07T01:05:40.777+0000] {python.py:237} INFO - Done. Returned value was: None
[2025-10-07T01:05:40.780+0000] {taskinstance.py:441} INFO - ::group::Post task execution logs
[2025-10-07T01:05:40.815+0000] {taskinstance.py:1206} INFO - Marking task as SUCCESS. dag_id=Airflow_Lab2, task_id=build_save_model_task, run_id=scheduled__2025-10-06T00:00:00+00:00, execution_date=20251006T000000, start_date=20251007T010539, end_date=20251007T010540
[2025-10-07T01:05:40.895+0000] {local_task_job_runner.py:240} INFO - Task exited with return code 0
[2025-10-07T01:05:40.971+0000] {taskinstance.py:3503} INFO - 1 downstream tasks scheduled from follow-on schedule check
[2025-10-07T01:05:40.984+0000] {local_task_job_runner.py:222} INFO - ::endgroup::
