[2025-10-07T01:05:35.728+0000] {local_task_job_runner.py:120} INFO - ::group::Pre task execution logs
[2025-10-07T01:05:35.807+0000] {taskinstance.py:2076} INFO - Dependencies all met for dep_context=non-requeueable deps ti=<TaskInstance: Airflow_Lab2.separate_data_outputs_task scheduled__2025-10-06T00:00:00+00:00 [queued]>
[2025-10-07T01:05:35.841+0000] {taskinstance.py:2076} INFO - Dependencies all met for dep_context=requeueable deps ti=<TaskInstance: Airflow_Lab2.separate_data_outputs_task scheduled__2025-10-06T00:00:00+00:00 [queued]>
[2025-10-07T01:05:35.843+0000] {taskinstance.py:2306} INFO - Starting attempt 1 of 1
[2025-10-07T01:05:35.876+0000] {taskinstance.py:2330} INFO - Executing <Task(PythonOperator): separate_data_outputs_task> on 2025-10-06 00:00:00+00:00
[2025-10-07T01:05:35.898+0000] {warnings.py:112} WARNING - /home/***/.local/lib/python3.12/site-packages/***/task/task_runner/standard_task_runner.py:61: DeprecationWarning: This process (pid=127) is multi-threaded, use of fork() may lead to deadlocks in the child.
  pid = os.fork()

[2025-10-07T01:05:35.900+0000] {standard_task_runner.py:90} INFO - Running: ['***', 'tasks', 'run', 'Airflow_Lab2', 'separate_data_outputs_task', 'scheduled__2025-10-06T00:00:00+00:00', '--job-id', '93', '--raw', '--subdir', 'DAGS_FOLDER/main.py', '--cfg-path', '/tmp/tmpoinace7a']
[2025-10-07T01:05:35.902+0000] {standard_task_runner.py:63} INFO - Started process 138 to run task
[2025-10-07T01:05:35.903+0000] {standard_task_runner.py:91} INFO - Job 93: Subtask separate_data_outputs_task
[2025-10-07T01:05:35.949+0000] {task_command.py:426} INFO - Running <TaskInstance: Airflow_Lab2.separate_data_outputs_task scheduled__2025-10-06T00:00:00+00:00 [running]> on host e519872b887a
[2025-10-07T01:05:36.249+0000] {taskinstance.py:2648} INFO - Exporting env vars: AIRFLOW_CTX_DAG_OWNER='mlops' AIRFLOW_CTX_DAG_ID='Airflow_Lab2' AIRFLOW_CTX_TASK_ID='separate_data_outputs_task' AIRFLOW_CTX_EXECUTION_DATE='2025-10-06T00:00:00+00:00' AIRFLOW_CTX_TRY_NUMBER='1' AIRFLOW_CTX_DAG_RUN_ID='scheduled__2025-10-06T00:00:00+00:00'
[2025-10-07T01:05:36.254+0000] {taskinstance.py:430} INFO - ::endgroup::
[2025-10-07T01:05:36.295+0000] {python.py:237} INFO - Done. Returned value was: (     Pregnancies  Glucose  BloodPressure  ...   BMI  DiabetesPedigreeFunction  Age
353            1       90             62  ...  27.2                     0.580   24
711            5      126             78  ...  29.6                     0.439   40
373            2      105             58  ...  34.9                     0.225   25
46             1      146             56  ...  29.7                     0.564   29
682            0       95             64  ...  44.6                     0.366   22
..           ...      ...            ...  ...   ...                       ...  ...
451            2      134             70  ...  28.9                     0.542   23
113            4       76             62  ...  34.0                     0.391   25
556            1       97             70  ...  38.1                     0.218   30
667           10      111             70  ...  27.5                     0.141   40
107            4      144             58  ...  29.5                     0.287   37

[614 rows x 8 columns],      Pregnancies  Glucose  BloodPressure  ...   BMI  DiabetesPedigreeFunction  Age
44             7      159             64  ...  27.4                     0.294   40
672           10       68            106  ...  35.5                     0.285   47
700            2      122             76  ...  35.9                     0.483   26
630            7      114             64  ...  27.4                     0.732   34
81             2       74              0  ...   0.0                     0.102   22
..           ...      ...            ...  ...   ...                       ...  ...
32             3       88             58  ...  24.8                     0.267   22
637            2       94             76  ...  31.6                     0.649   23
593            2       82             52  ...  28.5                     1.699   25
425            4      184             78  ...  37.0                     0.264   31
273            1       71             78  ...  33.2                     0.422   21

[154 rows x 8 columns], array([0, 0, 0, 0, 0, 1, 1, 1, 0, 0, 1, 0, 0, 0, 1, 0, 1, 0, 0, 0, 0, 0,
       1, 1, 0, 0, 0, 0, 0, 1, 0, 0, 1, 1, 0, 0, 1, 0, 1, 1, 1, 0, 1, 1,
       0, 1, 0, 0, 0, 1, 1, 0, 0, 1, 1, 0, 1, 0, 0, 1, 0, 0, 0, 1, 1, 1,
       1, 1, 1, 0, 0, 1, 1, 0, 1, 1, 0, 1, 1, 1, 0, 0, 0, 0, 0, 0, 0, 0,
       0, 0, 1, 1, 0, 0, 0, 0, 0, 1, 0, 1, 0, 0, 0, 0, 0, 1, 0, 0, 0, 0,
       0, 0, 0, 1, 0, 1, 0, 0, 0, 0, 0, 0, 0, 1, 0, 1, 0, 0, 0, 1, 0, 0,
       0, 0, 0, 1, 1, 0, 1, 1, 0, 0, 0, 0, 1, 0, 0, 0, 0, 0, 0, 0, 1, 0,
       1, 0, 1, 0, 1, 0, 0, 0, 0, 1, 0, 0, 0, 0, 0, 1, 1, 0, 0, 0, 0, 1,
       1, 0, 0, 0, 1, 1, 0, 0, 0, 0, 0, 1, 0, 0, 0, 1, 1, 1, 0, 0, 0, 0,
       1, 1, 0, 0, 1, 0, 0, 0, 1, 0, 0, 0, 0, 0, 0, 0, 0, 0, 1, 0, 1, 1,
       0, 0, 1, 0, 0, 1, 1, 0, 1, 0, 0, 0, 1, 0, 0, 0, 0, 1, 1, 0, 0, 0,
       0, 0, 1, 0, 0, 1, 0, 0, 1, 1, 0, 1, 0, 0, 1, 0, 1, 0, 1, 0, 0, 1,
       0, 0, 0, 0, 1, 0, 1, 0, 0, 0, 0, 0, 1, 0, 0, 1, 1, 0, 0, 0, 0, 0,
       0, 1, 1, 1, 0, 0, 0, 0, 1, 1, 0, 0, 0, 0, 1, 1, 1, 1, 0, 1, 1, 0,
       0, 1, 1, 1, 1, 1, 0, 0, 0, 1, 0, 0, 0, 0, 0, 0, 0, 1, 0, 0, 0, 0,
       0, 1, 0, 0, 0, 1, 1, 1, 0, 0, 0, 0, 0, 0, 1, 0, 0, 1, 0, 1, 0, 0,
       0, 0, 1, 0, 1, 1, 1, 0, 1, 1, 1, 0, 1, 0, 1, 0, 0, 0, 0, 0, 1, 0,
       1, 0, 0, 0, 0, 0, 0, 0, 0, 0, 0, 0, 1, 0, 0, 1, 1, 0, 0, 0, 0, 1,
       0, 0, 1, 0, 1, 1, 0, 1, 0, 0, 1, 0, 0, 0, 1, 1, 0, 1, 1, 1, 0, 0,
       1, 0, 1, 0, 1, 0, 0, 0, 0, 0, 0, 0, 0, 1, 1, 0, 0, 1, 0, 0, 0, 0,
       0, 0, 1, 0, 0, 1, 1, 0, 1, 1, 0, 0, 0, 0, 0, 0, 1, 0, 0, 1, 0, 1,
       0, 1, 1, 1, 0, 1, 0, 0, 1, 0, 0, 0, 1, 0, 0, 0, 0, 0, 1, 1, 0, 0,
       0, 1, 0, 0, 1, 1, 0, 1, 0, 0, 1, 0, 0, 0, 1, 1, 0, 0, 1, 1, 0, 0,
       0, 0, 0, 0, 1, 0, 0, 0, 1, 0, 1, 1, 1, 0, 0, 0, 0, 0, 0, 0, 0, 0,
       0, 0, 0, 0, 1, 0, 1, 0, 0, 1, 0, 1, 1, 1, 1, 0, 1, 1, 0, 0, 1, 0,
       0, 0, 1, 0, 1, 0, 0, 0, 0, 0, 1, 0, 1, 0, 1, 0, 1, 0, 0, 0, 0, 1,
       0, 1, 1, 1, 0, 0, 0, 1, 1, 0, 0, 1, 1, 0, 1, 0, 1, 0, 0, 0, 1, 0,
       0, 0, 0, 0, 0, 1, 0, 0, 1, 0, 0, 0, 0, 1, 1, 1, 0, 0, 1, 0]), array([0, 0, 0, 1, 0, 0, 1, 1, 0, 0, 0, 1, 0, 0, 1, 1, 0, 0, 0, 0, 0, 1,
       1, 1, 0, 0, 1, 0, 1, 0, 0, 0, 0, 0, 0, 1, 0, 0, 1, 0, 0, 0, 0, 1,
       0, 1, 1, 0, 1, 1, 0, 1, 0, 0, 0, 0, 1, 0, 1, 0, 1, 0, 0, 1, 0, 0,
       1, 0, 0, 1, 1, 0, 0, 1, 0, 1, 0, 1, 0, 0, 0, 0, 0, 0, 0, 0, 1, 1,
       0, 0, 1, 1, 0, 1, 1, 1, 0, 0, 1, 0, 0, 0, 0, 0, 1, 0, 1, 0, 0, 0,
       0, 1, 1, 1, 1, 0, 0, 0, 1, 0, 0, 1, 0, 0, 1, 1, 1, 0, 0, 0, 0, 0,
       0, 1, 0, 0, 0, 0, 0, 0, 0, 1, 0, 0, 0, 1, 1, 1, 0, 0, 0, 0, 1, 0]))
[2025-10-07T01:05:36.334+0000] {taskinstance.py:441} INFO - ::group::Post task execution logs
[2025-10-07T01:05:36.413+0000] {taskinstance.py:1206} INFO - Marking task as SUCCESS. dag_id=Airflow_Lab2, task_id=separate_data_outputs_task, run_id=scheduled__2025-10-06T00:00:00+00:00, execution_date=20251006T000000, start_date=20251007T010535, end_date=20251007T010536
[2025-10-07T01:05:36.509+0000] {local_task_job_runner.py:240} INFO - Task exited with return code 0
[2025-10-07T01:05:36.614+0000] {taskinstance.py:3503} INFO - 1 downstream tasks scheduled from follow-on schedule check
[2025-10-07T01:05:36.621+0000] {local_task_job_runner.py:222} INFO - ::endgroup::
