[2025-10-07T00:20:09.086+0000] {processor.py:161} INFO - Started process (PID=103) to work on /opt/airflow/dags/Flask_API.py
[2025-10-07T00:20:09.091+0000] {processor.py:830} INFO - Processing file /opt/airflow/dags/Flask_API.py for tasks to queue
[2025-10-07T00:20:09.099+0000] {logging_mixin.py:188} INFO - [2025-10-07T00:20:09.099+0000] {dagbag.py:545} INFO - Filling up the DagBag from /opt/airflow/dags/Flask_API.py
[2025-10-07T00:20:09.227+0000] {processor.py:840} INFO - DAG(s) 'Airflow_Lab2_Flask' retrieved from /opt/airflow/dags/Flask_API.py
[2025-10-07T00:20:10.196+0000] {logging_mixin.py:188} INFO - [2025-10-07T00:20:10.195+0000] {dag.py:3096} INFO - Sync 1 DAGs
[2025-10-07T00:20:10.248+0000] {logging_mixin.py:188} INFO - [2025-10-07T00:20:10.248+0000] {dag.py:3954} INFO - Setting next_dagrun for Airflow_Lab2_Flask to None, run_after=None
[2025-10-07T00:20:10.409+0000] {processor.py:183} INFO - Processing /opt/airflow/dags/Flask_API.py took 1.354 seconds
[2025-10-07T00:20:40.763+0000] {processor.py:161} INFO - Started process (PID=120) to work on /opt/airflow/dags/Flask_API.py
[2025-10-07T00:20:40.767+0000] {processor.py:830} INFO - Processing file /opt/airflow/dags/Flask_API.py for tasks to queue
[2025-10-07T00:20:40.776+0000] {logging_mixin.py:188} INFO - [2025-10-07T00:20:40.773+0000] {dagbag.py:545} INFO - Filling up the DagBag from /opt/airflow/dags/Flask_API.py
[2025-10-07T00:20:40.851+0000] {processor.py:840} INFO - DAG(s) 'Airflow_Lab2_Flask' retrieved from /opt/airflow/dags/Flask_API.py
[2025-10-07T00:20:41.129+0000] {logging_mixin.py:188} INFO - [2025-10-07T00:20:41.129+0000] {dag.py:3096} INFO - Sync 1 DAGs
[2025-10-07T00:20:41.163+0000] {logging_mixin.py:188} INFO - [2025-10-07T00:20:41.163+0000] {dag.py:3954} INFO - Setting next_dagrun for Airflow_Lab2_Flask to None, run_after=None
[2025-10-07T00:20:41.257+0000] {processor.py:183} INFO - Processing /opt/airflow/dags/Flask_API.py took 0.504 seconds
[2025-10-07T00:21:11.646+0000] {processor.py:161} INFO - Started process (PID=138) to work on /opt/airflow/dags/Flask_API.py
[2025-10-07T00:21:11.651+0000] {processor.py:830} INFO - Processing file /opt/airflow/dags/Flask_API.py for tasks to queue
[2025-10-07T00:21:11.666+0000] {logging_mixin.py:188} INFO - [2025-10-07T00:21:11.660+0000] {dagbag.py:545} INFO - Filling up the DagBag from /opt/airflow/dags/Flask_API.py
[2025-10-07T00:21:11.730+0000] {processor.py:840} INFO - DAG(s) 'Airflow_Lab2_Flask' retrieved from /opt/airflow/dags/Flask_API.py
[2025-10-07T00:21:12.031+0000] {logging_mixin.py:188} INFO - [2025-10-07T00:21:12.030+0000] {dag.py:3096} INFO - Sync 1 DAGs
[2025-10-07T00:21:12.048+0000] {logging_mixin.py:188} INFO - [2025-10-07T00:21:12.047+0000] {dag.py:3954} INFO - Setting next_dagrun for Airflow_Lab2_Flask to None, run_after=None
[2025-10-07T00:21:12.176+0000] {processor.py:183} INFO - Processing /opt/airflow/dags/Flask_API.py took 0.550 seconds
[2025-10-07T00:21:42.843+0000] {processor.py:161} INFO - Started process (PID=155) to work on /opt/airflow/dags/Flask_API.py
[2025-10-07T00:21:42.847+0000] {processor.py:830} INFO - Processing file /opt/airflow/dags/Flask_API.py for tasks to queue
[2025-10-07T00:21:42.856+0000] {logging_mixin.py:188} INFO - [2025-10-07T00:21:42.855+0000] {dagbag.py:545} INFO - Filling up the DagBag from /opt/airflow/dags/Flask_API.py
[2025-10-07T00:21:42.926+0000] {processor.py:840} INFO - DAG(s) 'Airflow_Lab2_Flask' retrieved from /opt/airflow/dags/Flask_API.py
[2025-10-07T00:21:43.371+0000] {logging_mixin.py:188} INFO - [2025-10-07T00:21:43.370+0000] {dag.py:3096} INFO - Sync 1 DAGs
[2025-10-07T00:21:43.458+0000] {logging_mixin.py:188} INFO - [2025-10-07T00:21:43.456+0000] {dag.py:3954} INFO - Setting next_dagrun for Airflow_Lab2_Flask to None, run_after=None
[2025-10-07T00:21:43.575+0000] {processor.py:183} INFO - Processing /opt/airflow/dags/Flask_API.py took 0.749 seconds
[2025-10-07T00:22:14.703+0000] {processor.py:161} INFO - Started process (PID=172) to work on /opt/airflow/dags/Flask_API.py
[2025-10-07T00:22:14.713+0000] {processor.py:830} INFO - Processing file /opt/airflow/dags/Flask_API.py for tasks to queue
[2025-10-07T00:22:14.730+0000] {logging_mixin.py:188} INFO - [2025-10-07T00:22:14.727+0000] {dagbag.py:545} INFO - Filling up the DagBag from /opt/airflow/dags/Flask_API.py
[2025-10-07T00:22:14.852+0000] {processor.py:840} INFO - DAG(s) 'Airflow_Lab2_Flask' retrieved from /opt/airflow/dags/Flask_API.py
[2025-10-07T00:22:15.189+0000] {logging_mixin.py:188} INFO - [2025-10-07T00:22:15.189+0000] {dag.py:3096} INFO - Sync 1 DAGs
[2025-10-07T00:22:15.256+0000] {logging_mixin.py:188} INFO - [2025-10-07T00:22:15.256+0000] {dag.py:3954} INFO - Setting next_dagrun for Airflow_Lab2_Flask to None, run_after=None
[2025-10-07T00:22:15.416+0000] {processor.py:183} INFO - Processing /opt/airflow/dags/Flask_API.py took 0.726 seconds
[2025-10-07T00:22:45.836+0000] {processor.py:161} INFO - Started process (PID=190) to work on /opt/airflow/dags/Flask_API.py
[2025-10-07T00:22:45.841+0000] {processor.py:830} INFO - Processing file /opt/airflow/dags/Flask_API.py for tasks to queue
[2025-10-07T00:22:45.862+0000] {logging_mixin.py:188} INFO - [2025-10-07T00:22:45.858+0000] {dagbag.py:545} INFO - Filling up the DagBag from /opt/airflow/dags/Flask_API.py
[2025-10-07T00:22:45.987+0000] {processor.py:840} INFO - DAG(s) 'Airflow_Lab2_Flask' retrieved from /opt/airflow/dags/Flask_API.py
[2025-10-07T00:22:46.473+0000] {logging_mixin.py:188} INFO - [2025-10-07T00:22:46.472+0000] {dag.py:3096} INFO - Sync 1 DAGs
[2025-10-07T00:22:46.505+0000] {logging_mixin.py:188} INFO - [2025-10-07T00:22:46.504+0000] {dag.py:3954} INFO - Setting next_dagrun for Airflow_Lab2_Flask to None, run_after=None
[2025-10-07T00:22:46.640+0000] {processor.py:183} INFO - Processing /opt/airflow/dags/Flask_API.py took 0.817 seconds
[2025-10-07T00:23:17.272+0000] {processor.py:161} INFO - Started process (PID=207) to work on /opt/airflow/dags/Flask_API.py
[2025-10-07T00:23:17.287+0000] {processor.py:830} INFO - Processing file /opt/airflow/dags/Flask_API.py for tasks to queue
[2025-10-07T00:23:17.327+0000] {logging_mixin.py:188} INFO - [2025-10-07T00:23:17.323+0000] {dagbag.py:545} INFO - Filling up the DagBag from /opt/airflow/dags/Flask_API.py
[2025-10-07T00:23:17.400+0000] {processor.py:840} INFO - DAG(s) 'Airflow_Lab2_Flask' retrieved from /opt/airflow/dags/Flask_API.py
[2025-10-07T00:23:17.873+0000] {logging_mixin.py:188} INFO - [2025-10-07T00:23:17.869+0000] {dag.py:3096} INFO - Sync 1 DAGs
[2025-10-07T00:23:17.919+0000] {logging_mixin.py:188} INFO - [2025-10-07T00:23:17.918+0000] {dag.py:3954} INFO - Setting next_dagrun for Airflow_Lab2_Flask to None, run_after=None
[2025-10-07T00:23:18.093+0000] {processor.py:183} INFO - Processing /opt/airflow/dags/Flask_API.py took 0.860 seconds
[2025-10-07T00:26:40.892+0000] {processor.py:161} INFO - Started process (PID=101) to work on /opt/airflow/dags/Flask_API.py
[2025-10-07T00:26:40.898+0000] {processor.py:830} INFO - Processing file /opt/airflow/dags/Flask_API.py for tasks to queue
[2025-10-07T00:26:40.909+0000] {logging_mixin.py:188} INFO - [2025-10-07T00:26:40.908+0000] {dagbag.py:545} INFO - Filling up the DagBag from /opt/airflow/dags/Flask_API.py
[2025-10-07T00:26:41.171+0000] {processor.py:840} INFO - DAG(s) 'Airflow_Lab2_Flask' retrieved from /opt/airflow/dags/Flask_API.py
[2025-10-07T00:26:42.706+0000] {logging_mixin.py:188} INFO - [2025-10-07T00:26:42.704+0000] {dag.py:3096} INFO - Sync 1 DAGs
[2025-10-07T00:26:42.757+0000] {logging_mixin.py:188} INFO - [2025-10-07T00:26:42.755+0000] {dag.py:3954} INFO - Setting next_dagrun for Airflow_Lab2_Flask to None, run_after=None
[2025-10-07T00:26:43.024+0000] {processor.py:183} INFO - Processing /opt/airflow/dags/Flask_API.py took 2.145 seconds
[2025-10-07T00:27:13.632+0000] {processor.py:161} INFO - Started process (PID=122) to work on /opt/airflow/dags/Flask_API.py
[2025-10-07T00:27:13.637+0000] {processor.py:830} INFO - Processing file /opt/airflow/dags/Flask_API.py for tasks to queue
[2025-10-07T00:27:13.687+0000] {logging_mixin.py:188} INFO - [2025-10-07T00:27:13.681+0000] {dagbag.py:545} INFO - Filling up the DagBag from /opt/airflow/dags/Flask_API.py
[2025-10-07T00:27:13.789+0000] {processor.py:840} INFO - DAG(s) 'Airflow_Lab2_Flask' retrieved from /opt/airflow/dags/Flask_API.py
[2025-10-07T00:27:14.348+0000] {logging_mixin.py:188} INFO - [2025-10-07T00:27:14.342+0000] {dag.py:3096} INFO - Sync 1 DAGs
[2025-10-07T00:27:14.385+0000] {logging_mixin.py:188} INFO - [2025-10-07T00:27:14.382+0000] {dag.py:3954} INFO - Setting next_dagrun for Airflow_Lab2_Flask to None, run_after=None
[2025-10-07T00:27:14.542+0000] {processor.py:183} INFO - Processing /opt/airflow/dags/Flask_API.py took 0.939 seconds
[2025-10-07T00:27:44.908+0000] {processor.py:161} INFO - Started process (PID=140) to work on /opt/airflow/dags/Flask_API.py
[2025-10-07T00:27:44.913+0000] {processor.py:830} INFO - Processing file /opt/airflow/dags/Flask_API.py for tasks to queue
[2025-10-07T00:27:44.933+0000] {logging_mixin.py:188} INFO - [2025-10-07T00:27:44.931+0000] {dagbag.py:545} INFO - Filling up the DagBag from /opt/airflow/dags/Flask_API.py
[2025-10-07T00:27:44.978+0000] {processor.py:840} INFO - DAG(s) 'Airflow_Lab2_Flask' retrieved from /opt/airflow/dags/Flask_API.py
[2025-10-07T00:27:45.456+0000] {logging_mixin.py:188} INFO - [2025-10-07T00:27:45.456+0000] {dag.py:3096} INFO - Sync 1 DAGs
[2025-10-07T00:27:45.481+0000] {logging_mixin.py:188} INFO - [2025-10-07T00:27:45.481+0000] {dag.py:3954} INFO - Setting next_dagrun for Airflow_Lab2_Flask to None, run_after=None
[2025-10-07T00:27:45.600+0000] {processor.py:183} INFO - Processing /opt/airflow/dags/Flask_API.py took 0.703 seconds
[2025-10-07T00:28:15.943+0000] {processor.py:161} INFO - Started process (PID=158) to work on /opt/airflow/dags/Flask_API.py
[2025-10-07T00:28:15.948+0000] {processor.py:830} INFO - Processing file /opt/airflow/dags/Flask_API.py for tasks to queue
[2025-10-07T00:28:15.977+0000] {logging_mixin.py:188} INFO - [2025-10-07T00:28:15.975+0000] {dagbag.py:545} INFO - Filling up the DagBag from /opt/airflow/dags/Flask_API.py
[2025-10-07T00:28:16.066+0000] {processor.py:840} INFO - DAG(s) 'Airflow_Lab2_Flask' retrieved from /opt/airflow/dags/Flask_API.py
[2025-10-07T00:28:16.530+0000] {logging_mixin.py:188} INFO - [2025-10-07T00:28:16.527+0000] {dag.py:3096} INFO - Sync 1 DAGs
[2025-10-07T00:28:16.559+0000] {logging_mixin.py:188} INFO - [2025-10-07T00:28:16.559+0000] {dag.py:3954} INFO - Setting next_dagrun for Airflow_Lab2_Flask to None, run_after=None
[2025-10-07T00:28:16.665+0000] {processor.py:183} INFO - Processing /opt/airflow/dags/Flask_API.py took 0.738 seconds
[2025-10-07T00:28:46.879+0000] {processor.py:161} INFO - Started process (PID=176) to work on /opt/airflow/dags/Flask_API.py
[2025-10-07T00:28:46.881+0000] {processor.py:830} INFO - Processing file /opt/airflow/dags/Flask_API.py for tasks to queue
[2025-10-07T00:28:46.887+0000] {logging_mixin.py:188} INFO - [2025-10-07T00:28:46.886+0000] {dagbag.py:545} INFO - Filling up the DagBag from /opt/airflow/dags/Flask_API.py
[2025-10-07T00:28:46.944+0000] {processor.py:840} INFO - DAG(s) 'Airflow_Lab2_Flask' retrieved from /opt/airflow/dags/Flask_API.py
[2025-10-07T00:28:47.174+0000] {logging_mixin.py:188} INFO - [2025-10-07T00:28:47.174+0000] {dag.py:3096} INFO - Sync 1 DAGs
[2025-10-07T00:28:47.188+0000] {logging_mixin.py:188} INFO - [2025-10-07T00:28:47.187+0000] {dag.py:3954} INFO - Setting next_dagrun for Airflow_Lab2_Flask to None, run_after=None
[2025-10-07T00:28:47.214+0000] {processor.py:183} INFO - Processing /opt/airflow/dags/Flask_API.py took 0.341 seconds
[2025-10-07T00:29:17.495+0000] {processor.py:161} INFO - Started process (PID=194) to work on /opt/airflow/dags/Flask_API.py
[2025-10-07T00:29:17.498+0000] {processor.py:830} INFO - Processing file /opt/airflow/dags/Flask_API.py for tasks to queue
[2025-10-07T00:29:17.512+0000] {logging_mixin.py:188} INFO - [2025-10-07T00:29:17.511+0000] {dagbag.py:545} INFO - Filling up the DagBag from /opt/airflow/dags/Flask_API.py
[2025-10-07T00:29:17.625+0000] {processor.py:840} INFO - DAG(s) 'Airflow_Lab2_Flask' retrieved from /opt/airflow/dags/Flask_API.py
[2025-10-07T00:29:18.175+0000] {logging_mixin.py:188} INFO - [2025-10-07T00:29:18.174+0000] {dag.py:3096} INFO - Sync 1 DAGs
[2025-10-07T00:29:18.233+0000] {logging_mixin.py:188} INFO - [2025-10-07T00:29:18.232+0000] {dag.py:3954} INFO - Setting next_dagrun for Airflow_Lab2_Flask to None, run_after=None
[2025-10-07T00:29:18.306+0000] {processor.py:183} INFO - Processing /opt/airflow/dags/Flask_API.py took 0.818 seconds
[2025-10-07T00:29:48.630+0000] {processor.py:161} INFO - Started process (PID=211) to work on /opt/airflow/dags/Flask_API.py
[2025-10-07T00:29:48.632+0000] {processor.py:830} INFO - Processing file /opt/airflow/dags/Flask_API.py for tasks to queue
[2025-10-07T00:29:48.638+0000] {logging_mixin.py:188} INFO - [2025-10-07T00:29:48.637+0000] {dagbag.py:545} INFO - Filling up the DagBag from /opt/airflow/dags/Flask_API.py
[2025-10-07T00:29:48.691+0000] {processor.py:840} INFO - DAG(s) 'Airflow_Lab2_Flask' retrieved from /opt/airflow/dags/Flask_API.py
[2025-10-07T00:29:48.971+0000] {logging_mixin.py:188} INFO - [2025-10-07T00:29:48.968+0000] {dag.py:3096} INFO - Sync 1 DAGs
[2025-10-07T00:29:48.992+0000] {logging_mixin.py:188} INFO - [2025-10-07T00:29:48.992+0000] {dag.py:3954} INFO - Setting next_dagrun for Airflow_Lab2_Flask to None, run_after=None
[2025-10-07T00:29:49.069+0000] {processor.py:183} INFO - Processing /opt/airflow/dags/Flask_API.py took 0.448 seconds
[2025-10-07T00:30:19.395+0000] {processor.py:161} INFO - Started process (PID=229) to work on /opt/airflow/dags/Flask_API.py
[2025-10-07T00:30:19.399+0000] {processor.py:830} INFO - Processing file /opt/airflow/dags/Flask_API.py for tasks to queue
[2025-10-07T00:30:19.408+0000] {logging_mixin.py:188} INFO - [2025-10-07T00:30:19.408+0000] {dagbag.py:545} INFO - Filling up the DagBag from /opt/airflow/dags/Flask_API.py
[2025-10-07T00:30:19.435+0000] {processor.py:840} INFO - DAG(s) 'Airflow_Lab2_Flask' retrieved from /opt/airflow/dags/Flask_API.py
[2025-10-07T00:30:19.563+0000] {logging_mixin.py:188} INFO - [2025-10-07T00:30:19.562+0000] {dag.py:3096} INFO - Sync 1 DAGs
[2025-10-07T00:30:19.574+0000] {logging_mixin.py:188} INFO - [2025-10-07T00:30:19.574+0000] {dag.py:3954} INFO - Setting next_dagrun for Airflow_Lab2_Flask to None, run_after=None
[2025-10-07T00:30:19.675+0000] {processor.py:183} INFO - Processing /opt/airflow/dags/Flask_API.py took 0.292 seconds
[2025-10-07T00:30:49.854+0000] {processor.py:161} INFO - Started process (PID=263) to work on /opt/airflow/dags/Flask_API.py
[2025-10-07T00:30:49.856+0000] {processor.py:830} INFO - Processing file /opt/airflow/dags/Flask_API.py for tasks to queue
[2025-10-07T00:30:49.891+0000] {logging_mixin.py:188} INFO - [2025-10-07T00:30:49.890+0000] {dagbag.py:545} INFO - Filling up the DagBag from /opt/airflow/dags/Flask_API.py
[2025-10-07T00:30:49.916+0000] {processor.py:840} INFO - DAG(s) 'Airflow_Lab2_Flask' retrieved from /opt/airflow/dags/Flask_API.py
[2025-10-07T00:30:50.128+0000] {logging_mixin.py:188} INFO - [2025-10-07T00:30:50.127+0000] {dag.py:3096} INFO - Sync 1 DAGs
[2025-10-07T00:30:50.155+0000] {logging_mixin.py:188} INFO - [2025-10-07T00:30:50.155+0000] {dag.py:3954} INFO - Setting next_dagrun for Airflow_Lab2_Flask to None, run_after=None
[2025-10-07T00:30:50.273+0000] {processor.py:183} INFO - Processing /opt/airflow/dags/Flask_API.py took 0.425 seconds
[2025-10-07T00:31:20.686+0000] {processor.py:161} INFO - Started process (PID=281) to work on /opt/airflow/dags/Flask_API.py
[2025-10-07T00:31:20.693+0000] {processor.py:830} INFO - Processing file /opt/airflow/dags/Flask_API.py for tasks to queue
[2025-10-07T00:31:20.722+0000] {logging_mixin.py:188} INFO - [2025-10-07T00:31:20.720+0000] {dagbag.py:545} INFO - Filling up the DagBag from /opt/airflow/dags/Flask_API.py
[2025-10-07T00:31:20.771+0000] {processor.py:840} INFO - DAG(s) 'Airflow_Lab2_Flask' retrieved from /opt/airflow/dags/Flask_API.py
[2025-10-07T00:31:21.011+0000] {logging_mixin.py:188} INFO - [2025-10-07T00:31:21.010+0000] {dag.py:3096} INFO - Sync 1 DAGs
[2025-10-07T00:31:21.048+0000] {logging_mixin.py:188} INFO - [2025-10-07T00:31:21.047+0000] {dag.py:3954} INFO - Setting next_dagrun for Airflow_Lab2_Flask to None, run_after=None
[2025-10-07T00:31:21.119+0000] {processor.py:183} INFO - Processing /opt/airflow/dags/Flask_API.py took 0.453 seconds
[2025-10-07T00:31:51.258+0000] {processor.py:161} INFO - Started process (PID=299) to work on /opt/airflow/dags/Flask_API.py
[2025-10-07T00:31:51.262+0000] {processor.py:830} INFO - Processing file /opt/airflow/dags/Flask_API.py for tasks to queue
[2025-10-07T00:31:51.313+0000] {logging_mixin.py:188} INFO - [2025-10-07T00:31:51.303+0000] {dagbag.py:545} INFO - Filling up the DagBag from /opt/airflow/dags/Flask_API.py
[2025-10-07T00:31:51.366+0000] {processor.py:840} INFO - DAG(s) 'Airflow_Lab2_Flask' retrieved from /opt/airflow/dags/Flask_API.py
[2025-10-07T00:31:51.702+0000] {logging_mixin.py:188} INFO - [2025-10-07T00:31:51.701+0000] {dag.py:3096} INFO - Sync 1 DAGs
[2025-10-07T00:31:51.754+0000] {logging_mixin.py:188} INFO - [2025-10-07T00:31:51.751+0000] {dag.py:3954} INFO - Setting next_dagrun for Airflow_Lab2_Flask to None, run_after=None
[2025-10-07T00:31:51.866+0000] {processor.py:183} INFO - Processing /opt/airflow/dags/Flask_API.py took 0.621 seconds
[2025-10-07T00:32:22.156+0000] {processor.py:161} INFO - Started process (PID=317) to work on /opt/airflow/dags/Flask_API.py
[2025-10-07T00:32:22.157+0000] {processor.py:830} INFO - Processing file /opt/airflow/dags/Flask_API.py for tasks to queue
[2025-10-07T00:32:22.169+0000] {logging_mixin.py:188} INFO - [2025-10-07T00:32:22.167+0000] {dagbag.py:545} INFO - Filling up the DagBag from /opt/airflow/dags/Flask_API.py
[2025-10-07T00:32:22.192+0000] {processor.py:840} INFO - DAG(s) 'Airflow_Lab2_Flask' retrieved from /opt/airflow/dags/Flask_API.py
[2025-10-07T00:32:22.437+0000] {logging_mixin.py:188} INFO - [2025-10-07T00:32:22.436+0000] {dag.py:3096} INFO - Sync 1 DAGs
[2025-10-07T00:32:22.448+0000] {logging_mixin.py:188} INFO - [2025-10-07T00:32:22.447+0000] {dag.py:3954} INFO - Setting next_dagrun for Airflow_Lab2_Flask to None, run_after=None
[2025-10-07T00:32:22.528+0000] {processor.py:183} INFO - Processing /opt/airflow/dags/Flask_API.py took 0.380 seconds
[2025-10-07T00:32:53.455+0000] {processor.py:161} INFO - Started process (PID=335) to work on /opt/airflow/dags/Flask_API.py
[2025-10-07T00:32:53.462+0000] {processor.py:830} INFO - Processing file /opt/airflow/dags/Flask_API.py for tasks to queue
[2025-10-07T00:32:53.483+0000] {logging_mixin.py:188} INFO - [2025-10-07T00:32:53.474+0000] {dagbag.py:545} INFO - Filling up the DagBag from /opt/airflow/dags/Flask_API.py
[2025-10-07T00:32:53.552+0000] {processor.py:840} INFO - DAG(s) 'Airflow_Lab2_Flask' retrieved from /opt/airflow/dags/Flask_API.py
[2025-10-07T00:32:53.856+0000] {logging_mixin.py:188} INFO - [2025-10-07T00:32:53.856+0000] {dag.py:3096} INFO - Sync 1 DAGs
[2025-10-07T00:32:53.916+0000] {logging_mixin.py:188} INFO - [2025-10-07T00:32:53.914+0000] {dag.py:3954} INFO - Setting next_dagrun for Airflow_Lab2_Flask to None, run_after=None
[2025-10-07T00:32:54.015+0000] {processor.py:183} INFO - Processing /opt/airflow/dags/Flask_API.py took 0.572 seconds
[2025-10-07T00:33:24.333+0000] {processor.py:161} INFO - Started process (PID=353) to work on /opt/airflow/dags/Flask_API.py
[2025-10-07T00:33:24.336+0000] {processor.py:830} INFO - Processing file /opt/airflow/dags/Flask_API.py for tasks to queue
[2025-10-07T00:33:24.342+0000] {logging_mixin.py:188} INFO - [2025-10-07T00:33:24.342+0000] {dagbag.py:545} INFO - Filling up the DagBag from /opt/airflow/dags/Flask_API.py
[2025-10-07T00:33:24.416+0000] {processor.py:840} INFO - DAG(s) 'Airflow_Lab2_Flask' retrieved from /opt/airflow/dags/Flask_API.py
[2025-10-07T00:33:24.749+0000] {logging_mixin.py:188} INFO - [2025-10-07T00:33:24.747+0000] {dag.py:3096} INFO - Sync 1 DAGs
[2025-10-07T00:33:24.780+0000] {logging_mixin.py:188} INFO - [2025-10-07T00:33:24.779+0000] {dag.py:3954} INFO - Setting next_dagrun for Airflow_Lab2_Flask to None, run_after=None
[2025-10-07T00:33:24.826+0000] {processor.py:183} INFO - Processing /opt/airflow/dags/Flask_API.py took 0.509 seconds
[2025-10-07T00:33:55.053+0000] {processor.py:161} INFO - Started process (PID=371) to work on /opt/airflow/dags/Flask_API.py
[2025-10-07T00:33:55.057+0000] {processor.py:830} INFO - Processing file /opt/airflow/dags/Flask_API.py for tasks to queue
[2025-10-07T00:33:55.072+0000] {logging_mixin.py:188} INFO - [2025-10-07T00:33:55.069+0000] {dagbag.py:545} INFO - Filling up the DagBag from /opt/airflow/dags/Flask_API.py
[2025-10-07T00:33:55.115+0000] {processor.py:840} INFO - DAG(s) 'Airflow_Lab2_Flask' retrieved from /opt/airflow/dags/Flask_API.py
[2025-10-07T00:33:55.370+0000] {logging_mixin.py:188} INFO - [2025-10-07T00:33:55.369+0000] {dag.py:3096} INFO - Sync 1 DAGs
[2025-10-07T00:33:55.416+0000] {logging_mixin.py:188} INFO - [2025-10-07T00:33:55.416+0000] {dag.py:3954} INFO - Setting next_dagrun for Airflow_Lab2_Flask to None, run_after=None
[2025-10-07T00:33:55.505+0000] {processor.py:183} INFO - Processing /opt/airflow/dags/Flask_API.py took 0.464 seconds
[2025-10-07T00:34:25.686+0000] {processor.py:161} INFO - Started process (PID=389) to work on /opt/airflow/dags/Flask_API.py
[2025-10-07T00:34:25.687+0000] {processor.py:830} INFO - Processing file /opt/airflow/dags/Flask_API.py for tasks to queue
[2025-10-07T00:34:25.703+0000] {logging_mixin.py:188} INFO - [2025-10-07T00:34:25.701+0000] {dagbag.py:545} INFO - Filling up the DagBag from /opt/airflow/dags/Flask_API.py
[2025-10-07T00:34:25.773+0000] {processor.py:840} INFO - DAG(s) 'Airflow_Lab2_Flask' retrieved from /opt/airflow/dags/Flask_API.py
[2025-10-07T00:34:26.022+0000] {logging_mixin.py:188} INFO - [2025-10-07T00:34:26.021+0000] {dag.py:3096} INFO - Sync 1 DAGs
[2025-10-07T00:34:26.049+0000] {logging_mixin.py:188} INFO - [2025-10-07T00:34:26.049+0000] {dag.py:3954} INFO - Setting next_dagrun for Airflow_Lab2_Flask to None, run_after=None
[2025-10-07T00:34:26.135+0000] {processor.py:183} INFO - Processing /opt/airflow/dags/Flask_API.py took 0.461 seconds
[2025-10-07T00:34:56.874+0000] {processor.py:161} INFO - Started process (PID=407) to work on /opt/airflow/dags/Flask_API.py
[2025-10-07T00:34:56.876+0000] {processor.py:830} INFO - Processing file /opt/airflow/dags/Flask_API.py for tasks to queue
[2025-10-07T00:34:56.887+0000] {logging_mixin.py:188} INFO - [2025-10-07T00:34:56.883+0000] {dagbag.py:545} INFO - Filling up the DagBag from /opt/airflow/dags/Flask_API.py
[2025-10-07T00:34:56.911+0000] {processor.py:840} INFO - DAG(s) 'Airflow_Lab2_Flask' retrieved from /opt/airflow/dags/Flask_API.py
[2025-10-07T00:34:57.088+0000] {logging_mixin.py:188} INFO - [2025-10-07T00:34:57.088+0000] {dag.py:3096} INFO - Sync 1 DAGs
[2025-10-07T00:34:57.105+0000] {logging_mixin.py:188} INFO - [2025-10-07T00:34:57.104+0000] {dag.py:3954} INFO - Setting next_dagrun for Airflow_Lab2_Flask to None, run_after=None
[2025-10-07T00:34:57.175+0000] {processor.py:183} INFO - Processing /opt/airflow/dags/Flask_API.py took 0.317 seconds
[2025-10-07T00:35:27.543+0000] {processor.py:161} INFO - Started process (PID=425) to work on /opt/airflow/dags/Flask_API.py
[2025-10-07T00:35:27.545+0000] {processor.py:830} INFO - Processing file /opt/airflow/dags/Flask_API.py for tasks to queue
[2025-10-07T00:35:27.571+0000] {logging_mixin.py:188} INFO - [2025-10-07T00:35:27.567+0000] {dagbag.py:545} INFO - Filling up the DagBag from /opt/airflow/dags/Flask_API.py
[2025-10-07T00:35:27.622+0000] {processor.py:840} INFO - DAG(s) 'Airflow_Lab2_Flask' retrieved from /opt/airflow/dags/Flask_API.py
[2025-10-07T00:35:27.895+0000] {logging_mixin.py:188} INFO - [2025-10-07T00:35:27.895+0000] {dag.py:3096} INFO - Sync 1 DAGs
[2025-10-07T00:35:27.913+0000] {logging_mixin.py:188} INFO - [2025-10-07T00:35:27.913+0000] {dag.py:3954} INFO - Setting next_dagrun for Airflow_Lab2_Flask to None, run_after=None
[2025-10-07T00:35:27.960+0000] {processor.py:183} INFO - Processing /opt/airflow/dags/Flask_API.py took 0.428 seconds
[2025-10-07T00:35:58.042+0000] {processor.py:161} INFO - Started process (PID=443) to work on /opt/airflow/dags/Flask_API.py
[2025-10-07T00:35:58.053+0000] {processor.py:830} INFO - Processing file /opt/airflow/dags/Flask_API.py for tasks to queue
[2025-10-07T00:35:58.066+0000] {logging_mixin.py:188} INFO - [2025-10-07T00:35:58.065+0000] {dagbag.py:545} INFO - Filling up the DagBag from /opt/airflow/dags/Flask_API.py
[2025-10-07T00:35:58.157+0000] {processor.py:840} INFO - DAG(s) 'Airflow_Lab2_Flask' retrieved from /opt/airflow/dags/Flask_API.py
[2025-10-07T00:35:58.651+0000] {logging_mixin.py:188} INFO - [2025-10-07T00:35:58.650+0000] {dag.py:3096} INFO - Sync 1 DAGs
[2025-10-07T00:35:58.752+0000] {logging_mixin.py:188} INFO - [2025-10-07T00:35:58.748+0000] {dag.py:3954} INFO - Setting next_dagrun for Airflow_Lab2_Flask to None, run_after=None
[2025-10-07T00:35:58.901+0000] {processor.py:183} INFO - Processing /opt/airflow/dags/Flask_API.py took 0.883 seconds
[2025-10-07T00:36:29.359+0000] {processor.py:161} INFO - Started process (PID=461) to work on /opt/airflow/dags/Flask_API.py
[2025-10-07T00:36:29.363+0000] {processor.py:830} INFO - Processing file /opt/airflow/dags/Flask_API.py for tasks to queue
[2025-10-07T00:36:29.382+0000] {logging_mixin.py:188} INFO - [2025-10-07T00:36:29.378+0000] {dagbag.py:545} INFO - Filling up the DagBag from /opt/airflow/dags/Flask_API.py
[2025-10-07T00:36:29.438+0000] {processor.py:840} INFO - DAG(s) 'Airflow_Lab2_Flask' retrieved from /opt/airflow/dags/Flask_API.py
[2025-10-07T00:36:29.792+0000] {logging_mixin.py:188} INFO - [2025-10-07T00:36:29.792+0000] {dag.py:3096} INFO - Sync 1 DAGs
[2025-10-07T00:36:29.840+0000] {logging_mixin.py:188} INFO - [2025-10-07T00:36:29.840+0000] {dag.py:3954} INFO - Setting next_dagrun for Airflow_Lab2_Flask to None, run_after=None
[2025-10-07T00:36:29.906+0000] {processor.py:183} INFO - Processing /opt/airflow/dags/Flask_API.py took 0.563 seconds
[2025-10-07T00:40:33.438+0000] {processor.py:161} INFO - Started process (PID=97) to work on /opt/airflow/dags/Flask_API.py
[2025-10-07T00:40:33.443+0000] {processor.py:830} INFO - Processing file /opt/airflow/dags/Flask_API.py for tasks to queue
[2025-10-07T00:40:33.449+0000] {logging_mixin.py:188} INFO - [2025-10-07T00:40:33.447+0000] {dagbag.py:545} INFO - Filling up the DagBag from /opt/airflow/dags/Flask_API.py
[2025-10-07T00:40:33.524+0000] {processor.py:840} INFO - DAG(s) 'Airflow_Lab2_Flask' retrieved from /opt/airflow/dags/Flask_API.py
[2025-10-07T00:40:34.373+0000] {logging_mixin.py:188} INFO - [2025-10-07T00:40:34.373+0000] {dag.py:3096} INFO - Sync 1 DAGs
[2025-10-07T00:40:34.420+0000] {logging_mixin.py:188} INFO - [2025-10-07T00:40:34.420+0000] {dag.py:3954} INFO - Setting next_dagrun for Airflow_Lab2_Flask to None, run_after=None
[2025-10-07T00:40:34.514+0000] {processor.py:183} INFO - Processing /opt/airflow/dags/Flask_API.py took 1.082 seconds
[2025-10-07T00:41:04.821+0000] {processor.py:161} INFO - Started process (PID=114) to work on /opt/airflow/dags/Flask_API.py
[2025-10-07T00:41:04.824+0000] {processor.py:830} INFO - Processing file /opt/airflow/dags/Flask_API.py for tasks to queue
[2025-10-07T00:41:04.850+0000] {logging_mixin.py:188} INFO - [2025-10-07T00:41:04.849+0000] {dagbag.py:545} INFO - Filling up the DagBag from /opt/airflow/dags/Flask_API.py
[2025-10-07T00:41:04.922+0000] {processor.py:840} INFO - DAG(s) 'Airflow_Lab2_Flask' retrieved from /opt/airflow/dags/Flask_API.py
[2025-10-07T00:41:05.350+0000] {logging_mixin.py:188} INFO - [2025-10-07T00:41:05.349+0000] {dag.py:3096} INFO - Sync 1 DAGs
[2025-10-07T00:41:05.385+0000] {logging_mixin.py:188} INFO - [2025-10-07T00:41:05.385+0000] {dag.py:3954} INFO - Setting next_dagrun for Airflow_Lab2_Flask to None, run_after=None
[2025-10-07T00:41:05.508+0000] {processor.py:183} INFO - Processing /opt/airflow/dags/Flask_API.py took 0.696 seconds
[2025-10-07T00:41:36.066+0000] {processor.py:161} INFO - Started process (PID=132) to work on /opt/airflow/dags/Flask_API.py
[2025-10-07T00:41:36.068+0000] {processor.py:830} INFO - Processing file /opt/airflow/dags/Flask_API.py for tasks to queue
[2025-10-07T00:41:36.088+0000] {logging_mixin.py:188} INFO - [2025-10-07T00:41:36.087+0000] {dagbag.py:545} INFO - Filling up the DagBag from /opt/airflow/dags/Flask_API.py
[2025-10-07T00:41:36.128+0000] {processor.py:840} INFO - DAG(s) 'Airflow_Lab2_Flask' retrieved from /opt/airflow/dags/Flask_API.py
[2025-10-07T00:41:36.394+0000] {logging_mixin.py:188} INFO - [2025-10-07T00:41:36.393+0000] {dag.py:3096} INFO - Sync 1 DAGs
[2025-10-07T00:41:36.422+0000] {logging_mixin.py:188} INFO - [2025-10-07T00:41:36.421+0000] {dag.py:3954} INFO - Setting next_dagrun for Airflow_Lab2_Flask to None, run_after=None
[2025-10-07T00:41:36.457+0000] {processor.py:183} INFO - Processing /opt/airflow/dags/Flask_API.py took 0.397 seconds
[2025-10-07T00:42:06.759+0000] {processor.py:161} INFO - Started process (PID=151) to work on /opt/airflow/dags/Flask_API.py
[2025-10-07T00:42:06.762+0000] {processor.py:830} INFO - Processing file /opt/airflow/dags/Flask_API.py for tasks to queue
[2025-10-07T00:42:06.781+0000] {logging_mixin.py:188} INFO - [2025-10-07T00:42:06.780+0000] {dagbag.py:545} INFO - Filling up the DagBag from /opt/airflow/dags/Flask_API.py
[2025-10-07T00:42:06.885+0000] {processor.py:840} INFO - DAG(s) 'Airflow_Lab2_Flask' retrieved from /opt/airflow/dags/Flask_API.py
[2025-10-07T00:42:07.222+0000] {logging_mixin.py:188} INFO - [2025-10-07T00:42:07.222+0000] {dag.py:3096} INFO - Sync 1 DAGs
[2025-10-07T00:42:07.261+0000] {logging_mixin.py:188} INFO - [2025-10-07T00:42:07.258+0000] {dag.py:3954} INFO - Setting next_dagrun for Airflow_Lab2_Flask to None, run_after=None
[2025-10-07T00:42:07.378+0000] {processor.py:183} INFO - Processing /opt/airflow/dags/Flask_API.py took 0.624 seconds
[2025-10-07T00:42:37.659+0000] {processor.py:161} INFO - Started process (PID=169) to work on /opt/airflow/dags/Flask_API.py
[2025-10-07T00:42:37.661+0000] {processor.py:830} INFO - Processing file /opt/airflow/dags/Flask_API.py for tasks to queue
[2025-10-07T00:42:37.672+0000] {logging_mixin.py:188} INFO - [2025-10-07T00:42:37.671+0000] {dagbag.py:545} INFO - Filling up the DagBag from /opt/airflow/dags/Flask_API.py
[2025-10-07T00:42:37.743+0000] {processor.py:840} INFO - DAG(s) 'Airflow_Lab2_Flask' retrieved from /opt/airflow/dags/Flask_API.py
[2025-10-07T00:42:38.004+0000] {logging_mixin.py:188} INFO - [2025-10-07T00:42:38.003+0000] {dag.py:3096} INFO - Sync 1 DAGs
[2025-10-07T00:42:38.117+0000] {logging_mixin.py:188} INFO - [2025-10-07T00:42:38.116+0000] {dag.py:3954} INFO - Setting next_dagrun for Airflow_Lab2_Flask to None, run_after=None
[2025-10-07T00:42:38.227+0000] {processor.py:183} INFO - Processing /opt/airflow/dags/Flask_API.py took 0.574 seconds
[2025-10-07T00:43:08.587+0000] {processor.py:161} INFO - Started process (PID=187) to work on /opt/airflow/dags/Flask_API.py
[2025-10-07T00:43:08.590+0000] {processor.py:830} INFO - Processing file /opt/airflow/dags/Flask_API.py for tasks to queue
[2025-10-07T00:43:08.617+0000] {logging_mixin.py:188} INFO - [2025-10-07T00:43:08.615+0000] {dagbag.py:545} INFO - Filling up the DagBag from /opt/airflow/dags/Flask_API.py
[2025-10-07T00:43:08.650+0000] {processor.py:840} INFO - DAG(s) 'Airflow_Lab2_Flask' retrieved from /opt/airflow/dags/Flask_API.py
[2025-10-07T00:43:08.960+0000] {logging_mixin.py:188} INFO - [2025-10-07T00:43:08.960+0000] {dag.py:3096} INFO - Sync 1 DAGs
[2025-10-07T00:43:09.006+0000] {logging_mixin.py:188} INFO - [2025-10-07T00:43:09.005+0000] {dag.py:3954} INFO - Setting next_dagrun for Airflow_Lab2_Flask to None, run_after=None
[2025-10-07T00:43:09.077+0000] {processor.py:183} INFO - Processing /opt/airflow/dags/Flask_API.py took 0.500 seconds
[2025-10-07T00:43:40.088+0000] {processor.py:161} INFO - Started process (PID=205) to work on /opt/airflow/dags/Flask_API.py
[2025-10-07T00:43:40.092+0000] {processor.py:830} INFO - Processing file /opt/airflow/dags/Flask_API.py for tasks to queue
[2025-10-07T00:43:40.115+0000] {logging_mixin.py:188} INFO - [2025-10-07T00:43:40.110+0000] {dagbag.py:545} INFO - Filling up the DagBag from /opt/airflow/dags/Flask_API.py
[2025-10-07T00:43:40.167+0000] {processor.py:840} INFO - DAG(s) 'Airflow_Lab2_Flask' retrieved from /opt/airflow/dags/Flask_API.py
[2025-10-07T00:43:40.471+0000] {logging_mixin.py:188} INFO - [2025-10-07T00:43:40.470+0000] {dag.py:3096} INFO - Sync 1 DAGs
[2025-10-07T00:43:40.491+0000] {logging_mixin.py:188} INFO - [2025-10-07T00:43:40.489+0000] {dag.py:3954} INFO - Setting next_dagrun for Airflow_Lab2_Flask to None, run_after=None
[2025-10-07T00:43:40.577+0000] {processor.py:183} INFO - Processing /opt/airflow/dags/Flask_API.py took 0.498 seconds
[2025-10-07T00:44:11.558+0000] {processor.py:161} INFO - Started process (PID=223) to work on /opt/airflow/dags/Flask_API.py
[2025-10-07T00:44:11.562+0000] {processor.py:830} INFO - Processing file /opt/airflow/dags/Flask_API.py for tasks to queue
[2025-10-07T00:44:11.575+0000] {logging_mixin.py:188} INFO - [2025-10-07T00:44:11.571+0000] {dagbag.py:545} INFO - Filling up the DagBag from /opt/airflow/dags/Flask_API.py
[2025-10-07T00:44:11.620+0000] {processor.py:840} INFO - DAG(s) 'Airflow_Lab2_Flask' retrieved from /opt/airflow/dags/Flask_API.py
[2025-10-07T00:44:12.208+0000] {logging_mixin.py:188} INFO - [2025-10-07T00:44:12.207+0000] {dag.py:3096} INFO - Sync 1 DAGs
[2025-10-07T00:44:12.259+0000] {logging_mixin.py:188} INFO - [2025-10-07T00:44:12.259+0000] {dag.py:3954} INFO - Setting next_dagrun for Airflow_Lab2_Flask to None, run_after=None
[2025-10-07T00:44:12.344+0000] {processor.py:183} INFO - Processing /opt/airflow/dags/Flask_API.py took 0.803 seconds
[2025-10-07T00:44:42.893+0000] {processor.py:161} INFO - Started process (PID=246) to work on /opt/airflow/dags/Flask_API.py
[2025-10-07T00:44:42.896+0000] {processor.py:830} INFO - Processing file /opt/airflow/dags/Flask_API.py for tasks to queue
[2025-10-07T00:44:42.915+0000] {logging_mixin.py:188} INFO - [2025-10-07T00:44:42.911+0000] {dagbag.py:545} INFO - Filling up the DagBag from /opt/airflow/dags/Flask_API.py
[2025-10-07T00:44:42.994+0000] {processor.py:840} INFO - DAG(s) 'Airflow_Lab2_Flask' retrieved from /opt/airflow/dags/Flask_API.py
[2025-10-07T00:44:43.183+0000] {logging_mixin.py:188} INFO - [2025-10-07T00:44:43.183+0000] {dag.py:3096} INFO - Sync 1 DAGs
[2025-10-07T00:44:43.214+0000] {logging_mixin.py:188} INFO - [2025-10-07T00:44:43.212+0000] {dag.py:3954} INFO - Setting next_dagrun for Airflow_Lab2_Flask to None, run_after=None
[2025-10-07T00:44:43.323+0000] {processor.py:183} INFO - Processing /opt/airflow/dags/Flask_API.py took 0.449 seconds
[2025-10-07T00:45:13.670+0000] {processor.py:161} INFO - Started process (PID=264) to work on /opt/airflow/dags/Flask_API.py
[2025-10-07T00:45:13.671+0000] {processor.py:830} INFO - Processing file /opt/airflow/dags/Flask_API.py for tasks to queue
[2025-10-07T00:45:13.677+0000] {logging_mixin.py:188} INFO - [2025-10-07T00:45:13.675+0000] {dagbag.py:545} INFO - Filling up the DagBag from /opt/airflow/dags/Flask_API.py
[2025-10-07T00:45:13.709+0000] {processor.py:840} INFO - DAG(s) 'Airflow_Lab2_Flask' retrieved from /opt/airflow/dags/Flask_API.py
[2025-10-07T00:45:13.963+0000] {logging_mixin.py:188} INFO - [2025-10-07T00:45:13.962+0000] {dag.py:3096} INFO - Sync 1 DAGs
[2025-10-07T00:45:14.002+0000] {logging_mixin.py:188} INFO - [2025-10-07T00:45:13.999+0000] {dag.py:3954} INFO - Setting next_dagrun for Airflow_Lab2_Flask to None, run_after=None
[2025-10-07T00:45:14.091+0000] {processor.py:183} INFO - Processing /opt/airflow/dags/Flask_API.py took 0.428 seconds
[2025-10-07T00:45:44.516+0000] {processor.py:161} INFO - Started process (PID=282) to work on /opt/airflow/dags/Flask_API.py
[2025-10-07T00:45:44.527+0000] {processor.py:830} INFO - Processing file /opt/airflow/dags/Flask_API.py for tasks to queue
[2025-10-07T00:45:44.533+0000] {logging_mixin.py:188} INFO - [2025-10-07T00:45:44.533+0000] {dagbag.py:545} INFO - Filling up the DagBag from /opt/airflow/dags/Flask_API.py
[2025-10-07T00:45:44.585+0000] {processor.py:840} INFO - DAG(s) 'Airflow_Lab2_Flask' retrieved from /opt/airflow/dags/Flask_API.py
[2025-10-07T00:45:44.780+0000] {logging_mixin.py:188} INFO - [2025-10-07T00:45:44.780+0000] {dag.py:3096} INFO - Sync 1 DAGs
[2025-10-07T00:45:44.795+0000] {logging_mixin.py:188} INFO - [2025-10-07T00:45:44.795+0000] {dag.py:3954} INFO - Setting next_dagrun for Airflow_Lab2_Flask to None, run_after=None
[2025-10-07T00:45:44.847+0000] {processor.py:183} INFO - Processing /opt/airflow/dags/Flask_API.py took 0.342 seconds
[2025-10-07T00:46:15.270+0000] {processor.py:161} INFO - Started process (PID=299) to work on /opt/airflow/dags/Flask_API.py
[2025-10-07T00:46:15.280+0000] {processor.py:830} INFO - Processing file /opt/airflow/dags/Flask_API.py for tasks to queue
[2025-10-07T00:46:15.302+0000] {logging_mixin.py:188} INFO - [2025-10-07T00:46:15.301+0000] {dagbag.py:545} INFO - Filling up the DagBag from /opt/airflow/dags/Flask_API.py
[2025-10-07T00:46:15.365+0000] {processor.py:840} INFO - DAG(s) 'Airflow_Lab2_Flask' retrieved from /opt/airflow/dags/Flask_API.py
[2025-10-07T00:46:15.633+0000] {logging_mixin.py:188} INFO - [2025-10-07T00:46:15.632+0000] {dag.py:3096} INFO - Sync 1 DAGs
[2025-10-07T00:46:15.673+0000] {logging_mixin.py:188} INFO - [2025-10-07T00:46:15.672+0000] {dag.py:3954} INFO - Setting next_dagrun for Airflow_Lab2_Flask to None, run_after=None
[2025-10-07T00:46:15.751+0000] {processor.py:183} INFO - Processing /opt/airflow/dags/Flask_API.py took 0.489 seconds
[2025-10-07T00:46:45.974+0000] {processor.py:161} INFO - Started process (PID=318) to work on /opt/airflow/dags/Flask_API.py
[2025-10-07T00:46:45.976+0000] {processor.py:830} INFO - Processing file /opt/airflow/dags/Flask_API.py for tasks to queue
[2025-10-07T00:46:45.999+0000] {logging_mixin.py:188} INFO - [2025-10-07T00:46:45.996+0000] {dagbag.py:545} INFO - Filling up the DagBag from /opt/airflow/dags/Flask_API.py
[2025-10-07T00:46:46.069+0000] {processor.py:840} INFO - DAG(s) 'Airflow_Lab2_Flask' retrieved from /opt/airflow/dags/Flask_API.py
[2025-10-07T00:46:46.277+0000] {logging_mixin.py:188} INFO - [2025-10-07T00:46:46.276+0000] {dag.py:3096} INFO - Sync 1 DAGs
[2025-10-07T00:46:46.311+0000] {logging_mixin.py:188} INFO - [2025-10-07T00:46:46.309+0000] {dag.py:3954} INFO - Setting next_dagrun for Airflow_Lab2_Flask to None, run_after=None
[2025-10-07T00:46:46.368+0000] {processor.py:183} INFO - Processing /opt/airflow/dags/Flask_API.py took 0.405 seconds
[2025-10-07T00:47:16.633+0000] {processor.py:161} INFO - Started process (PID=336) to work on /opt/airflow/dags/Flask_API.py
[2025-10-07T00:47:16.638+0000] {processor.py:830} INFO - Processing file /opt/airflow/dags/Flask_API.py for tasks to queue
[2025-10-07T00:47:16.652+0000] {logging_mixin.py:188} INFO - [2025-10-07T00:47:16.644+0000] {dagbag.py:545} INFO - Filling up the DagBag from /opt/airflow/dags/Flask_API.py
[2025-10-07T00:47:16.684+0000] {processor.py:840} INFO - DAG(s) 'Airflow_Lab2_Flask' retrieved from /opt/airflow/dags/Flask_API.py
[2025-10-07T00:47:17.061+0000] {logging_mixin.py:188} INFO - [2025-10-07T00:47:17.058+0000] {dag.py:3096} INFO - Sync 1 DAGs
[2025-10-07T00:47:17.085+0000] {logging_mixin.py:188} INFO - [2025-10-07T00:47:17.084+0000] {dag.py:3954} INFO - Setting next_dagrun for Airflow_Lab2_Flask to None, run_after=None
[2025-10-07T00:47:17.146+0000] {processor.py:183} INFO - Processing /opt/airflow/dags/Flask_API.py took 0.519 seconds
[2025-10-07T00:47:47.598+0000] {processor.py:161} INFO - Started process (PID=354) to work on /opt/airflow/dags/Flask_API.py
[2025-10-07T00:47:47.603+0000] {processor.py:830} INFO - Processing file /opt/airflow/dags/Flask_API.py for tasks to queue
[2025-10-07T00:47:47.628+0000] {logging_mixin.py:188} INFO - [2025-10-07T00:47:47.622+0000] {dagbag.py:545} INFO - Filling up the DagBag from /opt/airflow/dags/Flask_API.py
[2025-10-07T00:47:47.669+0000] {processor.py:840} INFO - DAG(s) 'Airflow_Lab2_Flask' retrieved from /opt/airflow/dags/Flask_API.py
[2025-10-07T00:47:47.994+0000] {logging_mixin.py:188} INFO - [2025-10-07T00:47:47.993+0000] {dag.py:3096} INFO - Sync 1 DAGs
[2025-10-07T00:47:48.025+0000] {logging_mixin.py:188} INFO - [2025-10-07T00:47:48.022+0000] {dag.py:3954} INFO - Setting next_dagrun for Airflow_Lab2_Flask to None, run_after=None
[2025-10-07T00:47:48.145+0000] {processor.py:183} INFO - Processing /opt/airflow/dags/Flask_API.py took 0.557 seconds
[2025-10-07T00:48:18.557+0000] {processor.py:161} INFO - Started process (PID=372) to work on /opt/airflow/dags/Flask_API.py
[2025-10-07T00:48:18.561+0000] {processor.py:830} INFO - Processing file /opt/airflow/dags/Flask_API.py for tasks to queue
[2025-10-07T00:48:18.585+0000] {logging_mixin.py:188} INFO - [2025-10-07T00:48:18.580+0000] {dagbag.py:545} INFO - Filling up the DagBag from /opt/airflow/dags/Flask_API.py
[2025-10-07T00:48:18.636+0000] {processor.py:840} INFO - DAG(s) 'Airflow_Lab2_Flask' retrieved from /opt/airflow/dags/Flask_API.py
[2025-10-07T00:48:18.900+0000] {logging_mixin.py:188} INFO - [2025-10-07T00:48:18.900+0000] {dag.py:3096} INFO - Sync 1 DAGs
[2025-10-07T00:48:18.930+0000] {logging_mixin.py:188} INFO - [2025-10-07T00:48:18.929+0000] {dag.py:3954} INFO - Setting next_dagrun for Airflow_Lab2_Flask to None, run_after=None
[2025-10-07T00:48:18.991+0000] {processor.py:183} INFO - Processing /opt/airflow/dags/Flask_API.py took 0.442 seconds
[2025-10-07T00:48:49.288+0000] {processor.py:161} INFO - Started process (PID=390) to work on /opt/airflow/dags/Flask_API.py
[2025-10-07T00:48:49.294+0000] {processor.py:830} INFO - Processing file /opt/airflow/dags/Flask_API.py for tasks to queue
[2025-10-07T00:48:49.312+0000] {logging_mixin.py:188} INFO - [2025-10-07T00:48:49.311+0000] {dagbag.py:545} INFO - Filling up the DagBag from /opt/airflow/dags/Flask_API.py
[2025-10-07T00:48:49.425+0000] {processor.py:840} INFO - DAG(s) 'Airflow_Lab2_Flask' retrieved from /opt/airflow/dags/Flask_API.py
[2025-10-07T00:48:49.858+0000] {logging_mixin.py:188} INFO - [2025-10-07T00:48:49.846+0000] {dag.py:3096} INFO - Sync 1 DAGs
[2025-10-07T00:48:49.883+0000] {logging_mixin.py:188} INFO - [2025-10-07T00:48:49.882+0000] {dag.py:3954} INFO - Setting next_dagrun for Airflow_Lab2_Flask to None, run_after=None
[2025-10-07T00:48:49.991+0000] {processor.py:183} INFO - Processing /opt/airflow/dags/Flask_API.py took 0.710 seconds
[2025-10-07T00:49:20.176+0000] {processor.py:161} INFO - Started process (PID=408) to work on /opt/airflow/dags/Flask_API.py
[2025-10-07T00:49:20.178+0000] {processor.py:830} INFO - Processing file /opt/airflow/dags/Flask_API.py for tasks to queue
[2025-10-07T00:49:20.185+0000] {logging_mixin.py:188} INFO - [2025-10-07T00:49:20.184+0000] {dagbag.py:545} INFO - Filling up the DagBag from /opt/airflow/dags/Flask_API.py
[2025-10-07T00:49:20.282+0000] {processor.py:840} INFO - DAG(s) 'Airflow_Lab2_Flask' retrieved from /opt/airflow/dags/Flask_API.py
[2025-10-07T00:49:20.553+0000] {logging_mixin.py:188} INFO - [2025-10-07T00:49:20.551+0000] {dag.py:3096} INFO - Sync 1 DAGs
[2025-10-07T00:49:20.630+0000] {logging_mixin.py:188} INFO - [2025-10-07T00:49:20.630+0000] {dag.py:3954} INFO - Setting next_dagrun for Airflow_Lab2_Flask to None, run_after=None
[2025-10-07T00:49:20.709+0000] {processor.py:183} INFO - Processing /opt/airflow/dags/Flask_API.py took 0.538 seconds
[2025-10-07T00:49:51.118+0000] {processor.py:161} INFO - Started process (PID=426) to work on /opt/airflow/dags/Flask_API.py
[2025-10-07T00:49:51.127+0000] {processor.py:830} INFO - Processing file /opt/airflow/dags/Flask_API.py for tasks to queue
[2025-10-07T00:49:51.170+0000] {logging_mixin.py:188} INFO - [2025-10-07T00:49:51.160+0000] {dagbag.py:545} INFO - Filling up the DagBag from /opt/airflow/dags/Flask_API.py
[2025-10-07T00:49:51.264+0000] {processor.py:840} INFO - DAG(s) 'Airflow_Lab2_Flask' retrieved from /opt/airflow/dags/Flask_API.py
[2025-10-07T00:49:51.605+0000] {logging_mixin.py:188} INFO - [2025-10-07T00:49:51.605+0000] {dag.py:3096} INFO - Sync 1 DAGs
[2025-10-07T00:49:51.645+0000] {logging_mixin.py:188} INFO - [2025-10-07T00:49:51.643+0000] {dag.py:3954} INFO - Setting next_dagrun for Airflow_Lab2_Flask to None, run_after=None
[2025-10-07T00:49:51.736+0000] {processor.py:183} INFO - Processing /opt/airflow/dags/Flask_API.py took 0.639 seconds
[2025-10-07T00:50:22.052+0000] {processor.py:161} INFO - Started process (PID=444) to work on /opt/airflow/dags/Flask_API.py
[2025-10-07T00:50:22.056+0000] {processor.py:830} INFO - Processing file /opt/airflow/dags/Flask_API.py for tasks to queue
[2025-10-07T00:50:22.065+0000] {logging_mixin.py:188} INFO - [2025-10-07T00:50:22.063+0000] {dagbag.py:545} INFO - Filling up the DagBag from /opt/airflow/dags/Flask_API.py
[2025-10-07T00:50:22.142+0000] {processor.py:840} INFO - DAG(s) 'Airflow_Lab2_Flask' retrieved from /opt/airflow/dags/Flask_API.py
[2025-10-07T00:50:22.402+0000] {logging_mixin.py:188} INFO - [2025-10-07T00:50:22.401+0000] {dag.py:3096} INFO - Sync 1 DAGs
[2025-10-07T00:50:22.431+0000] {logging_mixin.py:188} INFO - [2025-10-07T00:50:22.431+0000] {dag.py:3954} INFO - Setting next_dagrun for Airflow_Lab2_Flask to None, run_after=None
[2025-10-07T00:50:22.528+0000] {processor.py:183} INFO - Processing /opt/airflow/dags/Flask_API.py took 0.487 seconds
[2025-10-07T00:50:52.626+0000] {processor.py:161} INFO - Started process (PID=462) to work on /opt/airflow/dags/Flask_API.py
[2025-10-07T00:50:52.632+0000] {processor.py:830} INFO - Processing file /opt/airflow/dags/Flask_API.py for tasks to queue
[2025-10-07T00:50:52.640+0000] {logging_mixin.py:188} INFO - [2025-10-07T00:50:52.639+0000] {dagbag.py:545} INFO - Filling up the DagBag from /opt/airflow/dags/Flask_API.py
[2025-10-07T00:50:52.699+0000] {processor.py:840} INFO - DAG(s) 'Airflow_Lab2_Flask' retrieved from /opt/airflow/dags/Flask_API.py
[2025-10-07T00:50:52.897+0000] {logging_mixin.py:188} INFO - [2025-10-07T00:50:52.896+0000] {dag.py:3096} INFO - Sync 1 DAGs
[2025-10-07T00:50:52.936+0000] {logging_mixin.py:188} INFO - [2025-10-07T00:50:52.935+0000] {dag.py:3954} INFO - Setting next_dagrun for Airflow_Lab2_Flask to None, run_after=None
[2025-10-07T00:50:53.010+0000] {processor.py:183} INFO - Processing /opt/airflow/dags/Flask_API.py took 0.398 seconds
[2025-10-07T00:51:23.561+0000] {processor.py:161} INFO - Started process (PID=471) to work on /opt/airflow/dags/Flask_API.py
[2025-10-07T00:51:23.563+0000] {processor.py:830} INFO - Processing file /opt/airflow/dags/Flask_API.py for tasks to queue
[2025-10-07T00:51:23.599+0000] {logging_mixin.py:188} INFO - [2025-10-07T00:51:23.594+0000] {dagbag.py:545} INFO - Filling up the DagBag from /opt/airflow/dags/Flask_API.py
[2025-10-07T00:51:23.671+0000] {processor.py:840} INFO - DAG(s) 'Airflow_Lab2_Flask' retrieved from /opt/airflow/dags/Flask_API.py
[2025-10-07T00:51:24.011+0000] {logging_mixin.py:188} INFO - [2025-10-07T00:51:24.011+0000] {dag.py:3096} INFO - Sync 1 DAGs
[2025-10-07T00:51:24.047+0000] {logging_mixin.py:188} INFO - [2025-10-07T00:51:24.046+0000] {dag.py:3954} INFO - Setting next_dagrun for Airflow_Lab2_Flask to None, run_after=None
[2025-10-07T00:51:24.083+0000] {processor.py:183} INFO - Processing /opt/airflow/dags/Flask_API.py took 0.528 seconds
[2025-10-07T00:51:54.490+0000] {processor.py:161} INFO - Started process (PID=486) to work on /opt/airflow/dags/Flask_API.py
[2025-10-07T00:51:54.495+0000] {processor.py:830} INFO - Processing file /opt/airflow/dags/Flask_API.py for tasks to queue
[2025-10-07T00:51:54.528+0000] {logging_mixin.py:188} INFO - [2025-10-07T00:51:54.520+0000] {dagbag.py:545} INFO - Filling up the DagBag from /opt/airflow/dags/Flask_API.py
[2025-10-07T00:51:54.595+0000] {processor.py:840} INFO - DAG(s) 'Airflow_Lab2_Flask' retrieved from /opt/airflow/dags/Flask_API.py
[2025-10-07T00:51:54.828+0000] {logging_mixin.py:188} INFO - [2025-10-07T00:51:54.828+0000] {dag.py:3096} INFO - Sync 1 DAGs
[2025-10-07T00:51:54.843+0000] {logging_mixin.py:188} INFO - [2025-10-07T00:51:54.843+0000] {dag.py:3954} INFO - Setting next_dagrun for Airflow_Lab2_Flask to None, run_after=None
[2025-10-07T00:51:54.904+0000] {processor.py:183} INFO - Processing /opt/airflow/dags/Flask_API.py took 0.423 seconds
[2025-10-07T00:52:25.973+0000] {processor.py:161} INFO - Started process (PID=504) to work on /opt/airflow/dags/Flask_API.py
[2025-10-07T00:52:26.007+0000] {processor.py:830} INFO - Processing file /opt/airflow/dags/Flask_API.py for tasks to queue
[2025-10-07T00:52:26.023+0000] {logging_mixin.py:188} INFO - [2025-10-07T00:52:26.021+0000] {dagbag.py:545} INFO - Filling up the DagBag from /opt/airflow/dags/Flask_API.py
[2025-10-07T00:52:26.084+0000] {processor.py:840} INFO - DAG(s) 'Airflow_Lab2_Flask' retrieved from /opt/airflow/dags/Flask_API.py
[2025-10-07T00:52:26.336+0000] {logging_mixin.py:188} INFO - [2025-10-07T00:52:26.336+0000] {dag.py:3096} INFO - Sync 1 DAGs
[2025-10-07T00:52:26.362+0000] {logging_mixin.py:188} INFO - [2025-10-07T00:52:26.362+0000] {dag.py:3954} INFO - Setting next_dagrun for Airflow_Lab2_Flask to None, run_after=None
[2025-10-07T00:52:26.471+0000] {processor.py:183} INFO - Processing /opt/airflow/dags/Flask_API.py took 0.514 seconds
[2025-10-07T00:52:57.028+0000] {processor.py:161} INFO - Started process (PID=522) to work on /opt/airflow/dags/Flask_API.py
[2025-10-07T00:52:57.031+0000] {processor.py:830} INFO - Processing file /opt/airflow/dags/Flask_API.py for tasks to queue
[2025-10-07T00:52:57.053+0000] {logging_mixin.py:188} INFO - [2025-10-07T00:52:57.052+0000] {dagbag.py:545} INFO - Filling up the DagBag from /opt/airflow/dags/Flask_API.py
[2025-10-07T00:52:57.102+0000] {processor.py:840} INFO - DAG(s) 'Airflow_Lab2_Flask' retrieved from /opt/airflow/dags/Flask_API.py
[2025-10-07T00:52:57.338+0000] {logging_mixin.py:188} INFO - [2025-10-07T00:52:57.338+0000] {dag.py:3096} INFO - Sync 1 DAGs
[2025-10-07T00:52:57.401+0000] {logging_mixin.py:188} INFO - [2025-10-07T00:52:57.400+0000] {dag.py:3954} INFO - Setting next_dagrun for Airflow_Lab2_Flask to None, run_after=None
[2025-10-07T00:52:57.471+0000] {processor.py:183} INFO - Processing /opt/airflow/dags/Flask_API.py took 0.453 seconds
[2025-10-07T00:53:27.820+0000] {processor.py:161} INFO - Started process (PID=540) to work on /opt/airflow/dags/Flask_API.py
[2025-10-07T00:53:27.827+0000] {processor.py:830} INFO - Processing file /opt/airflow/dags/Flask_API.py for tasks to queue
[2025-10-07T00:53:27.844+0000] {logging_mixin.py:188} INFO - [2025-10-07T00:53:27.843+0000] {dagbag.py:545} INFO - Filling up the DagBag from /opt/airflow/dags/Flask_API.py
[2025-10-07T00:53:27.900+0000] {processor.py:840} INFO - DAG(s) 'Airflow_Lab2_Flask' retrieved from /opt/airflow/dags/Flask_API.py
[2025-10-07T00:53:28.156+0000] {logging_mixin.py:188} INFO - [2025-10-07T00:53:28.155+0000] {dag.py:3096} INFO - Sync 1 DAGs
[2025-10-07T00:53:28.192+0000] {logging_mixin.py:188} INFO - [2025-10-07T00:53:28.192+0000] {dag.py:3954} INFO - Setting next_dagrun for Airflow_Lab2_Flask to None, run_after=None
[2025-10-07T00:53:28.270+0000] {processor.py:183} INFO - Processing /opt/airflow/dags/Flask_API.py took 0.457 seconds
[2025-10-07T00:53:58.712+0000] {processor.py:161} INFO - Started process (PID=558) to work on /opt/airflow/dags/Flask_API.py
[2025-10-07T00:53:58.715+0000] {processor.py:830} INFO - Processing file /opt/airflow/dags/Flask_API.py for tasks to queue
[2025-10-07T00:53:58.747+0000] {logging_mixin.py:188} INFO - [2025-10-07T00:53:58.737+0000] {dagbag.py:545} INFO - Filling up the DagBag from /opt/airflow/dags/Flask_API.py
[2025-10-07T00:53:58.820+0000] {processor.py:840} INFO - DAG(s) 'Airflow_Lab2_Flask' retrieved from /opt/airflow/dags/Flask_API.py
[2025-10-07T00:53:59.217+0000] {logging_mixin.py:188} INFO - [2025-10-07T00:53:59.216+0000] {dag.py:3096} INFO - Sync 1 DAGs
[2025-10-07T00:53:59.282+0000] {logging_mixin.py:188} INFO - [2025-10-07T00:53:59.282+0000] {dag.py:3954} INFO - Setting next_dagrun for Airflow_Lab2_Flask to None, run_after=None
[2025-10-07T00:53:59.348+0000] {processor.py:183} INFO - Processing /opt/airflow/dags/Flask_API.py took 0.649 seconds
[2025-10-07T00:54:29.648+0000] {processor.py:161} INFO - Started process (PID=576) to work on /opt/airflow/dags/Flask_API.py
[2025-10-07T00:54:29.654+0000] {processor.py:830} INFO - Processing file /opt/airflow/dags/Flask_API.py for tasks to queue
[2025-10-07T00:54:29.672+0000] {logging_mixin.py:188} INFO - [2025-10-07T00:54:29.671+0000] {dagbag.py:545} INFO - Filling up the DagBag from /opt/airflow/dags/Flask_API.py
[2025-10-07T00:54:29.779+0000] {processor.py:840} INFO - DAG(s) 'Airflow_Lab2_Flask' retrieved from /opt/airflow/dags/Flask_API.py
[2025-10-07T00:54:30.215+0000] {logging_mixin.py:188} INFO - [2025-10-07T00:54:30.214+0000] {dag.py:3096} INFO - Sync 1 DAGs
[2025-10-07T00:54:30.258+0000] {logging_mixin.py:188} INFO - [2025-10-07T00:54:30.258+0000] {dag.py:3954} INFO - Setting next_dagrun for Airflow_Lab2_Flask to None, run_after=None
[2025-10-07T00:54:30.433+0000] {processor.py:183} INFO - Processing /opt/airflow/dags/Flask_API.py took 0.795 seconds
[2025-10-07T00:55:01.229+0000] {processor.py:161} INFO - Started process (PID=594) to work on /opt/airflow/dags/Flask_API.py
[2025-10-07T00:55:01.235+0000] {processor.py:830} INFO - Processing file /opt/airflow/dags/Flask_API.py for tasks to queue
[2025-10-07T00:55:01.267+0000] {logging_mixin.py:188} INFO - [2025-10-07T00:55:01.257+0000] {dagbag.py:545} INFO - Filling up the DagBag from /opt/airflow/dags/Flask_API.py
[2025-10-07T00:55:01.337+0000] {processor.py:840} INFO - DAG(s) 'Airflow_Lab2_Flask' retrieved from /opt/airflow/dags/Flask_API.py
[2025-10-07T00:55:01.661+0000] {logging_mixin.py:188} INFO - [2025-10-07T00:55:01.656+0000] {dag.py:3096} INFO - Sync 1 DAGs
[2025-10-07T00:55:01.690+0000] {logging_mixin.py:188} INFO - [2025-10-07T00:55:01.689+0000] {dag.py:3954} INFO - Setting next_dagrun for Airflow_Lab2_Flask to None, run_after=None
[2025-10-07T00:55:01.778+0000] {processor.py:183} INFO - Processing /opt/airflow/dags/Flask_API.py took 0.565 seconds
[2025-10-07T00:55:32.242+0000] {processor.py:161} INFO - Started process (PID=612) to work on /opt/airflow/dags/Flask_API.py
[2025-10-07T00:55:32.248+0000] {processor.py:830} INFO - Processing file /opt/airflow/dags/Flask_API.py for tasks to queue
[2025-10-07T00:55:32.270+0000] {logging_mixin.py:188} INFO - [2025-10-07T00:55:32.267+0000] {dagbag.py:545} INFO - Filling up the DagBag from /opt/airflow/dags/Flask_API.py
[2025-10-07T00:55:32.306+0000] {processor.py:840} INFO - DAG(s) 'Airflow_Lab2_Flask' retrieved from /opt/airflow/dags/Flask_API.py
[2025-10-07T00:55:32.621+0000] {logging_mixin.py:188} INFO - [2025-10-07T00:55:32.620+0000] {dag.py:3096} INFO - Sync 1 DAGs
[2025-10-07T00:55:32.636+0000] {logging_mixin.py:188} INFO - [2025-10-07T00:55:32.636+0000] {dag.py:3954} INFO - Setting next_dagrun for Airflow_Lab2_Flask to None, run_after=None
[2025-10-07T00:55:32.729+0000] {processor.py:183} INFO - Processing /opt/airflow/dags/Flask_API.py took 0.496 seconds
[2025-10-07T00:56:03.285+0000] {processor.py:161} INFO - Started process (PID=630) to work on /opt/airflow/dags/Flask_API.py
[2025-10-07T00:56:03.287+0000] {processor.py:830} INFO - Processing file /opt/airflow/dags/Flask_API.py for tasks to queue
[2025-10-07T00:56:03.301+0000] {logging_mixin.py:188} INFO - [2025-10-07T00:56:03.299+0000] {dagbag.py:545} INFO - Filling up the DagBag from /opt/airflow/dags/Flask_API.py
[2025-10-07T00:56:03.346+0000] {processor.py:840} INFO - DAG(s) 'Airflow_Lab2_Flask' retrieved from /opt/airflow/dags/Flask_API.py
[2025-10-07T00:56:03.589+0000] {logging_mixin.py:188} INFO - [2025-10-07T00:56:03.588+0000] {dag.py:3096} INFO - Sync 1 DAGs
[2025-10-07T00:56:03.657+0000] {logging_mixin.py:188} INFO - [2025-10-07T00:56:03.656+0000] {dag.py:3954} INFO - Setting next_dagrun for Airflow_Lab2_Flask to None, run_after=None
[2025-10-07T00:56:03.755+0000] {processor.py:183} INFO - Processing /opt/airflow/dags/Flask_API.py took 0.477 seconds
[2025-10-07T00:56:33.856+0000] {processor.py:161} INFO - Started process (PID=648) to work on /opt/airflow/dags/Flask_API.py
[2025-10-07T00:56:33.861+0000] {processor.py:830} INFO - Processing file /opt/airflow/dags/Flask_API.py for tasks to queue
[2025-10-07T00:56:33.888+0000] {logging_mixin.py:188} INFO - [2025-10-07T00:56:33.884+0000] {dagbag.py:545} INFO - Filling up the DagBag from /opt/airflow/dags/Flask_API.py
[2025-10-07T00:56:33.949+0000] {processor.py:840} INFO - DAG(s) 'Airflow_Lab2_Flask' retrieved from /opt/airflow/dags/Flask_API.py
[2025-10-07T00:56:34.191+0000] {logging_mixin.py:188} INFO - [2025-10-07T00:56:34.190+0000] {dag.py:3096} INFO - Sync 1 DAGs
[2025-10-07T00:56:34.238+0000] {logging_mixin.py:188} INFO - [2025-10-07T00:56:34.237+0000] {dag.py:3954} INFO - Setting next_dagrun for Airflow_Lab2_Flask to None, run_after=None
[2025-10-07T00:56:34.357+0000] {processor.py:183} INFO - Processing /opt/airflow/dags/Flask_API.py took 0.519 seconds
[2025-10-07T00:57:04.732+0000] {processor.py:161} INFO - Started process (PID=666) to work on /opt/airflow/dags/Flask_API.py
[2025-10-07T00:57:04.739+0000] {processor.py:830} INFO - Processing file /opt/airflow/dags/Flask_API.py for tasks to queue
[2025-10-07T00:57:04.765+0000] {logging_mixin.py:188} INFO - [2025-10-07T00:57:04.763+0000] {dagbag.py:545} INFO - Filling up the DagBag from /opt/airflow/dags/Flask_API.py
[2025-10-07T00:57:04.854+0000] {processor.py:840} INFO - DAG(s) 'Airflow_Lab2_Flask' retrieved from /opt/airflow/dags/Flask_API.py
[2025-10-07T00:57:05.246+0000] {logging_mixin.py:188} INFO - [2025-10-07T00:57:05.245+0000] {dag.py:3096} INFO - Sync 1 DAGs
[2025-10-07T00:57:05.346+0000] {logging_mixin.py:188} INFO - [2025-10-07T00:57:05.344+0000] {dag.py:3954} INFO - Setting next_dagrun for Airflow_Lab2_Flask to None, run_after=None
[2025-10-07T00:57:05.512+0000] {processor.py:183} INFO - Processing /opt/airflow/dags/Flask_API.py took 0.794 seconds
[2025-10-07T00:57:35.814+0000] {processor.py:161} INFO - Started process (PID=684) to work on /opt/airflow/dags/Flask_API.py
[2025-10-07T00:57:35.822+0000] {processor.py:830} INFO - Processing file /opt/airflow/dags/Flask_API.py for tasks to queue
[2025-10-07T00:57:35.856+0000] {logging_mixin.py:188} INFO - [2025-10-07T00:57:35.851+0000] {dagbag.py:545} INFO - Filling up the DagBag from /opt/airflow/dags/Flask_API.py
[2025-10-07T00:57:35.924+0000] {processor.py:840} INFO - DAG(s) 'Airflow_Lab2_Flask' retrieved from /opt/airflow/dags/Flask_API.py
[2025-10-07T00:57:36.186+0000] {logging_mixin.py:188} INFO - [2025-10-07T00:57:36.186+0000] {dag.py:3096} INFO - Sync 1 DAGs
[2025-10-07T00:57:36.204+0000] {logging_mixin.py:188} INFO - [2025-10-07T00:57:36.204+0000] {dag.py:3954} INFO - Setting next_dagrun for Airflow_Lab2_Flask to None, run_after=None
[2025-10-07T00:57:36.367+0000] {processor.py:183} INFO - Processing /opt/airflow/dags/Flask_API.py took 0.565 seconds
[2025-10-07T00:58:07.090+0000] {processor.py:161} INFO - Started process (PID=701) to work on /opt/airflow/dags/Flask_API.py
[2025-10-07T00:58:07.094+0000] {processor.py:830} INFO - Processing file /opt/airflow/dags/Flask_API.py for tasks to queue
[2025-10-07T00:58:07.111+0000] {logging_mixin.py:188} INFO - [2025-10-07T00:58:07.105+0000] {dagbag.py:545} INFO - Filling up the DagBag from /opt/airflow/dags/Flask_API.py
[2025-10-07T00:58:07.156+0000] {processor.py:840} INFO - DAG(s) 'Airflow_Lab2_Flask' retrieved from /opt/airflow/dags/Flask_API.py
[2025-10-07T00:58:07.546+0000] {logging_mixin.py:188} INFO - [2025-10-07T00:58:07.543+0000] {dag.py:3096} INFO - Sync 1 DAGs
[2025-10-07T00:58:07.612+0000] {logging_mixin.py:188} INFO - [2025-10-07T00:58:07.610+0000] {dag.py:3954} INFO - Setting next_dagrun for Airflow_Lab2_Flask to None, run_after=None
[2025-10-07T00:58:07.754+0000] {processor.py:183} INFO - Processing /opt/airflow/dags/Flask_API.py took 0.677 seconds
[2025-10-07T00:58:38.283+0000] {processor.py:161} INFO - Started process (PID=719) to work on /opt/airflow/dags/Flask_API.py
[2025-10-07T00:58:38.289+0000] {processor.py:830} INFO - Processing file /opt/airflow/dags/Flask_API.py for tasks to queue
[2025-10-07T00:58:38.313+0000] {logging_mixin.py:188} INFO - [2025-10-07T00:58:38.311+0000] {dagbag.py:545} INFO - Filling up the DagBag from /opt/airflow/dags/Flask_API.py
[2025-10-07T00:58:38.372+0000] {processor.py:840} INFO - DAG(s) 'Airflow_Lab2_Flask' retrieved from /opt/airflow/dags/Flask_API.py
[2025-10-07T00:58:38.767+0000] {logging_mixin.py:188} INFO - [2025-10-07T00:58:38.761+0000] {dag.py:3096} INFO - Sync 1 DAGs
[2025-10-07T00:58:38.846+0000] {logging_mixin.py:188} INFO - [2025-10-07T00:58:38.845+0000] {dag.py:3954} INFO - Setting next_dagrun for Airflow_Lab2_Flask to None, run_after=None
[2025-10-07T00:58:38.945+0000] {processor.py:183} INFO - Processing /opt/airflow/dags/Flask_API.py took 0.684 seconds
[2025-10-07T00:59:09.303+0000] {processor.py:161} INFO - Started process (PID=736) to work on /opt/airflow/dags/Flask_API.py
[2025-10-07T00:59:09.306+0000] {processor.py:830} INFO - Processing file /opt/airflow/dags/Flask_API.py for tasks to queue
[2025-10-07T00:59:09.321+0000] {logging_mixin.py:188} INFO - [2025-10-07T00:59:09.320+0000] {dagbag.py:545} INFO - Filling up the DagBag from /opt/airflow/dags/Flask_API.py
[2025-10-07T00:59:09.374+0000] {processor.py:840} INFO - DAG(s) 'Airflow_Lab2_Flask' retrieved from /opt/airflow/dags/Flask_API.py
[2025-10-07T00:59:09.571+0000] {logging_mixin.py:188} INFO - [2025-10-07T00:59:09.571+0000] {dag.py:3096} INFO - Sync 1 DAGs
[2025-10-07T00:59:09.607+0000] {logging_mixin.py:188} INFO - [2025-10-07T00:59:09.606+0000] {dag.py:3954} INFO - Setting next_dagrun for Airflow_Lab2_Flask to None, run_after=None
[2025-10-07T00:59:09.690+0000] {processor.py:183} INFO - Processing /opt/airflow/dags/Flask_API.py took 0.400 seconds
[2025-10-07T00:59:40.539+0000] {processor.py:161} INFO - Started process (PID=753) to work on /opt/airflow/dags/Flask_API.py
[2025-10-07T00:59:40.544+0000] {processor.py:830} INFO - Processing file /opt/airflow/dags/Flask_API.py for tasks to queue
[2025-10-07T00:59:40.561+0000] {logging_mixin.py:188} INFO - [2025-10-07T00:59:40.558+0000] {dagbag.py:545} INFO - Filling up the DagBag from /opt/airflow/dags/Flask_API.py
[2025-10-07T00:59:40.619+0000] {processor.py:840} INFO - DAG(s) 'Airflow_Lab2_Flask' retrieved from /opt/airflow/dags/Flask_API.py
[2025-10-07T00:59:40.911+0000] {logging_mixin.py:188} INFO - [2025-10-07T00:59:40.908+0000] {dag.py:3096} INFO - Sync 1 DAGs
[2025-10-07T00:59:40.938+0000] {logging_mixin.py:188} INFO - [2025-10-07T00:59:40.937+0000] {dag.py:3954} INFO - Setting next_dagrun for Airflow_Lab2_Flask to None, run_after=None
[2025-10-07T00:59:41.020+0000] {processor.py:183} INFO - Processing /opt/airflow/dags/Flask_API.py took 0.492 seconds
[2025-10-07T01:00:11.192+0000] {processor.py:161} INFO - Started process (PID=771) to work on /opt/airflow/dags/Flask_API.py
[2025-10-07T01:00:11.200+0000] {processor.py:830} INFO - Processing file /opt/airflow/dags/Flask_API.py for tasks to queue
[2025-10-07T01:00:11.208+0000] {logging_mixin.py:188} INFO - [2025-10-07T01:00:11.207+0000] {dagbag.py:545} INFO - Filling up the DagBag from /opt/airflow/dags/Flask_API.py
[2025-10-07T01:00:11.310+0000] {processor.py:840} INFO - DAG(s) 'Airflow_Lab2_Flask' retrieved from /opt/airflow/dags/Flask_API.py
[2025-10-07T01:00:11.534+0000] {logging_mixin.py:188} INFO - [2025-10-07T01:00:11.533+0000] {dag.py:3096} INFO - Sync 1 DAGs
[2025-10-07T01:00:11.568+0000] {logging_mixin.py:188} INFO - [2025-10-07T01:00:11.568+0000] {dag.py:3954} INFO - Setting next_dagrun for Airflow_Lab2_Flask to None, run_after=None
[2025-10-07T01:00:11.648+0000] {processor.py:183} INFO - Processing /opt/airflow/dags/Flask_API.py took 0.465 seconds
[2025-10-07T01:00:42.408+0000] {processor.py:161} INFO - Started process (PID=789) to work on /opt/airflow/dags/Flask_API.py
[2025-10-07T01:00:42.417+0000] {processor.py:830} INFO - Processing file /opt/airflow/dags/Flask_API.py for tasks to queue
[2025-10-07T01:00:42.441+0000] {logging_mixin.py:188} INFO - [2025-10-07T01:00:42.440+0000] {dagbag.py:545} INFO - Filling up the DagBag from /opt/airflow/dags/Flask_API.py
[2025-10-07T01:00:42.570+0000] {processor.py:840} INFO - DAG(s) 'Airflow_Lab2_Flask' retrieved from /opt/airflow/dags/Flask_API.py
[2025-10-07T01:00:43.179+0000] {logging_mixin.py:188} INFO - [2025-10-07T01:00:43.174+0000] {dag.py:3096} INFO - Sync 1 DAGs
[2025-10-07T01:05:09.416+0000] {processor.py:161} INFO - Started process (PID=96) to work on /opt/airflow/dags/Flask_API.py
[2025-10-07T01:05:09.427+0000] {processor.py:830} INFO - Processing file /opt/airflow/dags/Flask_API.py for tasks to queue
[2025-10-07T01:05:09.430+0000] {logging_mixin.py:188} INFO - [2025-10-07T01:05:09.429+0000] {dagbag.py:545} INFO - Filling up the DagBag from /opt/airflow/dags/Flask_API.py
[2025-10-07T01:05:09.532+0000] {processor.py:840} INFO - DAG(s) 'Airflow_Lab2_Flask' retrieved from /opt/airflow/dags/Flask_API.py
[2025-10-07T01:05:10.376+0000] {logging_mixin.py:188} INFO - [2025-10-07T01:05:10.375+0000] {dag.py:3096} INFO - Sync 1 DAGs
[2025-10-07T01:05:10.445+0000] {logging_mixin.py:188} INFO - [2025-10-07T01:05:10.442+0000] {dag.py:3954} INFO - Setting next_dagrun for Airflow_Lab2_Flask to None, run_after=None
[2025-10-07T01:05:10.589+0000] {processor.py:183} INFO - Processing /opt/airflow/dags/Flask_API.py took 1.219 seconds
[2025-10-07T01:05:41.027+0000] {processor.py:161} INFO - Started process (PID=114) to work on /opt/airflow/dags/Flask_API.py
[2025-10-07T01:05:41.029+0000] {processor.py:830} INFO - Processing file /opt/airflow/dags/Flask_API.py for tasks to queue
[2025-10-07T01:05:41.047+0000] {logging_mixin.py:188} INFO - [2025-10-07T01:05:41.047+0000] {dagbag.py:545} INFO - Filling up the DagBag from /opt/airflow/dags/Flask_API.py
[2025-10-07T01:05:41.118+0000] {processor.py:840} INFO - DAG(s) 'Airflow_Lab2_Flask' retrieved from /opt/airflow/dags/Flask_API.py
[2025-10-07T01:05:41.226+0000] {logging_mixin.py:188} INFO - [2025-10-07T01:05:41.225+0000] {dag.py:3096} INFO - Sync 1 DAGs
[2025-10-07T01:05:41.316+0000] {logging_mixin.py:188} INFO - [2025-10-07T01:05:41.315+0000] {dag.py:3954} INFO - Setting next_dagrun for Airflow_Lab2_Flask to None, run_after=None
[2025-10-07T01:05:41.458+0000] {processor.py:183} INFO - Processing /opt/airflow/dags/Flask_API.py took 0.441 seconds
[2025-10-07T01:06:11.801+0000] {processor.py:161} INFO - Started process (PID=132) to work on /opt/airflow/dags/Flask_API.py
[2025-10-07T01:06:11.806+0000] {processor.py:830} INFO - Processing file /opt/airflow/dags/Flask_API.py for tasks to queue
[2025-10-07T01:06:11.812+0000] {logging_mixin.py:188} INFO - [2025-10-07T01:06:11.811+0000] {dagbag.py:545} INFO - Filling up the DagBag from /opt/airflow/dags/Flask_API.py
[2025-10-07T01:06:11.906+0000] {processor.py:840} INFO - DAG(s) 'Airflow_Lab2_Flask' retrieved from /opt/airflow/dags/Flask_API.py
[2025-10-07T01:06:12.027+0000] {logging_mixin.py:188} INFO - [2025-10-07T01:06:12.023+0000] {dag.py:3096} INFO - Sync 1 DAGs
[2025-10-07T01:06:12.046+0000] {logging_mixin.py:188} INFO - [2025-10-07T01:06:12.046+0000] {dag.py:3954} INFO - Setting next_dagrun for Airflow_Lab2_Flask to None, run_after=None
[2025-10-07T01:06:12.124+0000] {processor.py:183} INFO - Processing /opt/airflow/dags/Flask_API.py took 0.331 seconds
[2025-10-07T01:06:43.115+0000] {processor.py:161} INFO - Started process (PID=150) to work on /opt/airflow/dags/Flask_API.py
[2025-10-07T01:06:43.119+0000] {processor.py:830} INFO - Processing file /opt/airflow/dags/Flask_API.py for tasks to queue
[2025-10-07T01:06:43.131+0000] {logging_mixin.py:188} INFO - [2025-10-07T01:06:43.129+0000] {dagbag.py:545} INFO - Filling up the DagBag from /opt/airflow/dags/Flask_API.py
[2025-10-07T01:06:43.185+0000] {processor.py:840} INFO - DAG(s) 'Airflow_Lab2_Flask' retrieved from /opt/airflow/dags/Flask_API.py
[2025-10-07T01:06:43.246+0000] {logging_mixin.py:188} INFO - [2025-10-07T01:06:43.245+0000] {dag.py:3096} INFO - Sync 1 DAGs
[2025-10-07T01:06:43.283+0000] {logging_mixin.py:188} INFO - [2025-10-07T01:06:43.282+0000] {dag.py:3954} INFO - Setting next_dagrun for Airflow_Lab2_Flask to None, run_after=None
[2025-10-07T01:06:43.363+0000] {processor.py:183} INFO - Processing /opt/airflow/dags/Flask_API.py took 0.255 seconds
[2025-10-07T01:07:13.695+0000] {processor.py:161} INFO - Started process (PID=168) to work on /opt/airflow/dags/Flask_API.py
[2025-10-07T01:07:13.701+0000] {processor.py:830} INFO - Processing file /opt/airflow/dags/Flask_API.py for tasks to queue
[2025-10-07T01:07:13.718+0000] {logging_mixin.py:188} INFO - [2025-10-07T01:07:13.716+0000] {dagbag.py:545} INFO - Filling up the DagBag from /opt/airflow/dags/Flask_API.py
[2025-10-07T01:07:13.805+0000] {processor.py:840} INFO - DAG(s) 'Airflow_Lab2_Flask' retrieved from /opt/airflow/dags/Flask_API.py
[2025-10-07T01:07:13.914+0000] {logging_mixin.py:188} INFO - [2025-10-07T01:07:13.914+0000] {dag.py:3096} INFO - Sync 1 DAGs
[2025-10-07T01:07:13.949+0000] {logging_mixin.py:188} INFO - [2025-10-07T01:07:13.949+0000] {dag.py:3954} INFO - Setting next_dagrun for Airflow_Lab2_Flask to None, run_after=None
[2025-10-07T01:07:14.046+0000] {processor.py:183} INFO - Processing /opt/airflow/dags/Flask_API.py took 0.360 seconds
[2025-10-07T01:07:44.188+0000] {processor.py:161} INFO - Started process (PID=186) to work on /opt/airflow/dags/Flask_API.py
[2025-10-07T01:07:44.194+0000] {processor.py:830} INFO - Processing file /opt/airflow/dags/Flask_API.py for tasks to queue
[2025-10-07T01:07:44.213+0000] {logging_mixin.py:188} INFO - [2025-10-07T01:07:44.207+0000] {dagbag.py:545} INFO - Filling up the DagBag from /opt/airflow/dags/Flask_API.py
[2025-10-07T01:07:44.306+0000] {processor.py:840} INFO - DAG(s) 'Airflow_Lab2_Flask' retrieved from /opt/airflow/dags/Flask_API.py
[2025-10-07T01:07:44.405+0000] {logging_mixin.py:188} INFO - [2025-10-07T01:07:44.405+0000] {dag.py:3096} INFO - Sync 1 DAGs
[2025-10-07T01:07:44.439+0000] {logging_mixin.py:188} INFO - [2025-10-07T01:07:44.439+0000] {dag.py:3954} INFO - Setting next_dagrun for Airflow_Lab2_Flask to None, run_after=None
[2025-10-07T01:07:44.531+0000] {processor.py:183} INFO - Processing /opt/airflow/dags/Flask_API.py took 0.349 seconds
[2025-10-07T01:08:14.804+0000] {processor.py:161} INFO - Started process (PID=204) to work on /opt/airflow/dags/Flask_API.py
[2025-10-07T01:08:14.805+0000] {processor.py:830} INFO - Processing file /opt/airflow/dags/Flask_API.py for tasks to queue
[2025-10-07T01:08:14.814+0000] {logging_mixin.py:188} INFO - [2025-10-07T01:08:14.812+0000] {dagbag.py:545} INFO - Filling up the DagBag from /opt/airflow/dags/Flask_API.py
[2025-10-07T01:08:14.859+0000] {processor.py:840} INFO - DAG(s) 'Airflow_Lab2_Flask' retrieved from /opt/airflow/dags/Flask_API.py
[2025-10-07T01:08:14.922+0000] {logging_mixin.py:188} INFO - [2025-10-07T01:08:14.920+0000] {dag.py:3096} INFO - Sync 1 DAGs
[2025-10-07T01:08:14.945+0000] {logging_mixin.py:188} INFO - [2025-10-07T01:08:14.945+0000] {dag.py:3954} INFO - Setting next_dagrun for Airflow_Lab2_Flask to None, run_after=None
[2025-10-07T01:08:15.028+0000] {processor.py:183} INFO - Processing /opt/airflow/dags/Flask_API.py took 0.230 seconds
[2025-10-07T01:17:11.537+0000] {processor.py:161} INFO - Started process (PID=95) to work on /opt/airflow/dags/Flask_API.py
[2025-10-07T01:17:11.542+0000] {processor.py:830} INFO - Processing file /opt/airflow/dags/Flask_API.py for tasks to queue
[2025-10-07T01:17:11.550+0000] {logging_mixin.py:188} INFO - [2025-10-07T01:17:11.549+0000] {dagbag.py:545} INFO - Filling up the DagBag from /opt/airflow/dags/Flask_API.py
[2025-10-07T01:17:11.633+0000] {processor.py:840} INFO - DAG(s) 'Airflow_Lab2_Flask' retrieved from /opt/airflow/dags/Flask_API.py
[2025-10-07T01:17:11.917+0000] {logging_mixin.py:188} INFO - [2025-10-07T01:17:11.917+0000] {dag.py:3096} INFO - Sync 1 DAGs
[2025-10-07T01:17:11.978+0000] {logging_mixin.py:188} INFO - [2025-10-07T01:17:11.976+0000] {dag.py:3954} INFO - Setting next_dagrun for Airflow_Lab2_Flask to None, run_after=None
[2025-10-07T01:17:12.077+0000] {processor.py:183} INFO - Processing /opt/airflow/dags/Flask_API.py took 0.547 seconds
[2025-10-07T01:17:42.623+0000] {processor.py:161} INFO - Started process (PID=113) to work on /opt/airflow/dags/Flask_API.py
[2025-10-07T01:17:42.629+0000] {processor.py:830} INFO - Processing file /opt/airflow/dags/Flask_API.py for tasks to queue
[2025-10-07T01:17:42.652+0000] {logging_mixin.py:188} INFO - [2025-10-07T01:17:42.644+0000] {dagbag.py:545} INFO - Filling up the DagBag from /opt/airflow/dags/Flask_API.py
[2025-10-07T01:17:42.720+0000] {processor.py:840} INFO - DAG(s) 'Airflow_Lab2_Flask' retrieved from /opt/airflow/dags/Flask_API.py
[2025-10-07T01:17:42.831+0000] {logging_mixin.py:188} INFO - [2025-10-07T01:17:42.830+0000] {dag.py:3096} INFO - Sync 1 DAGs
[2025-10-07T01:17:42.917+0000] {logging_mixin.py:188} INFO - [2025-10-07T01:17:42.912+0000] {dag.py:3954} INFO - Setting next_dagrun for Airflow_Lab2_Flask to None, run_after=None
[2025-10-07T01:17:42.997+0000] {processor.py:183} INFO - Processing /opt/airflow/dags/Flask_API.py took 0.396 seconds
[2025-10-07T01:18:13.388+0000] {processor.py:161} INFO - Started process (PID=131) to work on /opt/airflow/dags/Flask_API.py
[2025-10-07T01:18:13.390+0000] {processor.py:830} INFO - Processing file /opt/airflow/dags/Flask_API.py for tasks to queue
[2025-10-07T01:18:13.395+0000] {logging_mixin.py:188} INFO - [2025-10-07T01:18:13.394+0000] {dagbag.py:545} INFO - Filling up the DagBag from /opt/airflow/dags/Flask_API.py
[2025-10-07T01:18:13.418+0000] {processor.py:840} INFO - DAG(s) 'Airflow_Lab2_Flask' retrieved from /opt/airflow/dags/Flask_API.py
[2025-10-07T01:18:13.446+0000] {logging_mixin.py:188} INFO - [2025-10-07T01:18:13.446+0000] {dag.py:3096} INFO - Sync 1 DAGs
[2025-10-07T01:18:13.456+0000] {logging_mixin.py:188} INFO - [2025-10-07T01:18:13.456+0000] {dag.py:3954} INFO - Setting next_dagrun for Airflow_Lab2_Flask to None, run_after=None
[2025-10-07T01:18:13.476+0000] {processor.py:183} INFO - Processing /opt/airflow/dags/Flask_API.py took 0.098 seconds
[2025-10-07T01:18:43.769+0000] {processor.py:161} INFO - Started process (PID=148) to work on /opt/airflow/dags/Flask_API.py
[2025-10-07T01:18:43.770+0000] {processor.py:830} INFO - Processing file /opt/airflow/dags/Flask_API.py for tasks to queue
[2025-10-07T01:18:43.782+0000] {logging_mixin.py:188} INFO - [2025-10-07T01:18:43.782+0000] {dagbag.py:545} INFO - Filling up the DagBag from /opt/airflow/dags/Flask_API.py
[2025-10-07T01:18:43.822+0000] {processor.py:840} INFO - DAG(s) 'Airflow_Lab2_Flask' retrieved from /opt/airflow/dags/Flask_API.py
[2025-10-07T01:18:43.907+0000] {logging_mixin.py:188} INFO - [2025-10-07T01:18:43.906+0000] {dag.py:3096} INFO - Sync 1 DAGs
[2025-10-07T01:18:43.955+0000] {logging_mixin.py:188} INFO - [2025-10-07T01:18:43.953+0000] {dag.py:3954} INFO - Setting next_dagrun for Airflow_Lab2_Flask to None, run_after=None
[2025-10-07T01:18:44.058+0000] {processor.py:183} INFO - Processing /opt/airflow/dags/Flask_API.py took 0.297 seconds
[2025-10-07T01:19:14.507+0000] {processor.py:161} INFO - Started process (PID=166) to work on /opt/airflow/dags/Flask_API.py
[2025-10-07T01:19:14.512+0000] {processor.py:830} INFO - Processing file /opt/airflow/dags/Flask_API.py for tasks to queue
[2025-10-07T01:19:14.528+0000] {logging_mixin.py:188} INFO - [2025-10-07T01:19:14.526+0000] {dagbag.py:545} INFO - Filling up the DagBag from /opt/airflow/dags/Flask_API.py
[2025-10-07T01:19:14.606+0000] {processor.py:840} INFO - DAG(s) 'Airflow_Lab2_Flask' retrieved from /opt/airflow/dags/Flask_API.py
[2025-10-07T01:19:14.714+0000] {logging_mixin.py:188} INFO - [2025-10-07T01:19:14.714+0000] {dag.py:3096} INFO - Sync 1 DAGs
[2025-10-07T01:19:14.748+0000] {logging_mixin.py:188} INFO - [2025-10-07T01:19:14.747+0000] {dag.py:3954} INFO - Setting next_dagrun for Airflow_Lab2_Flask to None, run_after=None
[2025-10-07T01:19:14.840+0000] {processor.py:183} INFO - Processing /opt/airflow/dags/Flask_API.py took 0.341 seconds
[2025-10-07T01:19:45.071+0000] {processor.py:161} INFO - Started process (PID=184) to work on /opt/airflow/dags/Flask_API.py
[2025-10-07T01:19:45.079+0000] {processor.py:830} INFO - Processing file /opt/airflow/dags/Flask_API.py for tasks to queue
[2025-10-07T01:19:45.101+0000] {logging_mixin.py:188} INFO - [2025-10-07T01:19:45.094+0000] {dagbag.py:545} INFO - Filling up the DagBag from /opt/airflow/dags/Flask_API.py
[2025-10-07T01:19:45.163+0000] {processor.py:840} INFO - DAG(s) 'Airflow_Lab2_Flask' retrieved from /opt/airflow/dags/Flask_API.py
[2025-10-07T01:19:45.329+0000] {logging_mixin.py:188} INFO - [2025-10-07T01:19:45.329+0000] {dag.py:3096} INFO - Sync 1 DAGs
[2025-10-07T01:19:45.398+0000] {logging_mixin.py:188} INFO - [2025-10-07T01:19:45.397+0000] {dag.py:3954} INFO - Setting next_dagrun for Airflow_Lab2_Flask to None, run_after=None
[2025-10-07T01:19:45.491+0000] {processor.py:183} INFO - Processing /opt/airflow/dags/Flask_API.py took 0.427 seconds
[2025-10-07T01:20:15.724+0000] {processor.py:161} INFO - Started process (PID=201) to work on /opt/airflow/dags/Flask_API.py
[2025-10-07T01:20:15.729+0000] {processor.py:830} INFO - Processing file /opt/airflow/dags/Flask_API.py for tasks to queue
[2025-10-07T01:20:15.745+0000] {logging_mixin.py:188} INFO - [2025-10-07T01:20:15.744+0000] {dagbag.py:545} INFO - Filling up the DagBag from /opt/airflow/dags/Flask_API.py
[2025-10-07T01:20:15.841+0000] {processor.py:840} INFO - DAG(s) 'Airflow_Lab2_Flask' retrieved from /opt/airflow/dags/Flask_API.py
[2025-10-07T01:20:15.962+0000] {logging_mixin.py:188} INFO - [2025-10-07T01:20:15.959+0000] {dag.py:3096} INFO - Sync 1 DAGs
[2025-10-07T01:20:15.986+0000] {logging_mixin.py:188} INFO - [2025-10-07T01:20:15.983+0000] {dag.py:3954} INFO - Setting next_dagrun for Airflow_Lab2_Flask to None, run_after=None
[2025-10-07T01:20:16.103+0000] {processor.py:183} INFO - Processing /opt/airflow/dags/Flask_API.py took 0.390 seconds
[2025-10-07T01:20:46.487+0000] {processor.py:161} INFO - Started process (PID=219) to work on /opt/airflow/dags/Flask_API.py
[2025-10-07T01:20:46.489+0000] {processor.py:830} INFO - Processing file /opt/airflow/dags/Flask_API.py for tasks to queue
[2025-10-07T01:20:46.518+0000] {logging_mixin.py:188} INFO - [2025-10-07T01:20:46.515+0000] {dagbag.py:545} INFO - Filling up the DagBag from /opt/airflow/dags/Flask_API.py
[2025-10-07T01:20:46.571+0000] {processor.py:840} INFO - DAG(s) 'Airflow_Lab2_Flask' retrieved from /opt/airflow/dags/Flask_API.py
[2025-10-07T01:20:46.672+0000] {logging_mixin.py:188} INFO - [2025-10-07T01:20:46.671+0000] {dag.py:3096} INFO - Sync 1 DAGs
[2025-10-07T01:20:46.717+0000] {logging_mixin.py:188} INFO - [2025-10-07T01:20:46.717+0000] {dag.py:3954} INFO - Setting next_dagrun for Airflow_Lab2_Flask to None, run_after=None
[2025-10-07T01:20:46.890+0000] {processor.py:183} INFO - Processing /opt/airflow/dags/Flask_API.py took 0.414 seconds
[2025-10-07T01:21:17.836+0000] {processor.py:161} INFO - Started process (PID=243) to work on /opt/airflow/dags/Flask_API.py
[2025-10-07T01:21:17.849+0000] {processor.py:830} INFO - Processing file /opt/airflow/dags/Flask_API.py for tasks to queue
[2025-10-07T01:21:17.893+0000] {logging_mixin.py:188} INFO - [2025-10-07T01:21:17.889+0000] {dagbag.py:545} INFO - Filling up the DagBag from /opt/airflow/dags/Flask_API.py
[2025-10-07T01:21:18.028+0000] {processor.py:840} INFO - DAG(s) 'Airflow_Lab2_Flask' retrieved from /opt/airflow/dags/Flask_API.py
[2025-10-07T01:21:18.224+0000] {logging_mixin.py:188} INFO - [2025-10-07T01:21:18.223+0000] {dag.py:3096} INFO - Sync 1 DAGs
[2025-10-07T01:21:18.316+0000] {logging_mixin.py:188} INFO - [2025-10-07T01:21:18.313+0000] {dag.py:3954} INFO - Setting next_dagrun for Airflow_Lab2_Flask to None, run_after=None
[2025-10-07T01:21:18.459+0000] {processor.py:183} INFO - Processing /opt/airflow/dags/Flask_API.py took 0.676 seconds
[2025-10-07T01:21:48.983+0000] {processor.py:161} INFO - Started process (PID=261) to work on /opt/airflow/dags/Flask_API.py
[2025-10-07T01:21:48.986+0000] {processor.py:830} INFO - Processing file /opt/airflow/dags/Flask_API.py for tasks to queue
[2025-10-07T01:21:49.019+0000] {logging_mixin.py:188} INFO - [2025-10-07T01:21:49.018+0000] {dagbag.py:545} INFO - Filling up the DagBag from /opt/airflow/dags/Flask_API.py
[2025-10-07T01:21:49.082+0000] {processor.py:840} INFO - DAG(s) 'Airflow_Lab2_Flask' retrieved from /opt/airflow/dags/Flask_API.py
[2025-10-07T01:21:49.222+0000] {logging_mixin.py:188} INFO - [2025-10-07T01:21:49.222+0000] {dag.py:3096} INFO - Sync 1 DAGs
[2025-10-07T01:21:49.256+0000] {logging_mixin.py:188} INFO - [2025-10-07T01:21:49.253+0000] {dag.py:3954} INFO - Setting next_dagrun for Airflow_Lab2_Flask to None, run_after=None
[2025-10-07T01:21:49.350+0000] {processor.py:183} INFO - Processing /opt/airflow/dags/Flask_API.py took 0.374 seconds
[2025-10-07T01:22:19.754+0000] {processor.py:161} INFO - Started process (PID=278) to work on /opt/airflow/dags/Flask_API.py
[2025-10-07T01:22:19.757+0000] {processor.py:830} INFO - Processing file /opt/airflow/dags/Flask_API.py for tasks to queue
[2025-10-07T01:22:19.764+0000] {logging_mixin.py:188} INFO - [2025-10-07T01:22:19.761+0000] {dagbag.py:545} INFO - Filling up the DagBag from /opt/airflow/dags/Flask_API.py
[2025-10-07T01:22:19.805+0000] {processor.py:840} INFO - DAG(s) 'Airflow_Lab2_Flask' retrieved from /opt/airflow/dags/Flask_API.py
[2025-10-07T01:22:19.852+0000] {logging_mixin.py:188} INFO - [2025-10-07T01:22:19.851+0000] {dag.py:3096} INFO - Sync 1 DAGs
[2025-10-07T01:22:19.882+0000] {logging_mixin.py:188} INFO - [2025-10-07T01:22:19.880+0000] {dag.py:3954} INFO - Setting next_dagrun for Airflow_Lab2_Flask to None, run_after=None
[2025-10-07T01:22:19.941+0000] {processor.py:183} INFO - Processing /opt/airflow/dags/Flask_API.py took 0.197 seconds
[2025-10-07T01:22:50.334+0000] {processor.py:161} INFO - Started process (PID=296) to work on /opt/airflow/dags/Flask_API.py
[2025-10-07T01:22:50.339+0000] {processor.py:830} INFO - Processing file /opt/airflow/dags/Flask_API.py for tasks to queue
[2025-10-07T01:22:50.365+0000] {logging_mixin.py:188} INFO - [2025-10-07T01:22:50.356+0000] {dagbag.py:545} INFO - Filling up the DagBag from /opt/airflow/dags/Flask_API.py
[2025-10-07T01:22:50.424+0000] {processor.py:840} INFO - DAG(s) 'Airflow_Lab2_Flask' retrieved from /opt/airflow/dags/Flask_API.py
[2025-10-07T01:22:50.542+0000] {logging_mixin.py:188} INFO - [2025-10-07T01:22:50.542+0000] {dag.py:3096} INFO - Sync 1 DAGs
[2025-10-07T01:22:50.631+0000] {logging_mixin.py:188} INFO - [2025-10-07T01:22:50.631+0000] {dag.py:3954} INFO - Setting next_dagrun for Airflow_Lab2_Flask to None, run_after=None
[2025-10-07T01:22:50.707+0000] {processor.py:183} INFO - Processing /opt/airflow/dags/Flask_API.py took 0.389 seconds
[2025-10-07T01:23:20.975+0000] {processor.py:161} INFO - Started process (PID=314) to work on /opt/airflow/dags/Flask_API.py
[2025-10-07T01:23:20.977+0000] {processor.py:830} INFO - Processing file /opt/airflow/dags/Flask_API.py for tasks to queue
[2025-10-07T01:23:20.984+0000] {logging_mixin.py:188} INFO - [2025-10-07T01:23:20.983+0000] {dagbag.py:545} INFO - Filling up the DagBag from /opt/airflow/dags/Flask_API.py
[2025-10-07T01:23:21.022+0000] {processor.py:840} INFO - DAG(s) 'Airflow_Lab2_Flask' retrieved from /opt/airflow/dags/Flask_API.py
[2025-10-07T01:23:21.083+0000] {logging_mixin.py:188} INFO - [2025-10-07T01:23:21.082+0000] {dag.py:3096} INFO - Sync 1 DAGs
[2025-10-07T01:23:21.114+0000] {logging_mixin.py:188} INFO - [2025-10-07T01:23:21.113+0000] {dag.py:3954} INFO - Setting next_dagrun for Airflow_Lab2_Flask to None, run_after=None
[2025-10-07T01:23:21.205+0000] {processor.py:183} INFO - Processing /opt/airflow/dags/Flask_API.py took 0.237 seconds
[2025-10-07T01:23:51.355+0000] {processor.py:161} INFO - Started process (PID=332) to work on /opt/airflow/dags/Flask_API.py
[2025-10-07T01:23:51.366+0000] {processor.py:830} INFO - Processing file /opt/airflow/dags/Flask_API.py for tasks to queue
[2025-10-07T01:23:51.405+0000] {logging_mixin.py:188} INFO - [2025-10-07T01:23:51.404+0000] {dagbag.py:545} INFO - Filling up the DagBag from /opt/airflow/dags/Flask_API.py
[2025-10-07T01:23:51.481+0000] {processor.py:840} INFO - DAG(s) 'Airflow_Lab2_Flask' retrieved from /opt/airflow/dags/Flask_API.py
[2025-10-07T01:23:51.559+0000] {logging_mixin.py:188} INFO - [2025-10-07T01:23:51.556+0000] {dag.py:3096} INFO - Sync 1 DAGs
[2025-10-07T01:23:51.647+0000] {logging_mixin.py:188} INFO - [2025-10-07T01:23:51.647+0000] {dag.py:3954} INFO - Setting next_dagrun for Airflow_Lab2_Flask to None, run_after=None
[2025-10-07T01:23:51.750+0000] {processor.py:183} INFO - Processing /opt/airflow/dags/Flask_API.py took 0.408 seconds
[2025-10-07T01:24:22.127+0000] {processor.py:161} INFO - Started process (PID=350) to work on /opt/airflow/dags/Flask_API.py
[2025-10-07T01:24:22.132+0000] {processor.py:830} INFO - Processing file /opt/airflow/dags/Flask_API.py for tasks to queue
[2025-10-07T01:24:22.150+0000] {logging_mixin.py:188} INFO - [2025-10-07T01:24:22.148+0000] {dagbag.py:545} INFO - Filling up the DagBag from /opt/airflow/dags/Flask_API.py
[2025-10-07T01:24:22.192+0000] {processor.py:840} INFO - DAG(s) 'Airflow_Lab2_Flask' retrieved from /opt/airflow/dags/Flask_API.py
[2025-10-07T01:24:22.276+0000] {logging_mixin.py:188} INFO - [2025-10-07T01:24:22.276+0000] {dag.py:3096} INFO - Sync 1 DAGs
[2025-10-07T01:24:22.306+0000] {logging_mixin.py:188} INFO - [2025-10-07T01:24:22.305+0000] {dag.py:3954} INFO - Setting next_dagrun for Airflow_Lab2_Flask to None, run_after=None
[2025-10-07T01:24:22.412+0000] {processor.py:183} INFO - Processing /opt/airflow/dags/Flask_API.py took 0.292 seconds
[2025-10-07T01:24:52.673+0000] {processor.py:161} INFO - Started process (PID=368) to work on /opt/airflow/dags/Flask_API.py
[2025-10-07T01:24:52.680+0000] {processor.py:830} INFO - Processing file /opt/airflow/dags/Flask_API.py for tasks to queue
[2025-10-07T01:24:52.702+0000] {logging_mixin.py:188} INFO - [2025-10-07T01:24:52.699+0000] {dagbag.py:545} INFO - Filling up the DagBag from /opt/airflow/dags/Flask_API.py
[2025-10-07T01:24:52.794+0000] {processor.py:840} INFO - DAG(s) 'Airflow_Lab2_Flask' retrieved from /opt/airflow/dags/Flask_API.py
[2025-10-07T01:24:52.990+0000] {logging_mixin.py:188} INFO - [2025-10-07T01:24:52.989+0000] {dag.py:3096} INFO - Sync 1 DAGs
[2025-10-07T01:24:53.016+0000] {logging_mixin.py:188} INFO - [2025-10-07T01:24:53.016+0000] {dag.py:3954} INFO - Setting next_dagrun for Airflow_Lab2_Flask to None, run_after=None
[2025-10-07T01:24:53.143+0000] {processor.py:183} INFO - Processing /opt/airflow/dags/Flask_API.py took 0.487 seconds
[2025-10-07T01:25:23.449+0000] {processor.py:161} INFO - Started process (PID=376) to work on /opt/airflow/dags/Flask_API.py
[2025-10-07T01:25:23.453+0000] {processor.py:830} INFO - Processing file /opt/airflow/dags/Flask_API.py for tasks to queue
[2025-10-07T01:25:23.466+0000] {logging_mixin.py:188} INFO - [2025-10-07T01:25:23.465+0000] {dagbag.py:545} INFO - Filling up the DagBag from /opt/airflow/dags/Flask_API.py
[2025-10-07T01:25:23.561+0000] {processor.py:840} INFO - DAG(s) 'Airflow_Lab2_Flask' retrieved from /opt/airflow/dags/Flask_API.py
[2025-10-07T01:25:23.609+0000] {logging_mixin.py:188} INFO - [2025-10-07T01:25:23.608+0000] {dag.py:3096} INFO - Sync 1 DAGs
[2025-10-07T01:25:23.624+0000] {logging_mixin.py:188} INFO - [2025-10-07T01:25:23.624+0000] {dag.py:3954} INFO - Setting next_dagrun for Airflow_Lab2_Flask to None, run_after=None
[2025-10-07T01:25:23.757+0000] {processor.py:183} INFO - Processing /opt/airflow/dags/Flask_API.py took 0.315 seconds
[2025-10-07T01:25:54.836+0000] {processor.py:161} INFO - Started process (PID=392) to work on /opt/airflow/dags/Flask_API.py
[2025-10-07T01:25:54.854+0000] {processor.py:830} INFO - Processing file /opt/airflow/dags/Flask_API.py for tasks to queue
[2025-10-07T01:25:54.875+0000] {logging_mixin.py:188} INFO - [2025-10-07T01:25:54.874+0000] {dagbag.py:545} INFO - Filling up the DagBag from /opt/airflow/dags/Flask_API.py
[2025-10-07T01:25:54.927+0000] {processor.py:840} INFO - DAG(s) 'Airflow_Lab2_Flask' retrieved from /opt/airflow/dags/Flask_API.py
[2025-10-07T01:25:55.027+0000] {logging_mixin.py:188} INFO - [2025-10-07T01:25:55.026+0000] {dag.py:3096} INFO - Sync 1 DAGs
[2025-10-07T01:25:55.059+0000] {logging_mixin.py:188} INFO - [2025-10-07T01:25:55.059+0000] {dag.py:3954} INFO - Setting next_dagrun for Airflow_Lab2_Flask to None, run_after=None
[2025-10-07T01:25:55.168+0000] {processor.py:183} INFO - Processing /opt/airflow/dags/Flask_API.py took 0.346 seconds
