[2025-10-07T00:20:09.030+0000] {processor.py:161} INFO - Started process (PID=102) to work on /opt/airflow/dags/main.py
[2025-10-07T00:20:09.040+0000] {processor.py:830} INFO - Processing file /opt/airflow/dags/main.py for tasks to queue
[2025-10-07T00:20:09.046+0000] {logging_mixin.py:188} INFO - [2025-10-07T00:20:09.044+0000] {dagbag.py:545} INFO - Filling up the DagBag from /opt/airflow/dags/main.py
[2025-10-07T00:20:15.747+0000] {processor.py:840} INFO - DAG(s) 'Airflow_Lab2' retrieved from /opt/airflow/dags/main.py
[2025-10-07T00:20:15.986+0000] {logging_mixin.py:188} INFO - [2025-10-07T00:20:15.986+0000] {dag.py:3096} INFO - Sync 1 DAGs
[2025-10-07T00:20:16.058+0000] {logging_mixin.py:188} INFO - [2025-10-07T00:20:16.058+0000] {dag.py:3954} INFO - Setting next_dagrun for Airflow_Lab2 to 2025-10-08 00:00:00+00:00, run_after=2025-10-09 00:00:00+00:00
[2025-10-07T00:20:16.189+0000] {processor.py:183} INFO - Processing /opt/airflow/dags/main.py took 7.168 seconds
[2025-10-07T00:20:46.329+0000] {processor.py:161} INFO - Started process (PID=121) to work on /opt/airflow/dags/main.py
[2025-10-07T00:20:46.338+0000] {processor.py:830} INFO - Processing file /opt/airflow/dags/main.py for tasks to queue
[2025-10-07T00:20:46.355+0000] {logging_mixin.py:188} INFO - [2025-10-07T00:20:46.355+0000] {dagbag.py:545} INFO - Filling up the DagBag from /opt/airflow/dags/main.py
[2025-10-07T00:20:49.909+0000] {processor.py:840} INFO - DAG(s) 'Airflow_Lab2' retrieved from /opt/airflow/dags/main.py
[2025-10-07T00:20:50.199+0000] {logging_mixin.py:188} INFO - [2025-10-07T00:20:50.198+0000] {dag.py:3096} INFO - Sync 1 DAGs
[2025-10-07T00:20:50.336+0000] {logging_mixin.py:188} INFO - [2025-10-07T00:20:50.333+0000] {dag.py:3954} INFO - Setting next_dagrun for Airflow_Lab2 to 2025-10-08 00:00:00+00:00, run_after=2025-10-09 00:00:00+00:00
[2025-10-07T00:20:50.467+0000] {processor.py:183} INFO - Processing /opt/airflow/dags/main.py took 4.145 seconds
[2025-10-07T00:21:20.770+0000] {processor.py:161} INFO - Started process (PID=139) to work on /opt/airflow/dags/main.py
[2025-10-07T00:21:20.785+0000] {processor.py:830} INFO - Processing file /opt/airflow/dags/main.py for tasks to queue
[2025-10-07T00:21:20.815+0000] {logging_mixin.py:188} INFO - [2025-10-07T00:21:20.803+0000] {dagbag.py:545} INFO - Filling up the DagBag from /opt/airflow/dags/main.py
[2025-10-07T00:21:26.767+0000] {processor.py:840} INFO - DAG(s) 'Airflow_Lab2' retrieved from /opt/airflow/dags/main.py
[2025-10-07T00:21:27.227+0000] {logging_mixin.py:188} INFO - [2025-10-07T00:21:27.222+0000] {dag.py:3096} INFO - Sync 1 DAGs
[2025-10-07T00:21:27.333+0000] {logging_mixin.py:188} INFO - [2025-10-07T00:21:27.331+0000] {dag.py:3954} INFO - Setting next_dagrun for Airflow_Lab2 to 2025-10-08 00:00:00+00:00, run_after=2025-10-09 00:00:00+00:00
[2025-10-07T00:21:27.544+0000] {processor.py:183} INFO - Processing /opt/airflow/dags/main.py took 6.784 seconds
[2025-10-07T00:21:57.773+0000] {processor.py:161} INFO - Started process (PID=156) to work on /opt/airflow/dags/main.py
[2025-10-07T00:21:57.779+0000] {processor.py:830} INFO - Processing file /opt/airflow/dags/main.py for tasks to queue
[2025-10-07T00:21:57.803+0000] {logging_mixin.py:188} INFO - [2025-10-07T00:21:57.802+0000] {dagbag.py:545} INFO - Filling up the DagBag from /opt/airflow/dags/main.py
[2025-10-07T00:22:05.412+0000] {processor.py:840} INFO - DAG(s) 'Airflow_Lab2' retrieved from /opt/airflow/dags/main.py
[2025-10-07T00:22:06.159+0000] {logging_mixin.py:188} INFO - [2025-10-07T00:22:06.155+0000] {dag.py:3096} INFO - Sync 1 DAGs
[2025-10-07T00:22:06.214+0000] {logging_mixin.py:188} INFO - [2025-10-07T00:22:06.214+0000] {dag.py:3954} INFO - Setting next_dagrun for Airflow_Lab2 to 2025-10-08 00:00:00+00:00, run_after=2025-10-09 00:00:00+00:00
[2025-10-07T00:22:06.363+0000] {processor.py:183} INFO - Processing /opt/airflow/dags/main.py took 8.605 seconds
[2025-10-07T00:22:36.676+0000] {processor.py:161} INFO - Started process (PID=179) to work on /opt/airflow/dags/main.py
[2025-10-07T00:22:36.681+0000] {processor.py:830} INFO - Processing file /opt/airflow/dags/main.py for tasks to queue
[2025-10-07T00:22:36.713+0000] {logging_mixin.py:188} INFO - [2025-10-07T00:22:36.712+0000] {dagbag.py:545} INFO - Filling up the DagBag from /opt/airflow/dags/main.py
[2025-10-07T00:22:41.289+0000] {processor.py:840} INFO - DAG(s) 'Airflow_Lab2' retrieved from /opt/airflow/dags/main.py
[2025-10-07T00:22:41.651+0000] {logging_mixin.py:188} INFO - [2025-10-07T00:22:41.650+0000] {dag.py:3096} INFO - Sync 1 DAGs
[2025-10-07T00:22:41.702+0000] {logging_mixin.py:188} INFO - [2025-10-07T00:22:41.701+0000] {dag.py:3954} INFO - Setting next_dagrun for Airflow_Lab2 to 2025-10-08 00:00:00+00:00, run_after=2025-10-09 00:00:00+00:00
[2025-10-07T00:22:41.814+0000] {processor.py:183} INFO - Processing /opt/airflow/dags/main.py took 5.163 seconds
[2025-10-07T00:23:11.988+0000] {processor.py:161} INFO - Started process (PID=196) to work on /opt/airflow/dags/main.py
[2025-10-07T00:23:11.994+0000] {processor.py:830} INFO - Processing file /opt/airflow/dags/main.py for tasks to queue
[2025-10-07T00:23:12.032+0000] {logging_mixin.py:188} INFO - [2025-10-07T00:23:12.025+0000] {dagbag.py:545} INFO - Filling up the DagBag from /opt/airflow/dags/main.py
[2025-10-07T00:23:14.017+0000] {processor.py:840} INFO - DAG(s) 'Airflow_Lab2' retrieved from /opt/airflow/dags/main.py
[2025-10-07T00:23:14.280+0000] {logging_mixin.py:188} INFO - [2025-10-07T00:23:14.275+0000] {dag.py:3096} INFO - Sync 1 DAGs
[2025-10-07T00:23:14.366+0000] {logging_mixin.py:188} INFO - [2025-10-07T00:23:14.365+0000] {dag.py:3954} INFO - Setting next_dagrun for Airflow_Lab2 to 2025-10-08 00:00:00+00:00, run_after=2025-10-09 00:00:00+00:00
[2025-10-07T00:23:14.510+0000] {processor.py:183} INFO - Processing /opt/airflow/dags/main.py took 2.532 seconds
[2025-10-07T00:23:20.364+0000] {processor.py:161} INFO - Started process (PID=208) to work on /opt/airflow/dags/main.py
[2025-10-07T00:23:20.374+0000] {processor.py:830} INFO - Processing file /opt/airflow/dags/main.py for tasks to queue
[2025-10-07T00:23:20.400+0000] {logging_mixin.py:188} INFO - [2025-10-07T00:23:20.397+0000] {dagbag.py:545} INFO - Filling up the DagBag from /opt/airflow/dags/main.py
[2025-10-07T00:23:23.052+0000] {processor.py:840} INFO - DAG(s) 'Airflow_Lab2' retrieved from /opt/airflow/dags/main.py
[2025-10-07T00:23:23.111+0000] {logging_mixin.py:188} INFO - [2025-10-07T00:23:23.106+0000] {dag.py:3096} INFO - Sync 1 DAGs
[2025-10-07T00:23:23.191+0000] {logging_mixin.py:188} INFO - [2025-10-07T00:23:23.191+0000] {dag.py:3954} INFO - Setting next_dagrun for Airflow_Lab2 to 2025-10-08 00:00:00+00:00, run_after=2025-10-09 00:00:00+00:00
[2025-10-07T00:23:23.398+0000] {processor.py:183} INFO - Processing /opt/airflow/dags/main.py took 3.079 seconds
[2025-10-07T00:26:40.880+0000] {processor.py:161} INFO - Started process (PID=100) to work on /opt/airflow/dags/main.py
[2025-10-07T00:26:40.884+0000] {processor.py:830} INFO - Processing file /opt/airflow/dags/main.py for tasks to queue
[2025-10-07T00:26:40.907+0000] {logging_mixin.py:188} INFO - [2025-10-07T00:26:40.906+0000] {dagbag.py:545} INFO - Filling up the DagBag from /opt/airflow/dags/main.py
[2025-10-07T00:26:50.861+0000] {processor.py:840} INFO - DAG(s) 'Airflow_Lab2' retrieved from /opt/airflow/dags/main.py
[2025-10-07T00:26:51.847+0000] {logging_mixin.py:188} INFO - [2025-10-07T00:26:51.838+0000] {dag.py:3096} INFO - Sync 1 DAGs
[2025-10-07T00:26:51.992+0000] {logging_mixin.py:188} INFO - [2025-10-07T00:26:51.991+0000] {dag.py:3954} INFO - Setting next_dagrun for Airflow_Lab2 to 2025-10-08 00:00:00+00:00, run_after=2025-10-09 00:00:00+00:00
[2025-10-07T00:26:52.225+0000] {processor.py:183} INFO - Processing /opt/airflow/dags/main.py took 11.387 seconds
[2025-10-07T00:27:22.609+0000] {processor.py:161} INFO - Started process (PID=123) to work on /opt/airflow/dags/main.py
[2025-10-07T00:27:22.611+0000] {processor.py:830} INFO - Processing file /opt/airflow/dags/main.py for tasks to queue
[2025-10-07T00:27:22.625+0000] {logging_mixin.py:188} INFO - [2025-10-07T00:27:22.624+0000] {dagbag.py:545} INFO - Filling up the DagBag from /opt/airflow/dags/main.py
[2025-10-07T00:27:24.704+0000] {processor.py:840} INFO - DAG(s) 'Airflow_Lab2' retrieved from /opt/airflow/dags/main.py
[2025-10-07T00:27:24.952+0000] {logging_mixin.py:188} INFO - [2025-10-07T00:27:24.947+0000] {dag.py:3096} INFO - Sync 1 DAGs
[2025-10-07T00:27:25.070+0000] {logging_mixin.py:188} INFO - [2025-10-07T00:27:25.069+0000] {dag.py:3954} INFO - Setting next_dagrun for Airflow_Lab2 to 2025-10-08 00:00:00+00:00, run_after=2025-10-09 00:00:00+00:00
[2025-10-07T00:27:25.184+0000] {processor.py:183} INFO - Processing /opt/airflow/dags/main.py took 2.584 seconds
[2025-10-07T00:27:55.536+0000] {processor.py:161} INFO - Started process (PID=141) to work on /opt/airflow/dags/main.py
[2025-10-07T00:27:55.541+0000] {processor.py:830} INFO - Processing file /opt/airflow/dags/main.py for tasks to queue
[2025-10-07T00:27:55.551+0000] {logging_mixin.py:188} INFO - [2025-10-07T00:27:55.551+0000] {dagbag.py:545} INFO - Filling up the DagBag from /opt/airflow/dags/main.py
[2025-10-07T00:27:58.717+0000] {processor.py:840} INFO - DAG(s) 'Airflow_Lab2' retrieved from /opt/airflow/dags/main.py
[2025-10-07T00:27:58.931+0000] {logging_mixin.py:188} INFO - [2025-10-07T00:27:58.931+0000] {dag.py:3096} INFO - Sync 1 DAGs
[2025-10-07T00:27:58.976+0000] {logging_mixin.py:188} INFO - [2025-10-07T00:27:58.976+0000] {dag.py:3954} INFO - Setting next_dagrun for Airflow_Lab2 to 2025-10-08 00:00:00+00:00, run_after=2025-10-09 00:00:00+00:00
[2025-10-07T00:27:59.106+0000] {processor.py:183} INFO - Processing /opt/airflow/dags/main.py took 3.578 seconds
[2025-10-07T00:28:29.392+0000] {processor.py:161} INFO - Started process (PID=159) to work on /opt/airflow/dags/main.py
[2025-10-07T00:28:29.397+0000] {processor.py:830} INFO - Processing file /opt/airflow/dags/main.py for tasks to queue
[2025-10-07T00:28:29.413+0000] {logging_mixin.py:188} INFO - [2025-10-07T00:28:29.411+0000] {dagbag.py:545} INFO - Filling up the DagBag from /opt/airflow/dags/main.py
[2025-10-07T00:28:31.154+0000] {processor.py:840} INFO - DAG(s) 'Airflow_Lab2' retrieved from /opt/airflow/dags/main.py
[2025-10-07T00:28:31.526+0000] {logging_mixin.py:188} INFO - [2025-10-07T00:28:31.525+0000] {dag.py:3096} INFO - Sync 1 DAGs
[2025-10-07T00:28:31.572+0000] {logging_mixin.py:188} INFO - [2025-10-07T00:28:31.571+0000] {dag.py:3954} INFO - Setting next_dagrun for Airflow_Lab2 to 2025-10-08 00:00:00+00:00, run_after=2025-10-09 00:00:00+00:00
[2025-10-07T00:28:31.695+0000] {processor.py:183} INFO - Processing /opt/airflow/dags/main.py took 2.316 seconds
[2025-10-07T00:29:01.989+0000] {processor.py:161} INFO - Started process (PID=177) to work on /opt/airflow/dags/main.py
[2025-10-07T00:29:01.996+0000] {processor.py:830} INFO - Processing file /opt/airflow/dags/main.py for tasks to queue
[2025-10-07T00:29:02.020+0000] {logging_mixin.py:188} INFO - [2025-10-07T00:29:02.015+0000] {dagbag.py:545} INFO - Filling up the DagBag from /opt/airflow/dags/main.py
[2025-10-07T00:29:03.236+0000] {processor.py:840} INFO - DAG(s) 'Airflow_Lab2' retrieved from /opt/airflow/dags/main.py
[2025-10-07T00:29:03.301+0000] {logging_mixin.py:188} INFO - [2025-10-07T00:29:03.301+0000] {dag.py:3096} INFO - Sync 1 DAGs
[2025-10-07T00:29:03.316+0000] {logging_mixin.py:188} INFO - [2025-10-07T00:29:03.316+0000] {dag.py:3954} INFO - Setting next_dagrun for Airflow_Lab2 to 2025-10-08 00:00:00+00:00, run_after=2025-10-09 00:00:00+00:00
[2025-10-07T00:29:03.340+0000] {processor.py:183} INFO - Processing /opt/airflow/dags/main.py took 1.358 seconds
[2025-10-07T00:29:33.513+0000] {processor.py:161} INFO - Started process (PID=195) to work on /opt/airflow/dags/main.py
[2025-10-07T00:29:33.520+0000] {processor.py:830} INFO - Processing file /opt/airflow/dags/main.py for tasks to queue
[2025-10-07T00:29:33.530+0000] {logging_mixin.py:188} INFO - [2025-10-07T00:29:33.529+0000] {dagbag.py:545} INFO - Filling up the DagBag from /opt/airflow/dags/main.py
[2025-10-07T00:29:34.950+0000] {processor.py:840} INFO - DAG(s) 'Airflow_Lab2' retrieved from /opt/airflow/dags/main.py
[2025-10-07T00:29:35.247+0000] {logging_mixin.py:188} INFO - [2025-10-07T00:29:35.246+0000] {dag.py:3096} INFO - Sync 1 DAGs
[2025-10-07T00:29:35.344+0000] {logging_mixin.py:188} INFO - [2025-10-07T00:29:35.343+0000] {dag.py:3954} INFO - Setting next_dagrun for Airflow_Lab2 to 2025-10-08 00:00:00+00:00, run_after=2025-10-09 00:00:00+00:00
[2025-10-07T00:29:35.448+0000] {processor.py:183} INFO - Processing /opt/airflow/dags/main.py took 1.946 seconds
[2025-10-07T00:30:02.152+0000] {processor.py:161} INFO - Started process (PID=212) to work on /opt/airflow/dags/main.py
[2025-10-07T00:30:02.155+0000] {processor.py:830} INFO - Processing file /opt/airflow/dags/main.py for tasks to queue
[2025-10-07T00:30:02.166+0000] {logging_mixin.py:188} INFO - [2025-10-07T00:30:02.164+0000] {dagbag.py:545} INFO - Filling up the DagBag from /opt/airflow/dags/main.py
[2025-10-07T00:30:03.368+0000] {processor.py:840} INFO - DAG(s) 'Airflow_Lab2' retrieved from /opt/airflow/dags/main.py
[2025-10-07T00:30:03.479+0000] {logging_mixin.py:188} INFO - [2025-10-07T00:30:03.478+0000] {dag.py:3096} INFO - Sync 1 DAGs
[2025-10-07T00:30:03.598+0000] {logging_mixin.py:188} INFO - [2025-10-07T00:30:03.597+0000] {dag.py:3954} INFO - Setting next_dagrun for Airflow_Lab2 to 2025-10-08 00:00:00+00:00, run_after=2025-10-09 00:00:00+00:00
[2025-10-07T00:30:03.718+0000] {processor.py:183} INFO - Processing /opt/airflow/dags/main.py took 1.573 seconds
[2025-10-07T00:30:33.819+0000] {processor.py:161} INFO - Started process (PID=246) to work on /opt/airflow/dags/main.py
[2025-10-07T00:30:33.821+0000] {processor.py:830} INFO - Processing file /opt/airflow/dags/main.py for tasks to queue
[2025-10-07T00:30:33.832+0000] {logging_mixin.py:188} INFO - [2025-10-07T00:30:33.830+0000] {dagbag.py:545} INFO - Filling up the DagBag from /opt/airflow/dags/main.py
[2025-10-07T00:30:35.410+0000] {processor.py:840} INFO - DAG(s) 'Airflow_Lab2' retrieved from /opt/airflow/dags/main.py
[2025-10-07T00:30:35.615+0000] {logging_mixin.py:188} INFO - [2025-10-07T00:30:35.614+0000] {dag.py:3096} INFO - Sync 1 DAGs
[2025-10-07T00:30:35.665+0000] {logging_mixin.py:188} INFO - [2025-10-07T00:30:35.665+0000] {dag.py:3954} INFO - Setting next_dagrun for Airflow_Lab2 to 2025-10-08 00:00:00+00:00, run_after=2025-10-09 00:00:00+00:00
[2025-10-07T00:30:35.698+0000] {processor.py:183} INFO - Processing /opt/airflow/dags/main.py took 1.889 seconds
[2025-10-07T00:31:06.023+0000] {processor.py:161} INFO - Started process (PID=264) to work on /opt/airflow/dags/main.py
[2025-10-07T00:31:06.035+0000] {processor.py:830} INFO - Processing file /opt/airflow/dags/main.py for tasks to queue
[2025-10-07T00:31:06.055+0000] {logging_mixin.py:188} INFO - [2025-10-07T00:31:06.054+0000] {dagbag.py:545} INFO - Filling up the DagBag from /opt/airflow/dags/main.py
[2025-10-07T00:31:07.631+0000] {processor.py:840} INFO - DAG(s) 'Airflow_Lab2' retrieved from /opt/airflow/dags/main.py
[2025-10-07T00:31:07.818+0000] {logging_mixin.py:188} INFO - [2025-10-07T00:31:07.816+0000] {dag.py:3096} INFO - Sync 1 DAGs
[2025-10-07T00:31:07.878+0000] {logging_mixin.py:188} INFO - [2025-10-07T00:31:07.877+0000] {dag.py:3954} INFO - Setting next_dagrun for Airflow_Lab2 to 2025-10-08 00:00:00+00:00, run_after=2025-10-09 00:00:00+00:00
[2025-10-07T00:31:07.952+0000] {processor.py:183} INFO - Processing /opt/airflow/dags/main.py took 1.938 seconds
[2025-10-07T00:31:38.230+0000] {processor.py:161} INFO - Started process (PID=282) to work on /opt/airflow/dags/main.py
[2025-10-07T00:31:38.234+0000] {processor.py:830} INFO - Processing file /opt/airflow/dags/main.py for tasks to queue
[2025-10-07T00:31:38.248+0000] {logging_mixin.py:188} INFO - [2025-10-07T00:31:38.245+0000] {dagbag.py:545} INFO - Filling up the DagBag from /opt/airflow/dags/main.py
[2025-10-07T00:31:39.460+0000] {processor.py:840} INFO - DAG(s) 'Airflow_Lab2' retrieved from /opt/airflow/dags/main.py
[2025-10-07T00:31:39.646+0000] {logging_mixin.py:188} INFO - [2025-10-07T00:31:39.645+0000] {dag.py:3096} INFO - Sync 1 DAGs
[2025-10-07T00:31:39.687+0000] {logging_mixin.py:188} INFO - [2025-10-07T00:31:39.687+0000] {dag.py:3954} INFO - Setting next_dagrun for Airflow_Lab2 to 2025-10-08 00:00:00+00:00, run_after=2025-10-09 00:00:00+00:00
[2025-10-07T00:31:39.775+0000] {processor.py:183} INFO - Processing /opt/airflow/dags/main.py took 1.552 seconds
[2025-10-07T00:32:09.990+0000] {processor.py:161} INFO - Started process (PID=300) to work on /opt/airflow/dags/main.py
[2025-10-07T00:32:09.993+0000] {processor.py:830} INFO - Processing file /opt/airflow/dags/main.py for tasks to queue
[2025-10-07T00:32:10.005+0000] {logging_mixin.py:188} INFO - [2025-10-07T00:32:10.004+0000] {dagbag.py:545} INFO - Filling up the DagBag from /opt/airflow/dags/main.py
[2025-10-07T00:32:11.163+0000] {processor.py:840} INFO - DAG(s) 'Airflow_Lab2' retrieved from /opt/airflow/dags/main.py
[2025-10-07T00:32:11.289+0000] {logging_mixin.py:188} INFO - [2025-10-07T00:32:11.287+0000] {dag.py:3096} INFO - Sync 1 DAGs
[2025-10-07T00:32:11.341+0000] {logging_mixin.py:188} INFO - [2025-10-07T00:32:11.339+0000] {dag.py:3954} INFO - Setting next_dagrun for Airflow_Lab2 to 2025-10-08 00:00:00+00:00, run_after=2025-10-09 00:00:00+00:00
[2025-10-07T00:32:11.424+0000] {processor.py:183} INFO - Processing /opt/airflow/dags/main.py took 1.439 seconds
[2025-10-07T00:32:41.694+0000] {processor.py:161} INFO - Started process (PID=318) to work on /opt/airflow/dags/main.py
[2025-10-07T00:32:41.705+0000] {processor.py:830} INFO - Processing file /opt/airflow/dags/main.py for tasks to queue
[2025-10-07T00:32:41.710+0000] {logging_mixin.py:188} INFO - [2025-10-07T00:32:41.710+0000] {dagbag.py:545} INFO - Filling up the DagBag from /opt/airflow/dags/main.py
[2025-10-07T00:32:43.133+0000] {processor.py:840} INFO - DAG(s) 'Airflow_Lab2' retrieved from /opt/airflow/dags/main.py
[2025-10-07T00:32:43.267+0000] {logging_mixin.py:188} INFO - [2025-10-07T00:32:43.265+0000] {dag.py:3096} INFO - Sync 1 DAGs
[2025-10-07T00:32:43.318+0000] {logging_mixin.py:188} INFO - [2025-10-07T00:32:43.318+0000] {dag.py:3954} INFO - Setting next_dagrun for Airflow_Lab2 to 2025-10-08 00:00:00+00:00, run_after=2025-10-09 00:00:00+00:00
[2025-10-07T00:32:43.397+0000] {processor.py:183} INFO - Processing /opt/airflow/dags/main.py took 1.711 seconds
[2025-10-07T00:33:13.801+0000] {processor.py:161} INFO - Started process (PID=342) to work on /opt/airflow/dags/main.py
[2025-10-07T00:33:13.804+0000] {processor.py:830} INFO - Processing file /opt/airflow/dags/main.py for tasks to queue
[2025-10-07T00:33:13.815+0000] {logging_mixin.py:188} INFO - [2025-10-07T00:33:13.811+0000] {dagbag.py:545} INFO - Filling up the DagBag from /opt/airflow/dags/main.py
[2025-10-07T00:33:15.238+0000] {processor.py:840} INFO - DAG(s) 'Airflow_Lab2' retrieved from /opt/airflow/dags/main.py
[2025-10-07T00:33:15.437+0000] {logging_mixin.py:188} INFO - [2025-10-07T00:33:15.436+0000] {dag.py:3096} INFO - Sync 1 DAGs
[2025-10-07T00:33:15.531+0000] {logging_mixin.py:188} INFO - [2025-10-07T00:33:15.530+0000] {dag.py:3954} INFO - Setting next_dagrun for Airflow_Lab2 to 2025-10-08 00:00:00+00:00, run_after=2025-10-09 00:00:00+00:00
[2025-10-07T00:33:15.658+0000] {processor.py:183} INFO - Processing /opt/airflow/dags/main.py took 1.869 seconds
[2025-10-07T00:33:44.981+0000] {processor.py:161} INFO - Started process (PID=360) to work on /opt/airflow/dags/main.py
[2025-10-07T00:33:44.983+0000] {processor.py:830} INFO - Processing file /opt/airflow/dags/main.py for tasks to queue
[2025-10-07T00:33:45.007+0000] {logging_mixin.py:188} INFO - [2025-10-07T00:33:45.004+0000] {dagbag.py:545} INFO - Filling up the DagBag from /opt/airflow/dags/main.py
[2025-10-07T00:33:46.282+0000] {processor.py:840} INFO - DAG(s) 'Airflow_Lab2' retrieved from /opt/airflow/dags/main.py
[2025-10-07T00:33:46.536+0000] {logging_mixin.py:188} INFO - [2025-10-07T00:33:46.535+0000] {dag.py:3096} INFO - Sync 1 DAGs
[2025-10-07T00:33:46.652+0000] {logging_mixin.py:188} INFO - [2025-10-07T00:33:46.651+0000] {dag.py:3954} INFO - Setting next_dagrun for Airflow_Lab2 to 2025-10-08 00:00:00+00:00, run_after=2025-10-09 00:00:00+00:00
[2025-10-07T00:33:46.743+0000] {processor.py:183} INFO - Processing /opt/airflow/dags/main.py took 1.770 seconds
[2025-10-07T00:34:17.257+0000] {processor.py:161} INFO - Started process (PID=378) to work on /opt/airflow/dags/main.py
[2025-10-07T00:34:17.262+0000] {processor.py:830} INFO - Processing file /opt/airflow/dags/main.py for tasks to queue
[2025-10-07T00:34:17.268+0000] {logging_mixin.py:188} INFO - [2025-10-07T00:34:17.268+0000] {dagbag.py:545} INFO - Filling up the DagBag from /opt/airflow/dags/main.py
[2025-10-07T00:34:18.453+0000] {processor.py:840} INFO - DAG(s) 'Airflow_Lab2' retrieved from /opt/airflow/dags/main.py
[2025-10-07T00:34:18.567+0000] {logging_mixin.py:188} INFO - [2025-10-07T00:34:18.567+0000] {dag.py:3096} INFO - Sync 1 DAGs
[2025-10-07T00:34:18.586+0000] {logging_mixin.py:188} INFO - [2025-10-07T00:34:18.586+0000] {dag.py:3954} INFO - Setting next_dagrun for Airflow_Lab2 to 2025-10-08 00:00:00+00:00, run_after=2025-10-09 00:00:00+00:00
[2025-10-07T00:34:18.608+0000] {processor.py:183} INFO - Processing /opt/airflow/dags/main.py took 1.356 seconds
[2025-10-07T00:34:48.810+0000] {processor.py:161} INFO - Started process (PID=396) to work on /opt/airflow/dags/main.py
[2025-10-07T00:34:48.812+0000] {processor.py:830} INFO - Processing file /opt/airflow/dags/main.py for tasks to queue
[2025-10-07T00:34:48.818+0000] {logging_mixin.py:188} INFO - [2025-10-07T00:34:48.817+0000] {dagbag.py:545} INFO - Filling up the DagBag from /opt/airflow/dags/main.py
[2025-10-07T00:34:49.813+0000] {processor.py:840} INFO - DAG(s) 'Airflow_Lab2' retrieved from /opt/airflow/dags/main.py
[2025-10-07T00:34:49.931+0000] {logging_mixin.py:188} INFO - [2025-10-07T00:34:49.930+0000] {dag.py:3096} INFO - Sync 1 DAGs
[2025-10-07T00:34:49.982+0000] {logging_mixin.py:188} INFO - [2025-10-07T00:34:49.982+0000] {dag.py:3954} INFO - Setting next_dagrun for Airflow_Lab2 to 2025-10-08 00:00:00+00:00, run_after=2025-10-09 00:00:00+00:00
[2025-10-07T00:34:50.040+0000] {processor.py:183} INFO - Processing /opt/airflow/dags/main.py took 1.236 seconds
[2025-10-07T00:35:20.396+0000] {processor.py:161} INFO - Started process (PID=414) to work on /opt/airflow/dags/main.py
[2025-10-07T00:35:20.399+0000] {processor.py:830} INFO - Processing file /opt/airflow/dags/main.py for tasks to queue
[2025-10-07T00:35:20.440+0000] {logging_mixin.py:188} INFO - [2025-10-07T00:35:20.434+0000] {dagbag.py:545} INFO - Filling up the DagBag from /opt/airflow/dags/main.py
[2025-10-07T00:35:21.796+0000] {processor.py:840} INFO - DAG(s) 'Airflow_Lab2' retrieved from /opt/airflow/dags/main.py
[2025-10-07T00:35:21.995+0000] {logging_mixin.py:188} INFO - [2025-10-07T00:35:21.995+0000] {dag.py:3096} INFO - Sync 1 DAGs
[2025-10-07T00:35:22.065+0000] {logging_mixin.py:188} INFO - [2025-10-07T00:35:22.065+0000] {dag.py:3954} INFO - Setting next_dagrun for Airflow_Lab2 to 2025-10-08 00:00:00+00:00, run_after=2025-10-09 00:00:00+00:00
[2025-10-07T00:35:22.127+0000] {processor.py:183} INFO - Processing /opt/airflow/dags/main.py took 1.739 seconds
[2025-10-07T00:35:52.368+0000] {processor.py:161} INFO - Started process (PID=432) to work on /opt/airflow/dags/main.py
[2025-10-07T00:35:52.370+0000] {processor.py:830} INFO - Processing file /opt/airflow/dags/main.py for tasks to queue
[2025-10-07T00:35:52.404+0000] {logging_mixin.py:188} INFO - [2025-10-07T00:35:52.402+0000] {dagbag.py:545} INFO - Filling up the DagBag from /opt/airflow/dags/main.py
[2025-10-07T00:35:54.461+0000] {processor.py:840} INFO - DAG(s) 'Airflow_Lab2' retrieved from /opt/airflow/dags/main.py
[2025-10-07T00:35:54.762+0000] {logging_mixin.py:188} INFO - [2025-10-07T00:35:54.759+0000] {dag.py:3096} INFO - Sync 1 DAGs
[2025-10-07T00:35:54.929+0000] {logging_mixin.py:188} INFO - [2025-10-07T00:35:54.928+0000] {dag.py:3954} INFO - Setting next_dagrun for Airflow_Lab2 to 2025-10-08 00:00:00+00:00, run_after=2025-10-09 00:00:00+00:00
[2025-10-07T00:35:55.022+0000] {processor.py:183} INFO - Processing /opt/airflow/dags/main.py took 2.667 seconds
[2025-10-07T00:36:25.249+0000] {processor.py:161} INFO - Started process (PID=450) to work on /opt/airflow/dags/main.py
[2025-10-07T00:36:25.261+0000] {processor.py:830} INFO - Processing file /opt/airflow/dags/main.py for tasks to queue
[2025-10-07T00:36:25.270+0000] {logging_mixin.py:188} INFO - [2025-10-07T00:36:25.269+0000] {dagbag.py:545} INFO - Filling up the DagBag from /opt/airflow/dags/main.py
[2025-10-07T00:36:28.039+0000] {processor.py:840} INFO - DAG(s) 'Airflow_Lab2' retrieved from /opt/airflow/dags/main.py
[2025-10-07T00:36:28.328+0000] {logging_mixin.py:188} INFO - [2025-10-07T00:36:28.328+0000] {dag.py:3096} INFO - Sync 1 DAGs
[2025-10-07T00:36:28.395+0000] {logging_mixin.py:188} INFO - [2025-10-07T00:36:28.395+0000] {dag.py:3954} INFO - Setting next_dagrun for Airflow_Lab2 to 2025-10-08 00:00:00+00:00, run_after=2025-10-09 00:00:00+00:00
[2025-10-07T00:36:28.484+0000] {processor.py:183} INFO - Processing /opt/airflow/dags/main.py took 3.245 seconds
[2025-10-07T00:40:33.410+0000] {processor.py:161} INFO - Started process (PID=96) to work on /opt/airflow/dags/main.py
[2025-10-07T00:40:33.412+0000] {processor.py:830} INFO - Processing file /opt/airflow/dags/main.py for tasks to queue
[2025-10-07T00:40:33.415+0000] {logging_mixin.py:188} INFO - [2025-10-07T00:40:33.414+0000] {dagbag.py:545} INFO - Filling up the DagBag from /opt/airflow/dags/main.py
[2025-10-07T00:40:37.054+0000] {processor.py:840} INFO - DAG(s) 'Airflow_Lab2' retrieved from /opt/airflow/dags/main.py
[2025-10-07T00:40:37.191+0000] {logging_mixin.py:188} INFO - [2025-10-07T00:40:37.191+0000] {dag.py:3096} INFO - Sync 1 DAGs
[2025-10-07T00:40:37.215+0000] {logging_mixin.py:188} INFO - [2025-10-07T00:40:37.215+0000] {dag.py:3954} INFO - Setting next_dagrun for Airflow_Lab2 to 2025-10-08 00:00:00+00:00, run_after=2025-10-09 00:00:00+00:00
[2025-10-07T00:40:37.298+0000] {processor.py:183} INFO - Processing /opt/airflow/dags/main.py took 3.894 seconds
[2025-10-07T00:41:07.577+0000] {processor.py:161} INFO - Started process (PID=115) to work on /opt/airflow/dags/main.py
[2025-10-07T00:41:07.581+0000] {processor.py:830} INFO - Processing file /opt/airflow/dags/main.py for tasks to queue
[2025-10-07T00:41:07.592+0000] {logging_mixin.py:188} INFO - [2025-10-07T00:41:07.591+0000] {dagbag.py:545} INFO - Filling up the DagBag from /opt/airflow/dags/main.py
[2025-10-07T00:41:09.547+0000] {processor.py:840} INFO - DAG(s) 'Airflow_Lab2' retrieved from /opt/airflow/dags/main.py
[2025-10-07T00:41:09.761+0000] {logging_mixin.py:188} INFO - [2025-10-07T00:41:09.758+0000] {dag.py:3096} INFO - Sync 1 DAGs
[2025-10-07T00:41:09.846+0000] {logging_mixin.py:188} INFO - [2025-10-07T00:41:09.845+0000] {dag.py:3954} INFO - Setting next_dagrun for Airflow_Lab2 to 2025-10-08 00:00:00+00:00, run_after=2025-10-09 00:00:00+00:00
[2025-10-07T00:41:09.895+0000] {processor.py:183} INFO - Processing /opt/airflow/dags/main.py took 2.322 seconds
[2025-10-07T00:41:40.114+0000] {processor.py:161} INFO - Started process (PID=133) to work on /opt/airflow/dags/main.py
[2025-10-07T00:41:40.116+0000] {processor.py:830} INFO - Processing file /opt/airflow/dags/main.py for tasks to queue
[2025-10-07T00:41:40.127+0000] {logging_mixin.py:188} INFO - [2025-10-07T00:41:40.126+0000] {dagbag.py:545} INFO - Filling up the DagBag from /opt/airflow/dags/main.py
[2025-10-07T00:41:41.396+0000] {processor.py:840} INFO - DAG(s) 'Airflow_Lab2' retrieved from /opt/airflow/dags/main.py
[2025-10-07T00:41:41.627+0000] {logging_mixin.py:188} INFO - [2025-10-07T00:41:41.620+0000] {dag.py:3096} INFO - Sync 1 DAGs
[2025-10-07T00:41:41.719+0000] {logging_mixin.py:188} INFO - [2025-10-07T00:41:41.717+0000] {dag.py:3954} INFO - Setting next_dagrun for Airflow_Lab2 to 2025-10-08 00:00:00+00:00, run_after=2025-10-09 00:00:00+00:00
[2025-10-07T00:41:41.867+0000] {processor.py:183} INFO - Processing /opt/airflow/dags/main.py took 1.757 seconds
[2025-10-07T00:42:12.306+0000] {processor.py:161} INFO - Started process (PID=158) to work on /opt/airflow/dags/main.py
[2025-10-07T00:42:12.309+0000] {processor.py:830} INFO - Processing file /opt/airflow/dags/main.py for tasks to queue
[2025-10-07T00:42:12.356+0000] {logging_mixin.py:188} INFO - [2025-10-07T00:42:12.342+0000] {dagbag.py:545} INFO - Filling up the DagBag from /opt/airflow/dags/main.py
[2025-10-07T00:42:13.634+0000] {processor.py:840} INFO - DAG(s) 'Airflow_Lab2' retrieved from /opt/airflow/dags/main.py
[2025-10-07T00:42:13.797+0000] {logging_mixin.py:188} INFO - [2025-10-07T00:42:13.797+0000] {dag.py:3096} INFO - Sync 1 DAGs
[2025-10-07T00:42:13.857+0000] {logging_mixin.py:188} INFO - [2025-10-07T00:42:13.857+0000] {dag.py:3954} INFO - Setting next_dagrun for Airflow_Lab2 to 2025-10-08 00:00:00+00:00, run_after=2025-10-09 00:00:00+00:00
[2025-10-07T00:42:13.919+0000] {processor.py:183} INFO - Processing /opt/airflow/dags/main.py took 1.621 seconds
[2025-10-07T00:42:44.312+0000] {processor.py:161} INFO - Started process (PID=176) to work on /opt/airflow/dags/main.py
[2025-10-07T00:42:44.316+0000] {processor.py:830} INFO - Processing file /opt/airflow/dags/main.py for tasks to queue
[2025-10-07T00:42:44.322+0000] {logging_mixin.py:188} INFO - [2025-10-07T00:42:44.321+0000] {dagbag.py:545} INFO - Filling up the DagBag from /opt/airflow/dags/main.py
[2025-10-07T00:42:45.718+0000] {processor.py:840} INFO - DAG(s) 'Airflow_Lab2' retrieved from /opt/airflow/dags/main.py
[2025-10-07T00:42:45.897+0000] {logging_mixin.py:188} INFO - [2025-10-07T00:42:45.896+0000] {dag.py:3096} INFO - Sync 1 DAGs
[2025-10-07T00:42:45.949+0000] {logging_mixin.py:188} INFO - [2025-10-07T00:42:45.949+0000] {dag.py:3954} INFO - Setting next_dagrun for Airflow_Lab2 to 2025-10-08 00:00:00+00:00, run_after=2025-10-09 00:00:00+00:00
[2025-10-07T00:42:46.016+0000] {processor.py:183} INFO - Processing /opt/airflow/dags/main.py took 1.713 seconds
[2025-10-07T00:43:16.343+0000] {processor.py:161} INFO - Started process (PID=194) to work on /opt/airflow/dags/main.py
[2025-10-07T00:43:16.346+0000] {processor.py:830} INFO - Processing file /opt/airflow/dags/main.py for tasks to queue
[2025-10-07T00:43:16.354+0000] {logging_mixin.py:188} INFO - [2025-10-07T00:43:16.352+0000] {dagbag.py:545} INFO - Filling up the DagBag from /opt/airflow/dags/main.py
[2025-10-07T00:43:17.430+0000] {processor.py:840} INFO - DAG(s) 'Airflow_Lab2' retrieved from /opt/airflow/dags/main.py
[2025-10-07T00:43:17.669+0000] {logging_mixin.py:188} INFO - [2025-10-07T00:43:17.668+0000] {dag.py:3096} INFO - Sync 1 DAGs
[2025-10-07T00:43:17.729+0000] {logging_mixin.py:188} INFO - [2025-10-07T00:43:17.728+0000] {dag.py:3954} INFO - Setting next_dagrun for Airflow_Lab2 to 2025-10-08 00:00:00+00:00, run_after=2025-10-09 00:00:00+00:00
[2025-10-07T00:43:17.822+0000] {processor.py:183} INFO - Processing /opt/airflow/dags/main.py took 1.487 seconds
[2025-10-07T00:43:48.267+0000] {processor.py:161} INFO - Started process (PID=212) to work on /opt/airflow/dags/main.py
[2025-10-07T00:43:48.270+0000] {processor.py:830} INFO - Processing file /opt/airflow/dags/main.py for tasks to queue
[2025-10-07T00:43:48.274+0000] {logging_mixin.py:188} INFO - [2025-10-07T00:43:48.273+0000] {dagbag.py:545} INFO - Filling up the DagBag from /opt/airflow/dags/main.py
[2025-10-07T00:43:49.850+0000] {processor.py:840} INFO - DAG(s) 'Airflow_Lab2' retrieved from /opt/airflow/dags/main.py
[2025-10-07T00:43:50.049+0000] {logging_mixin.py:188} INFO - [2025-10-07T00:43:50.049+0000] {dag.py:3096} INFO - Sync 1 DAGs
[2025-10-07T00:43:50.122+0000] {logging_mixin.py:188} INFO - [2025-10-07T00:43:50.122+0000] {dag.py:3954} INFO - Setting next_dagrun for Airflow_Lab2 to 2025-10-08 00:00:00+00:00, run_after=2025-10-09 00:00:00+00:00
[2025-10-07T00:43:50.259+0000] {processor.py:183} INFO - Processing /opt/airflow/dags/main.py took 2.004 seconds
[2025-10-07T00:44:20.502+0000] {processor.py:161} INFO - Started process (PID=230) to work on /opt/airflow/dags/main.py
[2025-10-07T00:44:20.508+0000] {processor.py:830} INFO - Processing file /opt/airflow/dags/main.py for tasks to queue
[2025-10-07T00:44:20.526+0000] {logging_mixin.py:188} INFO - [2025-10-07T00:44:20.519+0000] {dagbag.py:545} INFO - Filling up the DagBag from /opt/airflow/dags/main.py
[2025-10-07T00:44:23.347+0000] {processor.py:840} INFO - DAG(s) 'Airflow_Lab2' retrieved from /opt/airflow/dags/main.py
[2025-10-07T00:44:23.589+0000] {logging_mixin.py:188} INFO - [2025-10-07T00:44:23.587+0000] {dag.py:3096} INFO - Sync 1 DAGs
[2025-10-07T00:44:23.649+0000] {logging_mixin.py:188} INFO - [2025-10-07T00:44:23.647+0000] {dag.py:3954} INFO - Setting next_dagrun for Airflow_Lab2 to 2025-10-08 00:00:00+00:00, run_after=2025-10-09 00:00:00+00:00
[2025-10-07T00:44:23.784+0000] {processor.py:183} INFO - Processing /opt/airflow/dags/main.py took 3.291 seconds
[2025-10-07T00:44:54.108+0000] {processor.py:161} INFO - Started process (PID=247) to work on /opt/airflow/dags/main.py
[2025-10-07T00:44:54.109+0000] {processor.py:830} INFO - Processing file /opt/airflow/dags/main.py for tasks to queue
[2025-10-07T00:44:54.112+0000] {logging_mixin.py:188} INFO - [2025-10-07T00:44:54.111+0000] {dagbag.py:545} INFO - Filling up the DagBag from /opt/airflow/dags/main.py
[2025-10-07T00:44:55.388+0000] {processor.py:840} INFO - DAG(s) 'Airflow_Lab2' retrieved from /opt/airflow/dags/main.py
[2025-10-07T00:44:55.658+0000] {logging_mixin.py:188} INFO - [2025-10-07T00:44:55.657+0000] {dag.py:3096} INFO - Sync 1 DAGs
[2025-10-07T00:44:55.751+0000] {logging_mixin.py:188} INFO - [2025-10-07T00:44:55.751+0000] {dag.py:3954} INFO - Setting next_dagrun for Airflow_Lab2 to 2025-10-08 00:00:00+00:00, run_after=2025-10-09 00:00:00+00:00
[2025-10-07T00:44:55.790+0000] {processor.py:183} INFO - Processing /opt/airflow/dags/main.py took 1.691 seconds
[2025-10-07T00:45:26.202+0000] {processor.py:161} INFO - Started process (PID=265) to work on /opt/airflow/dags/main.py
[2025-10-07T00:45:26.217+0000] {processor.py:830} INFO - Processing file /opt/airflow/dags/main.py for tasks to queue
[2025-10-07T00:45:26.256+0000] {logging_mixin.py:188} INFO - [2025-10-07T00:45:26.255+0000] {dagbag.py:545} INFO - Filling up the DagBag from /opt/airflow/dags/main.py
[2025-10-07T00:45:27.956+0000] {processor.py:840} INFO - DAG(s) 'Airflow_Lab2' retrieved from /opt/airflow/dags/main.py
[2025-10-07T00:45:28.199+0000] {logging_mixin.py:188} INFO - [2025-10-07T00:45:28.188+0000] {dag.py:3096} INFO - Sync 1 DAGs
[2025-10-07T00:45:28.259+0000] {logging_mixin.py:188} INFO - [2025-10-07T00:45:28.259+0000] {dag.py:3954} INFO - Setting next_dagrun for Airflow_Lab2 to 2025-10-08 00:00:00+00:00, run_after=2025-10-09 00:00:00+00:00
[2025-10-07T00:45:28.393+0000] {processor.py:183} INFO - Processing /opt/airflow/dags/main.py took 2.208 seconds
[2025-10-07T00:45:58.792+0000] {processor.py:161} INFO - Started process (PID=283) to work on /opt/airflow/dags/main.py
[2025-10-07T00:45:58.793+0000] {processor.py:830} INFO - Processing file /opt/airflow/dags/main.py for tasks to queue
[2025-10-07T00:45:58.805+0000] {logging_mixin.py:188} INFO - [2025-10-07T00:45:58.804+0000] {dagbag.py:545} INFO - Filling up the DagBag from /opt/airflow/dags/main.py
[2025-10-07T00:46:00.218+0000] {processor.py:840} INFO - DAG(s) 'Airflow_Lab2' retrieved from /opt/airflow/dags/main.py
[2025-10-07T00:46:00.463+0000] {logging_mixin.py:188} INFO - [2025-10-07T00:46:00.460+0000] {dag.py:3096} INFO - Sync 1 DAGs
[2025-10-07T00:46:00.516+0000] {logging_mixin.py:188} INFO - [2025-10-07T00:46:00.515+0000] {dag.py:3954} INFO - Setting next_dagrun for Airflow_Lab2 to 2025-10-08 00:00:00+00:00, run_after=2025-10-09 00:00:00+00:00
[2025-10-07T00:46:00.610+0000] {processor.py:183} INFO - Processing /opt/airflow/dags/main.py took 1.826 seconds
[2025-10-07T00:46:30.952+0000] {processor.py:161} INFO - Started process (PID=300) to work on /opt/airflow/dags/main.py
[2025-10-07T00:46:30.955+0000] {processor.py:830} INFO - Processing file /opt/airflow/dags/main.py for tasks to queue
[2025-10-07T00:46:30.973+0000] {logging_mixin.py:188} INFO - [2025-10-07T00:46:30.963+0000] {dagbag.py:545} INFO - Filling up the DagBag from /opt/airflow/dags/main.py
[2025-10-07T00:46:32.437+0000] {processor.py:840} INFO - DAG(s) 'Airflow_Lab2' retrieved from /opt/airflow/dags/main.py
[2025-10-07T00:46:32.613+0000] {logging_mixin.py:188} INFO - [2025-10-07T00:46:32.613+0000] {dag.py:3096} INFO - Sync 1 DAGs
[2025-10-07T00:46:32.660+0000] {logging_mixin.py:188} INFO - [2025-10-07T00:46:32.659+0000] {dag.py:3954} INFO - Setting next_dagrun for Airflow_Lab2 to 2025-10-08 00:00:00+00:00, run_after=2025-10-09 00:00:00+00:00
[2025-10-07T00:46:32.793+0000] {processor.py:183} INFO - Processing /opt/airflow/dags/main.py took 1.857 seconds
[2025-10-07T00:47:03.218+0000] {processor.py:161} INFO - Started process (PID=319) to work on /opt/airflow/dags/main.py
[2025-10-07T00:47:03.227+0000] {processor.py:830} INFO - Processing file /opt/airflow/dags/main.py for tasks to queue
[2025-10-07T00:47:03.301+0000] {logging_mixin.py:188} INFO - [2025-10-07T00:47:03.275+0000] {dagbag.py:545} INFO - Filling up the DagBag from /opt/airflow/dags/main.py
[2025-10-07T00:47:05.092+0000] {processor.py:840} INFO - DAG(s) 'Airflow_Lab2' retrieved from /opt/airflow/dags/main.py
[2025-10-07T00:47:05.338+0000] {logging_mixin.py:188} INFO - [2025-10-07T00:47:05.337+0000] {dag.py:3096} INFO - Sync 1 DAGs
[2025-10-07T00:47:05.405+0000] {logging_mixin.py:188} INFO - [2025-10-07T00:47:05.404+0000] {dag.py:3954} INFO - Setting next_dagrun for Airflow_Lab2 to 2025-10-08 00:00:00+00:00, run_after=2025-10-09 00:00:00+00:00
[2025-10-07T00:47:05.509+0000] {processor.py:183} INFO - Processing /opt/airflow/dags/main.py took 2.330 seconds
[2025-10-07T00:47:36.037+0000] {processor.py:161} INFO - Started process (PID=337) to work on /opt/airflow/dags/main.py
[2025-10-07T00:47:36.041+0000] {processor.py:830} INFO - Processing file /opt/airflow/dags/main.py for tasks to queue
[2025-10-07T00:47:36.048+0000] {logging_mixin.py:188} INFO - [2025-10-07T00:47:36.047+0000] {dagbag.py:545} INFO - Filling up the DagBag from /opt/airflow/dags/main.py
[2025-10-07T00:47:38.120+0000] {processor.py:840} INFO - DAG(s) 'Airflow_Lab2' retrieved from /opt/airflow/dags/main.py
[2025-10-07T00:47:38.296+0000] {logging_mixin.py:188} INFO - [2025-10-07T00:47:38.295+0000] {dag.py:3096} INFO - Sync 1 DAGs
[2025-10-07T00:47:38.370+0000] {logging_mixin.py:188} INFO - [2025-10-07T00:47:38.370+0000] {dag.py:3954} INFO - Setting next_dagrun for Airflow_Lab2 to 2025-10-08 00:00:00+00:00, run_after=2025-10-09 00:00:00+00:00
[2025-10-07T00:47:38.475+0000] {processor.py:183} INFO - Processing /opt/airflow/dags/main.py took 2.458 seconds
[2025-10-07T00:48:08.986+0000] {processor.py:161} INFO - Started process (PID=355) to work on /opt/airflow/dags/main.py
[2025-10-07T00:48:08.989+0000] {processor.py:830} INFO - Processing file /opt/airflow/dags/main.py for tasks to queue
[2025-10-07T00:48:08.996+0000] {logging_mixin.py:188} INFO - [2025-10-07T00:48:08.995+0000] {dagbag.py:545} INFO - Filling up the DagBag from /opt/airflow/dags/main.py
[2025-10-07T00:48:10.435+0000] {processor.py:840} INFO - DAG(s) 'Airflow_Lab2' retrieved from /opt/airflow/dags/main.py
[2025-10-07T00:48:10.684+0000] {logging_mixin.py:188} INFO - [2025-10-07T00:48:10.680+0000] {dag.py:3096} INFO - Sync 1 DAGs
[2025-10-07T00:48:10.748+0000] {logging_mixin.py:188} INFO - [2025-10-07T00:48:10.748+0000] {dag.py:3954} INFO - Setting next_dagrun for Airflow_Lab2 to 2025-10-08 00:00:00+00:00, run_after=2025-10-09 00:00:00+00:00
[2025-10-07T00:48:10.880+0000] {processor.py:183} INFO - Processing /opt/airflow/dags/main.py took 1.904 seconds
[2025-10-07T00:48:41.365+0000] {processor.py:161} INFO - Started process (PID=373) to work on /opt/airflow/dags/main.py
[2025-10-07T00:48:41.369+0000] {processor.py:830} INFO - Processing file /opt/airflow/dags/main.py for tasks to queue
[2025-10-07T00:48:41.381+0000] {logging_mixin.py:188} INFO - [2025-10-07T00:48:41.380+0000] {dagbag.py:545} INFO - Filling up the DagBag from /opt/airflow/dags/main.py
[2025-10-07T00:48:42.773+0000] {processor.py:840} INFO - DAG(s) 'Airflow_Lab2' retrieved from /opt/airflow/dags/main.py
[2025-10-07T00:48:42.958+0000] {logging_mixin.py:188} INFO - [2025-10-07T00:48:42.957+0000] {dag.py:3096} INFO - Sync 1 DAGs
[2025-10-07T00:48:43.050+0000] {logging_mixin.py:188} INFO - [2025-10-07T00:48:43.050+0000] {dag.py:3954} INFO - Setting next_dagrun for Airflow_Lab2 to 2025-10-08 00:00:00+00:00, run_after=2025-10-09 00:00:00+00:00
[2025-10-07T00:48:43.178+0000] {processor.py:183} INFO - Processing /opt/airflow/dags/main.py took 1.819 seconds
[2025-10-07T00:49:13.584+0000] {processor.py:161} INFO - Started process (PID=391) to work on /opt/airflow/dags/main.py
[2025-10-07T00:49:13.590+0000] {processor.py:830} INFO - Processing file /opt/airflow/dags/main.py for tasks to queue
[2025-10-07T00:49:13.610+0000] {logging_mixin.py:188} INFO - [2025-10-07T00:49:13.609+0000] {dagbag.py:545} INFO - Filling up the DagBag from /opt/airflow/dags/main.py
[2025-10-07T00:49:15.084+0000] {processor.py:840} INFO - DAG(s) 'Airflow_Lab2' retrieved from /opt/airflow/dags/main.py
[2025-10-07T00:49:15.306+0000] {logging_mixin.py:188} INFO - [2025-10-07T00:49:15.304+0000] {dag.py:3096} INFO - Sync 1 DAGs
[2025-10-07T00:49:15.408+0000] {logging_mixin.py:188} INFO - [2025-10-07T00:49:15.406+0000] {dag.py:3954} INFO - Setting next_dagrun for Airflow_Lab2 to 2025-10-08 00:00:00+00:00, run_after=2025-10-09 00:00:00+00:00
[2025-10-07T00:49:15.517+0000] {processor.py:183} INFO - Processing /opt/airflow/dags/main.py took 1.940 seconds
[2025-10-07T00:49:46.007+0000] {processor.py:161} INFO - Started process (PID=415) to work on /opt/airflow/dags/main.py
[2025-10-07T00:49:46.013+0000] {processor.py:830} INFO - Processing file /opt/airflow/dags/main.py for tasks to queue
[2025-10-07T00:49:46.020+0000] {logging_mixin.py:188} INFO - [2025-10-07T00:49:46.020+0000] {dagbag.py:545} INFO - Filling up the DagBag from /opt/airflow/dags/main.py
[2025-10-07T00:49:47.195+0000] {processor.py:840} INFO - DAG(s) 'Airflow_Lab2' retrieved from /opt/airflow/dags/main.py
[2025-10-07T00:49:47.343+0000] {logging_mixin.py:188} INFO - [2025-10-07T00:49:47.342+0000] {dag.py:3096} INFO - Sync 1 DAGs
[2025-10-07T00:49:47.412+0000] {logging_mixin.py:188} INFO - [2025-10-07T00:49:47.412+0000] {dag.py:3954} INFO - Setting next_dagrun for Airflow_Lab2 to 2025-10-08 00:00:00+00:00, run_after=2025-10-09 00:00:00+00:00
[2025-10-07T00:49:47.483+0000] {processor.py:183} INFO - Processing /opt/airflow/dags/main.py took 1.486 seconds
[2025-10-07T00:50:17.910+0000] {processor.py:161} INFO - Started process (PID=433) to work on /opt/airflow/dags/main.py
[2025-10-07T00:50:17.923+0000] {processor.py:830} INFO - Processing file /opt/airflow/dags/main.py for tasks to queue
[2025-10-07T00:50:17.949+0000] {logging_mixin.py:188} INFO - [2025-10-07T00:50:17.948+0000] {dagbag.py:545} INFO - Filling up the DagBag from /opt/airflow/dags/main.py
[2025-10-07T00:50:19.606+0000] {processor.py:840} INFO - DAG(s) 'Airflow_Lab2' retrieved from /opt/airflow/dags/main.py
[2025-10-07T00:50:19.836+0000] {logging_mixin.py:188} INFO - [2025-10-07T00:50:19.835+0000] {dag.py:3096} INFO - Sync 1 DAGs
[2025-10-07T00:50:19.910+0000] {logging_mixin.py:188} INFO - [2025-10-07T00:50:19.910+0000] {dag.py:3954} INFO - Setting next_dagrun for Airflow_Lab2 to 2025-10-08 00:00:00+00:00, run_after=2025-10-09 00:00:00+00:00
[2025-10-07T00:50:20.054+0000] {processor.py:183} INFO - Processing /opt/airflow/dags/main.py took 2.155 seconds
[2025-10-07T00:50:50.587+0000] {processor.py:161} INFO - Started process (PID=451) to work on /opt/airflow/dags/main.py
[2025-10-07T00:50:50.591+0000] {processor.py:830} INFO - Processing file /opt/airflow/dags/main.py for tasks to queue
[2025-10-07T00:50:50.620+0000] {logging_mixin.py:188} INFO - [2025-10-07T00:50:50.616+0000] {dagbag.py:545} INFO - Filling up the DagBag from /opt/airflow/dags/main.py
[2025-10-07T00:50:52.126+0000] {processor.py:840} INFO - DAG(s) 'Airflow_Lab2' retrieved from /opt/airflow/dags/main.py
[2025-10-07T00:50:52.419+0000] {logging_mixin.py:188} INFO - [2025-10-07T00:50:52.413+0000] {dag.py:3096} INFO - Sync 1 DAGs
[2025-10-07T00:50:52.515+0000] {logging_mixin.py:188} INFO - [2025-10-07T00:50:52.515+0000] {dag.py:3954} INFO - Setting next_dagrun for Airflow_Lab2 to 2025-10-08 00:00:00+00:00, run_after=2025-10-09 00:00:00+00:00
[2025-10-07T00:50:52.595+0000] {processor.py:183} INFO - Processing /opt/airflow/dags/main.py took 2.035 seconds
[2025-10-07T00:51:23.064+0000] {processor.py:161} INFO - Started process (PID=469) to work on /opt/airflow/dags/main.py
[2025-10-07T00:51:23.068+0000] {processor.py:830} INFO - Processing file /opt/airflow/dags/main.py for tasks to queue
[2025-10-07T00:51:23.084+0000] {logging_mixin.py:188} INFO - [2025-10-07T00:51:23.080+0000] {dagbag.py:545} INFO - Filling up the DagBag from /opt/airflow/dags/main.py
[2025-10-07T00:51:24.646+0000] {processor.py:840} INFO - DAG(s) 'Airflow_Lab2' retrieved from /opt/airflow/dags/main.py
[2025-10-07T00:51:24.844+0000] {logging_mixin.py:188} INFO - [2025-10-07T00:51:24.843+0000] {dag.py:3096} INFO - Sync 1 DAGs
[2025-10-07T00:51:24.873+0000] {logging_mixin.py:188} INFO - [2025-10-07T00:51:24.873+0000] {dag.py:3954} INFO - Setting next_dagrun for Airflow_Lab2 to 2025-10-08 00:00:00+00:00, run_after=2025-10-09 00:00:00+00:00
[2025-10-07T00:51:25.010+0000] {processor.py:183} INFO - Processing /opt/airflow/dags/main.py took 1.958 seconds
[2025-10-07T00:51:55.531+0000] {processor.py:161} INFO - Started process (PID=487) to work on /opt/airflow/dags/main.py
[2025-10-07T00:51:55.533+0000] {processor.py:830} INFO - Processing file /opt/airflow/dags/main.py for tasks to queue
[2025-10-07T00:51:55.538+0000] {logging_mixin.py:188} INFO - [2025-10-07T00:51:55.536+0000] {dagbag.py:545} INFO - Filling up the DagBag from /opt/airflow/dags/main.py
[2025-10-07T00:51:57.170+0000] {processor.py:840} INFO - DAG(s) 'Airflow_Lab2' retrieved from /opt/airflow/dags/main.py
[2025-10-07T00:51:57.329+0000] {logging_mixin.py:188} INFO - [2025-10-07T00:51:57.325+0000] {dag.py:3096} INFO - Sync 1 DAGs
[2025-10-07T00:51:57.388+0000] {logging_mixin.py:188} INFO - [2025-10-07T00:51:57.387+0000] {dag.py:3954} INFO - Setting next_dagrun for Airflow_Lab2 to 2025-10-08 00:00:00+00:00, run_after=2025-10-09 00:00:00+00:00
[2025-10-07T00:51:57.553+0000] {processor.py:183} INFO - Processing /opt/airflow/dags/main.py took 2.028 seconds
[2025-10-07T00:52:27.998+0000] {processor.py:161} INFO - Started process (PID=505) to work on /opt/airflow/dags/main.py
[2025-10-07T00:52:28.002+0000] {processor.py:830} INFO - Processing file /opt/airflow/dags/main.py for tasks to queue
[2025-10-07T00:52:28.022+0000] {logging_mixin.py:188} INFO - [2025-10-07T00:52:28.019+0000] {dagbag.py:545} INFO - Filling up the DagBag from /opt/airflow/dags/main.py
[2025-10-07T00:52:29.205+0000] {processor.py:840} INFO - DAG(s) 'Airflow_Lab2' retrieved from /opt/airflow/dags/main.py
[2025-10-07T00:52:29.390+0000] {logging_mixin.py:188} INFO - [2025-10-07T00:52:29.390+0000] {dag.py:3096} INFO - Sync 1 DAGs
[2025-10-07T00:52:29.485+0000] {logging_mixin.py:188} INFO - [2025-10-07T00:52:29.484+0000] {dag.py:3954} INFO - Setting next_dagrun for Airflow_Lab2 to 2025-10-08 00:00:00+00:00, run_after=2025-10-09 00:00:00+00:00
[2025-10-07T00:52:29.583+0000] {processor.py:183} INFO - Processing /opt/airflow/dags/main.py took 1.592 seconds
[2025-10-07T00:53:00.081+0000] {processor.py:161} INFO - Started process (PID=523) to work on /opt/airflow/dags/main.py
[2025-10-07T00:53:00.083+0000] {processor.py:830} INFO - Processing file /opt/airflow/dags/main.py for tasks to queue
[2025-10-07T00:53:00.090+0000] {logging_mixin.py:188} INFO - [2025-10-07T00:53:00.089+0000] {dagbag.py:545} INFO - Filling up the DagBag from /opt/airflow/dags/main.py
[2025-10-07T00:53:01.457+0000] {processor.py:840} INFO - DAG(s) 'Airflow_Lab2' retrieved from /opt/airflow/dags/main.py
[2025-10-07T00:53:01.656+0000] {logging_mixin.py:188} INFO - [2025-10-07T00:53:01.654+0000] {dag.py:3096} INFO - Sync 1 DAGs
[2025-10-07T00:53:01.704+0000] {logging_mixin.py:188} INFO - [2025-10-07T00:53:01.704+0000] {dag.py:3954} INFO - Setting next_dagrun for Airflow_Lab2 to 2025-10-08 00:00:00+00:00, run_after=2025-10-09 00:00:00+00:00
[2025-10-07T00:53:01.787+0000] {processor.py:183} INFO - Processing /opt/airflow/dags/main.py took 1.710 seconds
[2025-10-07T00:53:32.141+0000] {processor.py:161} INFO - Started process (PID=541) to work on /opt/airflow/dags/main.py
[2025-10-07T00:53:32.148+0000] {processor.py:830} INFO - Processing file /opt/airflow/dags/main.py for tasks to queue
[2025-10-07T00:53:32.166+0000] {logging_mixin.py:188} INFO - [2025-10-07T00:53:32.166+0000] {dagbag.py:545} INFO - Filling up the DagBag from /opt/airflow/dags/main.py
[2025-10-07T00:53:33.727+0000] {processor.py:840} INFO - DAG(s) 'Airflow_Lab2' retrieved from /opt/airflow/dags/main.py
[2025-10-07T00:53:34.038+0000] {logging_mixin.py:188} INFO - [2025-10-07T00:53:34.035+0000] {dag.py:3096} INFO - Sync 1 DAGs
[2025-10-07T00:53:34.095+0000] {logging_mixin.py:188} INFO - [2025-10-07T00:53:34.095+0000] {dag.py:3954} INFO - Setting next_dagrun for Airflow_Lab2 to 2025-10-08 00:00:00+00:00, run_after=2025-10-09 00:00:00+00:00
[2025-10-07T00:53:34.198+0000] {processor.py:183} INFO - Processing /opt/airflow/dags/main.py took 2.064 seconds
[2025-10-07T00:54:04.485+0000] {processor.py:161} INFO - Started process (PID=559) to work on /opt/airflow/dags/main.py
[2025-10-07T00:54:04.488+0000] {processor.py:830} INFO - Processing file /opt/airflow/dags/main.py for tasks to queue
[2025-10-07T00:54:04.504+0000] {logging_mixin.py:188} INFO - [2025-10-07T00:54:04.501+0000] {dagbag.py:545} INFO - Filling up the DagBag from /opt/airflow/dags/main.py
[2025-10-07T00:54:05.826+0000] {processor.py:840} INFO - DAG(s) 'Airflow_Lab2' retrieved from /opt/airflow/dags/main.py
[2025-10-07T00:54:06.031+0000] {logging_mixin.py:188} INFO - [2025-10-07T00:54:06.030+0000] {dag.py:3096} INFO - Sync 1 DAGs
[2025-10-07T00:54:06.107+0000] {logging_mixin.py:188} INFO - [2025-10-07T00:54:06.106+0000] {dag.py:3954} INFO - Setting next_dagrun for Airflow_Lab2 to 2025-10-08 00:00:00+00:00, run_after=2025-10-09 00:00:00+00:00
[2025-10-07T00:54:06.189+0000] {processor.py:183} INFO - Processing /opt/airflow/dags/main.py took 1.713 seconds
[2025-10-07T00:54:36.552+0000] {processor.py:161} INFO - Started process (PID=577) to work on /opt/airflow/dags/main.py
[2025-10-07T00:54:36.560+0000] {processor.py:830} INFO - Processing file /opt/airflow/dags/main.py for tasks to queue
[2025-10-07T00:54:36.594+0000] {logging_mixin.py:188} INFO - [2025-10-07T00:54:36.583+0000] {dagbag.py:545} INFO - Filling up the DagBag from /opt/airflow/dags/main.py
[2025-10-07T00:54:38.417+0000] {processor.py:840} INFO - DAG(s) 'Airflow_Lab2' retrieved from /opt/airflow/dags/main.py
[2025-10-07T00:54:38.630+0000] {logging_mixin.py:188} INFO - [2025-10-07T00:54:38.629+0000] {dag.py:3096} INFO - Sync 1 DAGs
[2025-10-07T00:54:38.684+0000] {logging_mixin.py:188} INFO - [2025-10-07T00:54:38.683+0000] {dag.py:3954} INFO - Setting next_dagrun for Airflow_Lab2 to 2025-10-08 00:00:00+00:00, run_after=2025-10-09 00:00:00+00:00
[2025-10-07T00:54:38.755+0000] {processor.py:183} INFO - Processing /opt/airflow/dags/main.py took 2.218 seconds
[2025-10-07T00:55:08.883+0000] {processor.py:161} INFO - Started process (PID=595) to work on /opt/airflow/dags/main.py
[2025-10-07T00:55:08.887+0000] {processor.py:830} INFO - Processing file /opt/airflow/dags/main.py for tasks to queue
[2025-10-07T00:55:08.900+0000] {logging_mixin.py:188} INFO - [2025-10-07T00:55:08.895+0000] {dagbag.py:545} INFO - Filling up the DagBag from /opt/airflow/dags/main.py
[2025-10-07T00:55:10.464+0000] {processor.py:840} INFO - DAG(s) 'Airflow_Lab2' retrieved from /opt/airflow/dags/main.py
[2025-10-07T00:55:10.710+0000] {logging_mixin.py:188} INFO - [2025-10-07T00:55:10.710+0000] {dag.py:3096} INFO - Sync 1 DAGs
[2025-10-07T00:55:10.787+0000] {logging_mixin.py:188} INFO - [2025-10-07T00:55:10.784+0000] {dag.py:3954} INFO - Setting next_dagrun for Airflow_Lab2 to 2025-10-08 00:00:00+00:00, run_after=2025-10-09 00:00:00+00:00
[2025-10-07T00:55:10.885+0000] {processor.py:183} INFO - Processing /opt/airflow/dags/main.py took 2.009 seconds
[2025-10-07T00:55:41.137+0000] {processor.py:161} INFO - Started process (PID=613) to work on /opt/airflow/dags/main.py
[2025-10-07T00:55:41.140+0000] {processor.py:830} INFO - Processing file /opt/airflow/dags/main.py for tasks to queue
[2025-10-07T00:55:41.175+0000] {logging_mixin.py:188} INFO - [2025-10-07T00:55:41.168+0000] {dagbag.py:545} INFO - Filling up the DagBag from /opt/airflow/dags/main.py
[2025-10-07T00:55:42.660+0000] {processor.py:840} INFO - DAG(s) 'Airflow_Lab2' retrieved from /opt/airflow/dags/main.py
[2025-10-07T00:55:42.882+0000] {logging_mixin.py:188} INFO - [2025-10-07T00:55:42.880+0000] {dag.py:3096} INFO - Sync 1 DAGs
[2025-10-07T00:55:42.946+0000] {logging_mixin.py:188} INFO - [2025-10-07T00:55:42.945+0000] {dag.py:3954} INFO - Setting next_dagrun for Airflow_Lab2 to 2025-10-08 00:00:00+00:00, run_after=2025-10-09 00:00:00+00:00
[2025-10-07T00:55:43.048+0000] {processor.py:183} INFO - Processing /opt/airflow/dags/main.py took 1.920 seconds
[2025-10-07T00:56:13.674+0000] {processor.py:161} INFO - Started process (PID=631) to work on /opt/airflow/dags/main.py
[2025-10-07T00:56:13.675+0000] {processor.py:830} INFO - Processing file /opt/airflow/dags/main.py for tasks to queue
[2025-10-07T00:56:13.686+0000] {logging_mixin.py:188} INFO - [2025-10-07T00:56:13.682+0000] {dagbag.py:545} INFO - Filling up the DagBag from /opt/airflow/dags/main.py
[2025-10-07T00:56:15.273+0000] {processor.py:840} INFO - DAG(s) 'Airflow_Lab2' retrieved from /opt/airflow/dags/main.py
[2025-10-07T00:56:15.508+0000] {logging_mixin.py:188} INFO - [2025-10-07T00:56:15.507+0000] {dag.py:3096} INFO - Sync 1 DAGs
[2025-10-07T00:56:15.555+0000] {logging_mixin.py:188} INFO - [2025-10-07T00:56:15.555+0000] {dag.py:3954} INFO - Setting next_dagrun for Airflow_Lab2 to 2025-10-08 00:00:00+00:00, run_after=2025-10-09 00:00:00+00:00
[2025-10-07T00:56:15.653+0000] {processor.py:183} INFO - Processing /opt/airflow/dags/main.py took 1.989 seconds
[2025-10-07T00:56:45.764+0000] {processor.py:161} INFO - Started process (PID=655) to work on /opt/airflow/dags/main.py
[2025-10-07T00:56:45.775+0000] {processor.py:830} INFO - Processing file /opt/airflow/dags/main.py for tasks to queue
[2025-10-07T00:56:45.785+0000] {logging_mixin.py:188} INFO - [2025-10-07T00:56:45.784+0000] {dagbag.py:545} INFO - Filling up the DagBag from /opt/airflow/dags/main.py
[2025-10-07T00:56:47.885+0000] {processor.py:840} INFO - DAG(s) 'Airflow_Lab2' retrieved from /opt/airflow/dags/main.py
[2025-10-07T00:56:48.119+0000] {logging_mixin.py:188} INFO - [2025-10-07T00:56:48.110+0000] {dag.py:3096} INFO - Sync 1 DAGs
[2025-10-07T00:56:48.276+0000] {logging_mixin.py:188} INFO - [2025-10-07T00:56:48.276+0000] {dag.py:3954} INFO - Setting next_dagrun for Airflow_Lab2 to 2025-10-08 00:00:00+00:00, run_after=2025-10-09 00:00:00+00:00
[2025-10-07T00:56:48.444+0000] {processor.py:183} INFO - Processing /opt/airflow/dags/main.py took 2.690 seconds
[2025-10-07T00:57:18.648+0000] {processor.py:161} INFO - Started process (PID=673) to work on /opt/airflow/dags/main.py
[2025-10-07T00:57:18.650+0000] {processor.py:830} INFO - Processing file /opt/airflow/dags/main.py for tasks to queue
[2025-10-07T00:57:18.657+0000] {logging_mixin.py:188} INFO - [2025-10-07T00:57:18.653+0000] {dagbag.py:545} INFO - Filling up the DagBag from /opt/airflow/dags/main.py
[2025-10-07T00:57:20.016+0000] {processor.py:840} INFO - DAG(s) 'Airflow_Lab2' retrieved from /opt/airflow/dags/main.py
[2025-10-07T00:57:20.446+0000] {logging_mixin.py:188} INFO - [2025-10-07T00:57:20.446+0000] {dag.py:3096} INFO - Sync 1 DAGs
[2025-10-07T00:57:20.588+0000] {logging_mixin.py:188} INFO - [2025-10-07T00:57:20.588+0000] {dag.py:3954} INFO - Setting next_dagrun for Airflow_Lab2 to 2025-10-08 00:00:00+00:00, run_after=2025-10-09 00:00:00+00:00
[2025-10-07T00:57:20.706+0000] {processor.py:183} INFO - Processing /opt/airflow/dags/main.py took 2.065 seconds
[2025-10-07T00:57:50.948+0000] {processor.py:161} INFO - Started process (PID=690) to work on /opt/airflow/dags/main.py
[2025-10-07T00:57:50.952+0000] {processor.py:830} INFO - Processing file /opt/airflow/dags/main.py for tasks to queue
[2025-10-07T00:57:50.977+0000] {logging_mixin.py:188} INFO - [2025-10-07T00:57:50.970+0000] {dagbag.py:545} INFO - Filling up the DagBag from /opt/airflow/dags/main.py
[2025-10-07T00:57:52.602+0000] {processor.py:840} INFO - DAG(s) 'Airflow_Lab2' retrieved from /opt/airflow/dags/main.py
[2025-10-07T00:57:52.869+0000] {logging_mixin.py:188} INFO - [2025-10-07T00:57:52.869+0000] {dag.py:3096} INFO - Sync 1 DAGs
[2025-10-07T00:57:52.916+0000] {logging_mixin.py:188} INFO - [2025-10-07T00:57:52.913+0000] {dag.py:3954} INFO - Setting next_dagrun for Airflow_Lab2 to 2025-10-08 00:00:00+00:00, run_after=2025-10-09 00:00:00+00:00
[2025-10-07T00:57:53.084+0000] {processor.py:183} INFO - Processing /opt/airflow/dags/main.py took 2.151 seconds
[2025-10-07T00:58:23.571+0000] {processor.py:161} INFO - Started process (PID=708) to work on /opt/airflow/dags/main.py
[2025-10-07T00:58:23.576+0000] {processor.py:830} INFO - Processing file /opt/airflow/dags/main.py for tasks to queue
[2025-10-07T00:58:23.607+0000] {logging_mixin.py:188} INFO - [2025-10-07T00:58:23.599+0000] {dagbag.py:545} INFO - Filling up the DagBag from /opt/airflow/dags/main.py
[2025-10-07T00:58:25.010+0000] {processor.py:840} INFO - DAG(s) 'Airflow_Lab2' retrieved from /opt/airflow/dags/main.py
[2025-10-07T00:58:25.219+0000] {logging_mixin.py:188} INFO - [2025-10-07T00:58:25.216+0000] {dag.py:3096} INFO - Sync 1 DAGs
[2025-10-07T00:58:25.245+0000] {logging_mixin.py:188} INFO - [2025-10-07T00:58:25.245+0000] {dag.py:3954} INFO - Setting next_dagrun for Airflow_Lab2 to 2025-10-08 00:00:00+00:00, run_after=2025-10-09 00:00:00+00:00
[2025-10-07T00:58:25.365+0000] {processor.py:183} INFO - Processing /opt/airflow/dags/main.py took 1.805 seconds
[2025-10-07T00:58:55.732+0000] {processor.py:161} INFO - Started process (PID=725) to work on /opt/airflow/dags/main.py
[2025-10-07T00:58:55.737+0000] {processor.py:830} INFO - Processing file /opt/airflow/dags/main.py for tasks to queue
[2025-10-07T00:58:55.762+0000] {logging_mixin.py:188} INFO - [2025-10-07T00:58:55.754+0000] {dagbag.py:545} INFO - Filling up the DagBag from /opt/airflow/dags/main.py
[2025-10-07T00:58:57.263+0000] {processor.py:840} INFO - DAG(s) 'Airflow_Lab2' retrieved from /opt/airflow/dags/main.py
[2025-10-07T00:58:57.527+0000] {logging_mixin.py:188} INFO - [2025-10-07T00:58:57.526+0000] {dag.py:3096} INFO - Sync 1 DAGs
[2025-10-07T00:58:57.596+0000] {logging_mixin.py:188} INFO - [2025-10-07T00:58:57.596+0000] {dag.py:3954} INFO - Setting next_dagrun for Airflow_Lab2 to 2025-10-08 00:00:00+00:00, run_after=2025-10-09 00:00:00+00:00
[2025-10-07T00:58:57.697+0000] {processor.py:183} INFO - Processing /opt/airflow/dags/main.py took 1.974 seconds
[2025-10-07T00:59:27.860+0000] {processor.py:161} INFO - Started process (PID=742) to work on /opt/airflow/dags/main.py
[2025-10-07T00:59:27.869+0000] {processor.py:830} INFO - Processing file /opt/airflow/dags/main.py for tasks to queue
[2025-10-07T00:59:27.889+0000] {logging_mixin.py:188} INFO - [2025-10-07T00:59:27.887+0000] {dagbag.py:545} INFO - Filling up the DagBag from /opt/airflow/dags/main.py
[2025-10-07T00:59:30.037+0000] {processor.py:840} INFO - DAG(s) 'Airflow_Lab2' retrieved from /opt/airflow/dags/main.py
[2025-10-07T00:59:30.326+0000] {logging_mixin.py:188} INFO - [2025-10-07T00:59:30.324+0000] {dag.py:3096} INFO - Sync 1 DAGs
[2025-10-07T00:59:30.421+0000] {logging_mixin.py:188} INFO - [2025-10-07T00:59:30.420+0000] {dag.py:3954} INFO - Setting next_dagrun for Airflow_Lab2 to 2025-10-08 00:00:00+00:00, run_after=2025-10-09 00:00:00+00:00
[2025-10-07T00:59:30.564+0000] {processor.py:183} INFO - Processing /opt/airflow/dags/main.py took 2.714 seconds
[2025-10-07T01:00:00.867+0000] {processor.py:161} INFO - Started process (PID=760) to work on /opt/airflow/dags/main.py
[2025-10-07T01:00:00.881+0000] {processor.py:830} INFO - Processing file /opt/airflow/dags/main.py for tasks to queue
[2025-10-07T01:00:00.894+0000] {logging_mixin.py:188} INFO - [2025-10-07T01:00:00.890+0000] {dagbag.py:545} INFO - Filling up the DagBag from /opt/airflow/dags/main.py
[2025-10-07T01:00:02.743+0000] {processor.py:840} INFO - DAG(s) 'Airflow_Lab2' retrieved from /opt/airflow/dags/main.py
[2025-10-07T01:00:02.926+0000] {logging_mixin.py:188} INFO - [2025-10-07T01:00:02.924+0000] {dag.py:3096} INFO - Sync 1 DAGs
[2025-10-07T01:00:02.997+0000] {logging_mixin.py:188} INFO - [2025-10-07T01:00:02.996+0000] {dag.py:3954} INFO - Setting next_dagrun for Airflow_Lab2 to 2025-10-08 00:00:00+00:00, run_after=2025-10-09 00:00:00+00:00
[2025-10-07T01:00:03.070+0000] {processor.py:183} INFO - Processing /opt/airflow/dags/main.py took 2.215 seconds
[2025-10-07T01:00:32.502+0000] {processor.py:161} INFO - Started process (PID=778) to work on /opt/airflow/dags/main.py
[2025-10-07T01:00:32.505+0000] {processor.py:830} INFO - Processing file /opt/airflow/dags/main.py for tasks to queue
[2025-10-07T01:00:32.524+0000] {logging_mixin.py:188} INFO - [2025-10-07T01:00:32.522+0000] {dagbag.py:545} INFO - Filling up the DagBag from /opt/airflow/dags/main.py
[2025-10-07T01:00:34.012+0000] {processor.py:840} INFO - DAG(s) 'Airflow_Lab2' retrieved from /opt/airflow/dags/main.py
[2025-10-07T01:00:34.184+0000] {logging_mixin.py:188} INFO - [2025-10-07T01:00:34.184+0000] {dag.py:3096} INFO - Sync 1 DAGs
[2025-10-07T01:00:34.258+0000] {logging_mixin.py:188} INFO - [2025-10-07T01:00:34.254+0000] {dag.py:3954} INFO - Setting next_dagrun for Airflow_Lab2 to 2025-10-06 00:00:00+00:00, run_after=2025-10-07 00:00:00+00:00
[2025-10-07T01:00:34.354+0000] {processor.py:183} INFO - Processing /opt/airflow/dags/main.py took 1.862 seconds
[2025-10-07T01:05:09.639+0000] {processor.py:161} INFO - Started process (PID=97) to work on /opt/airflow/dags/main.py
[2025-10-07T01:05:09.662+0000] {processor.py:830} INFO - Processing file /opt/airflow/dags/main.py for tasks to queue
[2025-10-07T01:05:09.696+0000] {logging_mixin.py:188} INFO - [2025-10-07T01:05:09.689+0000] {dagbag.py:545} INFO - Filling up the DagBag from /opt/airflow/dags/main.py
[2025-10-07T01:05:14.521+0000] {processor.py:840} INFO - DAG(s) 'Airflow_Lab2' retrieved from /opt/airflow/dags/main.py
[2025-10-07T01:05:15.281+0000] {logging_mixin.py:188} INFO - [2025-10-07T01:05:15.278+0000] {dag.py:3096} INFO - Sync 1 DAGs
[2025-10-07T01:05:15.511+0000] {logging_mixin.py:188} INFO - [2025-10-07T01:05:15.469+0000] {dag.py:3954} INFO - Setting next_dagrun for Airflow_Lab2 to 2025-10-07 00:00:00+00:00, run_after=2025-10-08 00:00:00+00:00
[2025-10-07T01:05:15.785+0000] {processor.py:183} INFO - Processing /opt/airflow/dags/main.py took 6.188 seconds
[2025-10-07T01:05:46.200+0000] {processor.py:161} INFO - Started process (PID=115) to work on /opt/airflow/dags/main.py
[2025-10-07T01:05:46.205+0000] {processor.py:830} INFO - Processing file /opt/airflow/dags/main.py for tasks to queue
[2025-10-07T01:05:46.222+0000] {logging_mixin.py:188} INFO - [2025-10-07T01:05:46.221+0000] {dagbag.py:545} INFO - Filling up the DagBag from /opt/airflow/dags/main.py
[2025-10-07T01:05:49.415+0000] {processor.py:840} INFO - DAG(s) 'Airflow_Lab2' retrieved from /opt/airflow/dags/main.py
[2025-10-07T01:05:49.625+0000] {logging_mixin.py:188} INFO - [2025-10-07T01:05:49.624+0000] {dag.py:3096} INFO - Sync 1 DAGs
[2025-10-07T01:05:49.833+0000] {logging_mixin.py:188} INFO - [2025-10-07T01:05:49.832+0000] {dag.py:3954} INFO - Setting next_dagrun for Airflow_Lab2 to 2025-10-07 00:00:00+00:00, run_after=2025-10-08 00:00:00+00:00
[2025-10-07T01:05:49.915+0000] {processor.py:183} INFO - Processing /opt/airflow/dags/main.py took 3.736 seconds
[2025-10-07T01:06:20.275+0000] {processor.py:161} INFO - Started process (PID=133) to work on /opt/airflow/dags/main.py
[2025-10-07T01:06:20.278+0000] {processor.py:830} INFO - Processing file /opt/airflow/dags/main.py for tasks to queue
[2025-10-07T01:06:20.295+0000] {logging_mixin.py:188} INFO - [2025-10-07T01:06:20.291+0000] {dagbag.py:545} INFO - Filling up the DagBag from /opt/airflow/dags/main.py
[2025-10-07T01:06:22.527+0000] {processor.py:840} INFO - DAG(s) 'Airflow_Lab2' retrieved from /opt/airflow/dags/main.py
[2025-10-07T01:06:22.648+0000] {logging_mixin.py:188} INFO - [2025-10-07T01:06:22.640+0000] {dag.py:3096} INFO - Sync 1 DAGs
[2025-10-07T01:06:22.740+0000] {logging_mixin.py:188} INFO - [2025-10-07T01:06:22.738+0000] {dag.py:3954} INFO - Setting next_dagrun for Airflow_Lab2 to 2025-10-07 00:00:00+00:00, run_after=2025-10-08 00:00:00+00:00
[2025-10-07T01:06:22.862+0000] {processor.py:183} INFO - Processing /opt/airflow/dags/main.py took 2.601 seconds
[2025-10-07T01:06:53.262+0000] {processor.py:161} INFO - Started process (PID=151) to work on /opt/airflow/dags/main.py
[2025-10-07T01:06:53.267+0000] {processor.py:830} INFO - Processing file /opt/airflow/dags/main.py for tasks to queue
[2025-10-07T01:06:53.277+0000] {logging_mixin.py:188} INFO - [2025-10-07T01:06:53.272+0000] {dagbag.py:545} INFO - Filling up the DagBag from /opt/airflow/dags/main.py
[2025-10-07T01:06:56.710+0000] {processor.py:840} INFO - DAG(s) 'Airflow_Lab2' retrieved from /opt/airflow/dags/main.py
[2025-10-07T01:06:56.831+0000] {logging_mixin.py:188} INFO - [2025-10-07T01:06:56.831+0000] {dag.py:3096} INFO - Sync 1 DAGs
[2025-10-07T01:06:56.916+0000] {logging_mixin.py:188} INFO - [2025-10-07T01:06:56.916+0000] {dag.py:3954} INFO - Setting next_dagrun for Airflow_Lab2 to 2025-10-07 00:00:00+00:00, run_after=2025-10-08 00:00:00+00:00
[2025-10-07T01:06:57.021+0000] {processor.py:183} INFO - Processing /opt/airflow/dags/main.py took 3.766 seconds
[2025-10-07T01:07:27.155+0000] {processor.py:161} INFO - Started process (PID=169) to work on /opt/airflow/dags/main.py
[2025-10-07T01:07:27.156+0000] {processor.py:830} INFO - Processing file /opt/airflow/dags/main.py for tasks to queue
[2025-10-07T01:07:27.160+0000] {logging_mixin.py:188} INFO - [2025-10-07T01:07:27.159+0000] {dagbag.py:545} INFO - Filling up the DagBag from /opt/airflow/dags/main.py
[2025-10-07T01:07:28.729+0000] {processor.py:840} INFO - DAG(s) 'Airflow_Lab2' retrieved from /opt/airflow/dags/main.py
[2025-10-07T01:07:28.799+0000] {logging_mixin.py:188} INFO - [2025-10-07T01:07:28.799+0000] {dag.py:3096} INFO - Sync 1 DAGs
[2025-10-07T01:07:28.902+0000] {logging_mixin.py:188} INFO - [2025-10-07T01:07:28.902+0000] {dag.py:3954} INFO - Setting next_dagrun for Airflow_Lab2 to 2025-10-07 00:00:00+00:00, run_after=2025-10-08 00:00:00+00:00
[2025-10-07T01:07:29.015+0000] {processor.py:183} INFO - Processing /opt/airflow/dags/main.py took 1.867 seconds
[2025-10-07T01:07:59.272+0000] {processor.py:161} INFO - Started process (PID=187) to work on /opt/airflow/dags/main.py
[2025-10-07T01:07:59.275+0000] {processor.py:830} INFO - Processing file /opt/airflow/dags/main.py for tasks to queue
[2025-10-07T01:07:59.298+0000] {logging_mixin.py:188} INFO - [2025-10-07T01:07:59.294+0000] {dagbag.py:545} INFO - Filling up the DagBag from /opt/airflow/dags/main.py
[2025-10-07T01:08:00.630+0000] {processor.py:840} INFO - DAG(s) 'Airflow_Lab2' retrieved from /opt/airflow/dags/main.py
[2025-10-07T01:08:00.711+0000] {logging_mixin.py:188} INFO - [2025-10-07T01:08:00.710+0000] {dag.py:3096} INFO - Sync 1 DAGs
[2025-10-07T01:08:00.758+0000] {logging_mixin.py:188} INFO - [2025-10-07T01:08:00.757+0000] {dag.py:3954} INFO - Setting next_dagrun for Airflow_Lab2 to 2025-10-07 00:00:00+00:00, run_after=2025-10-08 00:00:00+00:00
[2025-10-07T01:08:00.841+0000] {processor.py:183} INFO - Processing /opt/airflow/dags/main.py took 1.575 seconds
[2025-10-07T01:17:11.677+0000] {processor.py:161} INFO - Started process (PID=96) to work on /opt/airflow/dags/main.py
[2025-10-07T01:17:11.681+0000] {processor.py:830} INFO - Processing file /opt/airflow/dags/main.py for tasks to queue
[2025-10-07T01:17:11.702+0000] {logging_mixin.py:188} INFO - [2025-10-07T01:17:11.698+0000] {dagbag.py:545} INFO - Filling up the DagBag from /opt/airflow/dags/main.py
[2025-10-07T01:17:14.610+0000] {processor.py:840} INFO - DAG(s) 'Airflow_Lab2' retrieved from /opt/airflow/dags/main.py
[2025-10-07T01:17:14.716+0000] {logging_mixin.py:188} INFO - [2025-10-07T01:17:14.716+0000] {dag.py:3096} INFO - Sync 1 DAGs
[2025-10-07T01:17:14.871+0000] {logging_mixin.py:188} INFO - [2025-10-07T01:17:14.859+0000] {dag.py:3954} INFO - Setting next_dagrun for Airflow_Lab2 to 2025-10-07 00:00:00+00:00, run_after=2025-10-08 00:00:00+00:00
[2025-10-07T01:17:14.961+0000] {processor.py:183} INFO - Processing /opt/airflow/dags/main.py took 3.289 seconds
[2025-10-07T01:17:45.210+0000] {processor.py:161} INFO - Started process (PID=114) to work on /opt/airflow/dags/main.py
[2025-10-07T01:17:45.276+0000] {processor.py:830} INFO - Processing file /opt/airflow/dags/main.py for tasks to queue
[2025-10-07T01:17:45.289+0000] {logging_mixin.py:188} INFO - [2025-10-07T01:17:45.284+0000] {dagbag.py:545} INFO - Filling up the DagBag from /opt/airflow/dags/main.py
[2025-10-07T01:17:49.059+0000] {processor.py:840} INFO - DAG(s) 'Airflow_Lab2' retrieved from /opt/airflow/dags/main.py
[2025-10-07T01:17:49.197+0000] {logging_mixin.py:188} INFO - [2025-10-07T01:17:49.194+0000] {dag.py:3096} INFO - Sync 1 DAGs
[2025-10-07T01:17:49.312+0000] {logging_mixin.py:188} INFO - [2025-10-07T01:17:49.312+0000] {dag.py:3954} INFO - Setting next_dagrun for Airflow_Lab2 to 2025-10-07 00:00:00+00:00, run_after=2025-10-08 00:00:00+00:00
[2025-10-07T01:17:49.506+0000] {processor.py:183} INFO - Processing /opt/airflow/dags/main.py took 4.346 seconds
[2025-10-07T01:18:20.451+0000] {processor.py:161} INFO - Started process (PID=137) to work on /opt/airflow/dags/main.py
[2025-10-07T01:18:20.454+0000] {processor.py:830} INFO - Processing file /opt/airflow/dags/main.py for tasks to queue
[2025-10-07T01:18:20.472+0000] {logging_mixin.py:188} INFO - [2025-10-07T01:18:20.470+0000] {dagbag.py:545} INFO - Filling up the DagBag from /opt/airflow/dags/main.py
[2025-10-07T01:18:22.537+0000] {processor.py:840} INFO - DAG(s) 'Airflow_Lab2' retrieved from /opt/airflow/dags/main.py
[2025-10-07T01:18:22.603+0000] {logging_mixin.py:188} INFO - [2025-10-07T01:18:22.602+0000] {dag.py:3096} INFO - Sync 1 DAGs
[2025-10-07T01:18:22.741+0000] {logging_mixin.py:188} INFO - [2025-10-07T01:18:22.738+0000] {dag.py:3954} INFO - Setting next_dagrun for Airflow_Lab2 to 2025-10-07 00:00:00+00:00, run_after=2025-10-08 00:00:00+00:00
[2025-10-07T01:18:22.869+0000] {processor.py:183} INFO - Processing /opt/airflow/dags/main.py took 2.424 seconds
[2025-10-07T01:18:53.206+0000] {processor.py:161} INFO - Started process (PID=155) to work on /opt/airflow/dags/main.py
[2025-10-07T01:18:53.210+0000] {processor.py:830} INFO - Processing file /opt/airflow/dags/main.py for tasks to queue
[2025-10-07T01:18:53.233+0000] {logging_mixin.py:188} INFO - [2025-10-07T01:18:53.232+0000] {dagbag.py:545} INFO - Filling up the DagBag from /opt/airflow/dags/main.py
[2025-10-07T01:18:56.163+0000] {processor.py:840} INFO - DAG(s) 'Airflow_Lab2' retrieved from /opt/airflow/dags/main.py
[2025-10-07T01:18:56.227+0000] {logging_mixin.py:188} INFO - [2025-10-07T01:18:56.226+0000] {dag.py:3096} INFO - Sync 1 DAGs
[2025-10-07T01:18:56.278+0000] {logging_mixin.py:188} INFO - [2025-10-07T01:18:56.278+0000] {dag.py:3954} INFO - Setting next_dagrun for Airflow_Lab2 to 2025-10-07 00:00:00+00:00, run_after=2025-10-08 00:00:00+00:00
[2025-10-07T01:18:56.371+0000] {processor.py:183} INFO - Processing /opt/airflow/dags/main.py took 3.176 seconds
[2025-10-07T01:19:26.689+0000] {processor.py:161} INFO - Started process (PID=173) to work on /opt/airflow/dags/main.py
[2025-10-07T01:19:26.695+0000] {processor.py:830} INFO - Processing file /opt/airflow/dags/main.py for tasks to queue
[2025-10-07T01:19:26.700+0000] {logging_mixin.py:188} INFO - [2025-10-07T01:19:26.700+0000] {dagbag.py:545} INFO - Filling up the DagBag from /opt/airflow/dags/main.py
[2025-10-07T01:19:27.860+0000] {processor.py:840} INFO - DAG(s) 'Airflow_Lab2' retrieved from /opt/airflow/dags/main.py
[2025-10-07T01:19:27.923+0000] {logging_mixin.py:188} INFO - [2025-10-07T01:19:27.922+0000] {dag.py:3096} INFO - Sync 1 DAGs
[2025-10-07T01:19:27.969+0000] {logging_mixin.py:188} INFO - [2025-10-07T01:19:27.966+0000] {dag.py:3954} INFO - Setting next_dagrun for Airflow_Lab2 to 2025-10-07 00:00:00+00:00, run_after=2025-10-08 00:00:00+00:00
[2025-10-07T01:19:28.036+0000] {processor.py:183} INFO - Processing /opt/airflow/dags/main.py took 1.357 seconds
[2025-10-07T01:19:58.237+0000] {processor.py:161} INFO - Started process (PID=190) to work on /opt/airflow/dags/main.py
[2025-10-07T01:19:58.240+0000] {processor.py:830} INFO - Processing file /opt/airflow/dags/main.py for tasks to queue
[2025-10-07T01:19:58.258+0000] {logging_mixin.py:188} INFO - [2025-10-07T01:19:58.257+0000] {dagbag.py:545} INFO - Filling up the DagBag from /opt/airflow/dags/main.py
[2025-10-07T01:19:59.323+0000] {processor.py:840} INFO - DAG(s) 'Airflow_Lab2' retrieved from /opt/airflow/dags/main.py
[2025-10-07T01:19:59.383+0000] {logging_mixin.py:188} INFO - [2025-10-07T01:19:59.383+0000] {dag.py:3096} INFO - Sync 1 DAGs
[2025-10-07T01:19:59.453+0000] {logging_mixin.py:188} INFO - [2025-10-07T01:19:59.452+0000] {dag.py:3954} INFO - Setting next_dagrun for Airflow_Lab2 to 2025-10-07 00:00:00+00:00, run_after=2025-10-08 00:00:00+00:00
[2025-10-07T01:19:59.522+0000] {processor.py:183} INFO - Processing /opt/airflow/dags/main.py took 1.293 seconds
[2025-10-07T01:20:29.838+0000] {processor.py:161} INFO - Started process (PID=208) to work on /opt/airflow/dags/main.py
[2025-10-07T01:20:29.854+0000] {processor.py:830} INFO - Processing file /opt/airflow/dags/main.py for tasks to queue
[2025-10-07T01:20:29.896+0000] {logging_mixin.py:188} INFO - [2025-10-07T01:20:29.894+0000] {dagbag.py:545} INFO - Filling up the DagBag from /opt/airflow/dags/main.py
[2025-10-07T01:20:31.166+0000] {processor.py:840} INFO - DAG(s) 'Airflow_Lab2' retrieved from /opt/airflow/dags/main.py
[2025-10-07T01:20:31.227+0000] {logging_mixin.py:188} INFO - [2025-10-07T01:20:31.225+0000] {dag.py:3096} INFO - Sync 1 DAGs
[2025-10-07T01:20:31.309+0000] {logging_mixin.py:188} INFO - [2025-10-07T01:20:31.308+0000] {dag.py:3954} INFO - Setting next_dagrun for Airflow_Lab2 to 2025-10-07 00:00:00+00:00, run_after=2025-10-08 00:00:00+00:00
[2025-10-07T01:20:31.374+0000] {processor.py:183} INFO - Processing /opt/airflow/dags/main.py took 1.546 seconds
[2025-10-07T01:21:01.620+0000] {processor.py:161} INFO - Started process (PID=226) to work on /opt/airflow/dags/main.py
[2025-10-07T01:21:01.622+0000] {processor.py:830} INFO - Processing file /opt/airflow/dags/main.py for tasks to queue
[2025-10-07T01:21:01.645+0000] {logging_mixin.py:188} INFO - [2025-10-07T01:21:01.638+0000] {dagbag.py:545} INFO - Filling up the DagBag from /opt/airflow/dags/main.py
[2025-10-07T01:21:03.512+0000] {processor.py:840} INFO - DAG(s) 'Airflow_Lab2' retrieved from /opt/airflow/dags/main.py
[2025-10-07T01:21:03.591+0000] {logging_mixin.py:188} INFO - [2025-10-07T01:21:03.590+0000] {dag.py:3096} INFO - Sync 1 DAGs
[2025-10-07T01:21:03.641+0000] {logging_mixin.py:188} INFO - [2025-10-07T01:21:03.640+0000] {dag.py:3954} INFO - Setting next_dagrun for Airflow_Lab2 to 2025-10-07 00:00:00+00:00, run_after=2025-10-08 00:00:00+00:00
[2025-10-07T01:21:03.720+0000] {processor.py:183} INFO - Processing /opt/airflow/dags/main.py took 2.113 seconds
[2025-10-07T01:21:34.118+0000] {processor.py:161} INFO - Started process (PID=244) to work on /opt/airflow/dags/main.py
[2025-10-07T01:21:34.145+0000] {processor.py:830} INFO - Processing file /opt/airflow/dags/main.py for tasks to queue
[2025-10-07T01:21:34.173+0000] {logging_mixin.py:188} INFO - [2025-10-07T01:21:34.166+0000] {dagbag.py:545} INFO - Filling up the DagBag from /opt/airflow/dags/main.py
[2025-10-07T01:21:37.411+0000] {processor.py:840} INFO - DAG(s) 'Airflow_Lab2' retrieved from /opt/airflow/dags/main.py
[2025-10-07T01:21:37.539+0000] {logging_mixin.py:188} INFO - [2025-10-07T01:21:37.538+0000] {dag.py:3096} INFO - Sync 1 DAGs
[2025-10-07T01:21:37.679+0000] {logging_mixin.py:188} INFO - [2025-10-07T01:21:37.678+0000] {dag.py:3954} INFO - Setting next_dagrun for Airflow_Lab2 to 2025-10-07 00:00:00+00:00, run_after=2025-10-08 00:00:00+00:00
[2025-10-07T01:21:37.742+0000] {processor.py:183} INFO - Processing /opt/airflow/dags/main.py took 3.698 seconds
[2025-10-07T01:22:08.159+0000] {processor.py:161} INFO - Started process (PID=262) to work on /opt/airflow/dags/main.py
[2025-10-07T01:22:08.162+0000] {processor.py:830} INFO - Processing file /opt/airflow/dags/main.py for tasks to queue
[2025-10-07T01:22:08.182+0000] {logging_mixin.py:188} INFO - [2025-10-07T01:22:08.177+0000] {dagbag.py:545} INFO - Filling up the DagBag from /opt/airflow/dags/main.py
[2025-10-07T01:22:09.675+0000] {processor.py:840} INFO - DAG(s) 'Airflow_Lab2' retrieved from /opt/airflow/dags/main.py
[2025-10-07T01:22:09.737+0000] {logging_mixin.py:188} INFO - [2025-10-07T01:22:09.734+0000] {dag.py:3096} INFO - Sync 1 DAGs
[2025-10-07T01:22:09.788+0000] {logging_mixin.py:188} INFO - [2025-10-07T01:22:09.787+0000] {dag.py:3954} INFO - Setting next_dagrun for Airflow_Lab2 to 2025-10-07 00:00:00+00:00, run_after=2025-10-08 00:00:00+00:00
[2025-10-07T01:22:09.810+0000] {processor.py:183} INFO - Processing /opt/airflow/dags/main.py took 1.658 seconds
[2025-10-07T01:22:39.918+0000] {processor.py:161} INFO - Started process (PID=279) to work on /opt/airflow/dags/main.py
[2025-10-07T01:22:39.922+0000] {processor.py:830} INFO - Processing file /opt/airflow/dags/main.py for tasks to queue
[2025-10-07T01:22:39.935+0000] {logging_mixin.py:188} INFO - [2025-10-07T01:22:39.934+0000] {dagbag.py:545} INFO - Filling up the DagBag from /opt/airflow/dags/main.py
[2025-10-07T01:22:41.140+0000] {processor.py:840} INFO - DAG(s) 'Airflow_Lab2' retrieved from /opt/airflow/dags/main.py
[2025-10-07T01:22:41.249+0000] {logging_mixin.py:188} INFO - [2025-10-07T01:22:41.249+0000] {dag.py:3096} INFO - Sync 1 DAGs
[2025-10-07T01:22:41.308+0000] {logging_mixin.py:188} INFO - [2025-10-07T01:22:41.307+0000] {dag.py:3954} INFO - Setting next_dagrun for Airflow_Lab2 to 2025-10-07 00:00:00+00:00, run_after=2025-10-08 00:00:00+00:00
[2025-10-07T01:22:41.389+0000] {processor.py:183} INFO - Processing /opt/airflow/dags/main.py took 1.480 seconds
[2025-10-07T01:23:11.709+0000] {processor.py:161} INFO - Started process (PID=297) to work on /opt/airflow/dags/main.py
[2025-10-07T01:23:11.715+0000] {processor.py:830} INFO - Processing file /opt/airflow/dags/main.py for tasks to queue
[2025-10-07T01:23:11.738+0000] {logging_mixin.py:188} INFO - [2025-10-07T01:23:11.734+0000] {dagbag.py:545} INFO - Filling up the DagBag from /opt/airflow/dags/main.py
[2025-10-07T01:23:12.956+0000] {processor.py:840} INFO - DAG(s) 'Airflow_Lab2' retrieved from /opt/airflow/dags/main.py
[2025-10-07T01:23:13.015+0000] {logging_mixin.py:188} INFO - [2025-10-07T01:23:13.014+0000] {dag.py:3096} INFO - Sync 1 DAGs
[2025-10-07T01:23:13.076+0000] {logging_mixin.py:188} INFO - [2025-10-07T01:23:13.076+0000] {dag.py:3954} INFO - Setting next_dagrun for Airflow_Lab2 to 2025-10-07 00:00:00+00:00, run_after=2025-10-08 00:00:00+00:00
[2025-10-07T01:23:13.196+0000] {processor.py:183} INFO - Processing /opt/airflow/dags/main.py took 1.498 seconds
[2025-10-07T01:23:43.438+0000] {processor.py:161} INFO - Started process (PID=315) to work on /opt/airflow/dags/main.py
[2025-10-07T01:23:43.443+0000] {processor.py:830} INFO - Processing file /opt/airflow/dags/main.py for tasks to queue
[2025-10-07T01:23:43.455+0000] {logging_mixin.py:188} INFO - [2025-10-07T01:23:43.454+0000] {dagbag.py:545} INFO - Filling up the DagBag from /opt/airflow/dags/main.py
[2025-10-07T01:23:45.865+0000] {processor.py:840} INFO - DAG(s) 'Airflow_Lab2' retrieved from /opt/airflow/dags/main.py
[2025-10-07T01:23:46.023+0000] {logging_mixin.py:188} INFO - [2025-10-07T01:23:46.023+0000] {dag.py:3096} INFO - Sync 1 DAGs
[2025-10-07T01:23:46.062+0000] {logging_mixin.py:188} INFO - [2025-10-07T01:23:46.062+0000] {dag.py:3954} INFO - Setting next_dagrun for Airflow_Lab2 to 2025-10-07 00:00:00+00:00, run_after=2025-10-08 00:00:00+00:00
[2025-10-07T01:23:46.180+0000] {processor.py:183} INFO - Processing /opt/airflow/dags/main.py took 2.758 seconds
[2025-10-07T01:24:17.043+0000] {processor.py:161} INFO - Started process (PID=333) to work on /opt/airflow/dags/main.py
[2025-10-07T01:24:17.048+0000] {processor.py:830} INFO - Processing file /opt/airflow/dags/main.py for tasks to queue
[2025-10-07T01:24:17.062+0000] {logging_mixin.py:188} INFO - [2025-10-07T01:24:17.058+0000] {dagbag.py:545} INFO - Filling up the DagBag from /opt/airflow/dags/main.py
[2025-10-07T01:24:18.398+0000] {processor.py:840} INFO - DAG(s) 'Airflow_Lab2' retrieved from /opt/airflow/dags/main.py
[2025-10-07T01:24:18.473+0000] {logging_mixin.py:188} INFO - [2025-10-07T01:24:18.472+0000] {dag.py:3096} INFO - Sync 1 DAGs
[2025-10-07T01:24:18.594+0000] {logging_mixin.py:188} INFO - [2025-10-07T01:24:18.593+0000] {dag.py:3954} INFO - Setting next_dagrun for Airflow_Lab2 to 2025-10-07 00:00:00+00:00, run_after=2025-10-08 00:00:00+00:00
[2025-10-07T01:24:18.708+0000] {processor.py:183} INFO - Processing /opt/airflow/dags/main.py took 1.673 seconds
[2025-10-07T01:24:49.356+0000] {processor.py:161} INFO - Started process (PID=357) to work on /opt/airflow/dags/main.py
[2025-10-07T01:24:49.358+0000] {processor.py:830} INFO - Processing file /opt/airflow/dags/main.py for tasks to queue
[2025-10-07T01:24:49.402+0000] {logging_mixin.py:188} INFO - [2025-10-07T01:24:49.401+0000] {dagbag.py:545} INFO - Filling up the DagBag from /opt/airflow/dags/main.py
[2025-10-07T01:24:51.813+0000] {processor.py:840} INFO - DAG(s) 'Airflow_Lab2' retrieved from /opt/airflow/dags/main.py
[2025-10-07T01:24:51.906+0000] {logging_mixin.py:188} INFO - [2025-10-07T01:24:51.905+0000] {dag.py:3096} INFO - Sync 1 DAGs
[2025-10-07T01:24:52.017+0000] {logging_mixin.py:188} INFO - [2025-10-07T01:24:52.017+0000] {dag.py:3954} INFO - Setting next_dagrun for Airflow_Lab2 to 2025-10-07 00:00:00+00:00, run_after=2025-10-08 00:00:00+00:00
[2025-10-07T01:24:52.154+0000] {processor.py:183} INFO - Processing /opt/airflow/dags/main.py took 2.810 seconds
[2025-10-07T01:25:22.429+0000] {processor.py:161} INFO - Started process (PID=374) to work on /opt/airflow/dags/main.py
[2025-10-07T01:25:22.432+0000] {processor.py:830} INFO - Processing file /opt/airflow/dags/main.py for tasks to queue
[2025-10-07T01:25:22.447+0000] {logging_mixin.py:188} INFO - [2025-10-07T01:25:22.445+0000] {dagbag.py:545} INFO - Filling up the DagBag from /opt/airflow/dags/main.py
[2025-10-07T01:25:24.083+0000] {processor.py:840} INFO - DAG(s) 'Airflow_Lab2' retrieved from /opt/airflow/dags/main.py
[2025-10-07T01:25:24.167+0000] {logging_mixin.py:188} INFO - [2025-10-07T01:25:24.162+0000] {dag.py:3096} INFO - Sync 1 DAGs
[2025-10-07T01:25:24.361+0000] {logging_mixin.py:188} INFO - [2025-10-07T01:25:24.356+0000] {dag.py:3954} INFO - Setting next_dagrun for Airflow_Lab2 to 2025-10-07 00:00:00+00:00, run_after=2025-10-08 00:00:00+00:00
[2025-10-07T01:25:24.453+0000] {processor.py:183} INFO - Processing /opt/airflow/dags/main.py took 2.037 seconds
[2025-10-07T01:25:54.853+0000] {processor.py:161} INFO - Started process (PID=393) to work on /opt/airflow/dags/main.py
[2025-10-07T01:25:54.857+0000] {processor.py:830} INFO - Processing file /opt/airflow/dags/main.py for tasks to queue
[2025-10-07T01:25:54.868+0000] {logging_mixin.py:188} INFO - [2025-10-07T01:25:54.867+0000] {dagbag.py:545} INFO - Filling up the DagBag from /opt/airflow/dags/main.py
[2025-10-07T01:25:56.385+0000] {processor.py:840} INFO - DAG(s) 'Airflow_Lab2' retrieved from /opt/airflow/dags/main.py
[2025-10-07T01:25:56.521+0000] {logging_mixin.py:188} INFO - [2025-10-07T01:25:56.521+0000] {dag.py:3096} INFO - Sync 1 DAGs
[2025-10-07T01:25:56.559+0000] {logging_mixin.py:188} INFO - [2025-10-07T01:25:56.559+0000] {dag.py:3954} INFO - Setting next_dagrun for Airflow_Lab2 to 2025-10-07 00:00:00+00:00, run_after=2025-10-08 00:00:00+00:00
[2025-10-07T01:25:56.683+0000] {processor.py:183} INFO - Processing /opt/airflow/dags/main.py took 1.837 seconds
