[2025-10-07T00:44:59.231+0000] {local_task_job_runner.py:120} INFO - ::group::Pre task execution logs
[2025-10-07T00:44:59.322+0000] {taskinstance.py:2076} INFO - Dependencies all met for dep_context=non-requeueable deps ti=<TaskInstance: Airflow_Lab2.send_email manual__2025-10-07T00:44:28.560965+00:00 [queued]>
[2025-10-07T00:44:59.343+0000] {taskinstance.py:2076} INFO - Dependencies all met for dep_context=requeueable deps ti=<TaskInstance: Airflow_Lab2.send_email manual__2025-10-07T00:44:28.560965+00:00 [queued]>
[2025-10-07T00:44:59.345+0000] {taskinstance.py:2306} INFO - Starting attempt 1 of 1
[2025-10-07T00:44:59.383+0000] {taskinstance.py:2330} INFO - Executing <Task(EmailOperator): send_email> on 2025-10-07 00:44:28.560965+00:00
[2025-10-07T00:44:59.400+0000] {warnings.py:112} WARNING - /home/***/.local/lib/python3.12/site-packages/***/task/task_runner/standard_task_runner.py:61: DeprecationWarning: This process (pid=241) is multi-threaded, use of fork() may lead to deadlocks in the child.
  pid = os.fork()

[2025-10-07T00:44:59.401+0000] {standard_task_runner.py:63} INFO - Started process 252 to run task
[2025-10-07T00:44:59.402+0000] {standard_task_runner.py:90} INFO - Running: ['***', 'tasks', 'run', 'Airflow_Lab2', 'send_email', 'manual__2025-10-07T00:44:28.560965+00:00', '--job-id', '86', '--raw', '--subdir', 'DAGS_FOLDER/main.py', '--cfg-path', '/tmp/tmpe2io459j']
[2025-10-07T00:44:59.407+0000] {standard_task_runner.py:91} INFO - Job 86: Subtask send_email
[2025-10-07T00:44:59.511+0000] {task_command.py:426} INFO - Running <TaskInstance: Airflow_Lab2.send_email manual__2025-10-07T00:44:28.560965+00:00 [running]> on host 5a1b7e57f576
[2025-10-07T00:44:59.791+0000] {taskinstance.py:2648} INFO - Exporting env vars: AIRFLOW_CTX_DAG_OWNER='***' AIRFLOW_CTX_DAG_ID='Airflow_Lab2' AIRFLOW_CTX_TASK_ID='send_email' AIRFLOW_CTX_EXECUTION_DATE='2025-10-07T00:44:28.560965+00:00' AIRFLOW_CTX_TRY_NUMBER='1' AIRFLOW_CTX_DAG_RUN_ID='manual__2025-10-07T00:44:28.560965+00:00'
[2025-10-07T00:44:59.795+0000] {taskinstance.py:430} INFO - ::endgroup::
[2025-10-07T00:44:59.880+0000] {base.py:84} INFO - Using connection ID 'smtp_default' for task execution.
[2025-10-07T00:44:59.881+0000] {email.py:271} INFO - Email alerting: attempt 1
[2025-10-07T00:45:00.441+0000] {email.py:282} INFO - Sent an alert email to ['harrishebifrancis@gmail.com']
[2025-10-07T00:45:01.316+0000] {taskinstance.py:441} INFO - ::group::Post task execution logs
[2025-10-07T00:45:01.353+0000] {taskinstance.py:1206} INFO - Marking task as SUCCESS. dag_id=Airflow_Lab2, task_id=send_email, run_id=manual__2025-10-07T00:44:28.560965+00:00, execution_date=20251007T004428, start_date=20251007T004459, end_date=20251007T004501
[2025-10-07T00:45:01.431+0000] {local_task_job_runner.py:240} INFO - Task exited with return code 0
[2025-10-07T00:45:01.514+0000] {taskinstance.py:3503} INFO - 1 downstream tasks scheduled from follow-on schedule check
[2025-10-07T00:45:01.519+0000] {local_task_job_runner.py:222} INFO - ::endgroup::
