[2025-10-07T01:07:08.720+0000] {local_task_job_runner.py:120} INFO - ::group::Pre task execution logs
[2025-10-07T01:07:08.805+0000] {taskinstance.py:2076} INFO - Dependencies all met for dep_context=non-requeueable deps ti=<TaskInstance: Airflow_Lab2.load_data_task manual__2025-10-07T01:07:00.560919+00:00 [queued]>
[2025-10-07T01:07:08.846+0000] {taskinstance.py:2076} INFO - Dependencies all met for dep_context=requeueable deps ti=<TaskInstance: Airflow_Lab2.load_data_task manual__2025-10-07T01:07:00.560919+00:00 [queued]>
[2025-10-07T01:07:08.847+0000] {taskinstance.py:2306} INFO - Starting attempt 1 of 1
[2025-10-07T01:07:08.915+0000] {taskinstance.py:2330} INFO - Executing <Task(PythonOperator): load_data_task> on 2025-10-07 01:07:00.560919+00:00
[2025-10-07T01:07:08.946+0000] {warnings.py:112} WARNING - /home/***/.local/lib/python3.12/site-packages/***/task/task_runner/standard_task_runner.py:61: DeprecationWarning: This process (pid=230) is multi-threaded, use of fork() may lead to deadlocks in the child.
  pid = os.fork()

[2025-10-07T01:07:08.948+0000] {standard_task_runner.py:63} INFO - Started process 241 to run task
[2025-10-07T01:07:08.948+0000] {standard_task_runner.py:90} INFO - Running: ['***', 'tasks', 'run', 'Airflow_Lab2', 'load_data_task', 'manual__2025-10-07T01:07:00.560919+00:00', '--job-id', '99', '--raw', '--subdir', 'DAGS_FOLDER/main.py', '--cfg-path', '/tmp/tmp85icsmg1']
[2025-10-07T01:07:08.951+0000] {standard_task_runner.py:91} INFO - Job 99: Subtask load_data_task
[2025-10-07T01:07:09.134+0000] {task_command.py:426} INFO - Running <TaskInstance: Airflow_Lab2.load_data_task manual__2025-10-07T01:07:00.560919+00:00 [running]> on host e519872b887a
[2025-10-07T01:07:09.421+0000] {taskinstance.py:2648} INFO - Exporting env vars: AIRFLOW_CTX_DAG_OWNER='mlops' AIRFLOW_CTX_DAG_ID='Airflow_Lab2' AIRFLOW_CTX_TASK_ID='load_data_task' AIRFLOW_CTX_EXECUTION_DATE='2025-10-07T01:07:00.560919+00:00' AIRFLOW_CTX_TRY_NUMBER='1' AIRFLOW_CTX_DAG_RUN_ID='manual__2025-10-07T01:07:00.560919+00:00'
[2025-10-07T01:07:09.426+0000] {taskinstance.py:430} INFO - ::endgroup::
[2025-10-07T01:07:09.494+0000] {python.py:237} INFO - Done. Returned value was:      Pregnancies  Glucose  ...  Age  Outcome
0              6      148  ...   50        1
1              1       85  ...   31        0
2              8      183  ...   32        1
3              1       89  ...   21        0
4              0      137  ...   33        1
..           ...      ...  ...  ...      ...
763           10      101  ...   63        0
764            2      122  ...   27        0
765            5      121  ...   30        0
766            1      126  ...   47        1
767            1       93  ...   23        0

[768 rows x 9 columns]
[2025-10-07T01:07:09.518+0000] {taskinstance.py:441} INFO - ::group::Post task execution logs
[2025-10-07T01:07:09.629+0000] {taskinstance.py:1206} INFO - Marking task as SUCCESS. dag_id=Airflow_Lab2, task_id=load_data_task, run_id=manual__2025-10-07T01:07:00.560919+00:00, execution_date=20251007T010700, start_date=20251007T010708, end_date=20251007T010709
[2025-10-07T01:07:09.686+0000] {local_task_job_runner.py:240} INFO - Task exited with return code 0
[2025-10-07T01:07:09.760+0000] {taskinstance.py:3503} INFO - 1 downstream tasks scheduled from follow-on schedule check
[2025-10-07T01:07:09.770+0000] {local_task_job_runner.py:222} INFO - ::endgroup::
