[2025-10-07T01:05:44.014+0000] {local_task_job_runner.py:120} INFO - ::group::Pre task execution logs
[2025-10-07T01:05:44.123+0000] {taskinstance.py:2076} INFO - Dependencies all met for dep_context=non-requeueable deps ti=<TaskInstance: Airflow_Lab2.load_model_task scheduled__2025-10-06T00:00:00+00:00 [queued]>
[2025-10-07T01:05:44.167+0000] {taskinstance.py:2076} INFO - Dependencies all met for dep_context=requeueable deps ti=<TaskInstance: Airflow_Lab2.load_model_task scheduled__2025-10-06T00:00:00+00:00 [queued]>
[2025-10-07T01:05:44.168+0000] {taskinstance.py:2306} INFO - Starting attempt 1 of 1
[2025-10-07T01:05:44.236+0000] {taskinstance.py:2330} INFO - Executing <Task(PythonOperator): load_model_task> on 2025-10-06 00:00:00+00:00
[2025-10-07T01:05:44.304+0000] {warnings.py:112} WARNING - /home/***/.local/lib/python3.12/site-packages/***/task/task_runner/standard_task_runner.py:61: DeprecationWarning: This process (pid=160) is multi-threaded, use of fork() may lead to deadlocks in the child.
  pid = os.fork()

[2025-10-07T01:05:44.296+0000] {standard_task_runner.py:90} INFO - Running: ['***', 'tasks', 'run', 'Airflow_Lab2', 'load_model_task', 'scheduled__2025-10-06T00:00:00+00:00', '--job-id', '95', '--raw', '--subdir', 'DAGS_FOLDER/main.py', '--cfg-path', '/tmp/tmpu64wavzb']
[2025-10-07T01:05:44.307+0000] {standard_task_runner.py:91} INFO - Job 95: Subtask load_model_task
[2025-10-07T01:05:44.308+0000] {standard_task_runner.py:63} INFO - Started process 171 to run task
[2025-10-07T01:05:44.452+0000] {task_command.py:426} INFO - Running <TaskInstance: Airflow_Lab2.load_model_task scheduled__2025-10-06T00:00:00+00:00 [running]> on host e519872b887a
[2025-10-07T01:05:44.970+0000] {taskinstance.py:2648} INFO - Exporting env vars: AIRFLOW_CTX_DAG_OWNER='mlops' AIRFLOW_CTX_DAG_ID='Airflow_Lab2' AIRFLOW_CTX_TASK_ID='load_model_task' AIRFLOW_CTX_EXECUTION_DATE='2025-10-06T00:00:00+00:00' AIRFLOW_CTX_TRY_NUMBER='1' AIRFLOW_CTX_DAG_RUN_ID='scheduled__2025-10-06T00:00:00+00:00'
[2025-10-07T01:05:44.982+0000] {taskinstance.py:430} INFO - ::endgroup::
[2025-10-07T01:05:45.064+0000] {logging_mixin.py:188} INFO - [MODEL] Accuracy on test data: 0.7338
[2025-10-07T01:05:45.100+0000] {python.py:237} INFO - Done. Returned value was: 1
[2025-10-07T01:05:45.104+0000] {taskinstance.py:441} INFO - ::group::Post task execution logs
[2025-10-07T01:05:45.186+0000] {taskinstance.py:1206} INFO - Marking task as SUCCESS. dag_id=Airflow_Lab2, task_id=load_model_task, run_id=scheduled__2025-10-06T00:00:00+00:00, execution_date=20251006T000000, start_date=20251007T010544, end_date=20251007T010545
[2025-10-07T01:05:45.332+0000] {local_task_job_runner.py:240} INFO - Task exited with return code 0
[2025-10-07T01:05:45.507+0000] {taskinstance.py:3503} INFO - 1 downstream tasks scheduled from follow-on schedule check
[2025-10-07T01:05:45.519+0000] {local_task_job_runner.py:222} INFO - ::endgroup::
