[2025-10-07T01:00:40.790+0000] {local_task_job_runner.py:120} INFO - ::group::Pre task execution logs
[2025-10-07T01:00:40.897+0000] {taskinstance.py:2076} INFO - Dependencies all met for dep_context=non-requeueable deps ti=<TaskInstance: Airflow_Lab2.owner_verification scheduled__2025-10-06T00:00:00+00:00 [queued]>
[2025-10-07T01:00:40.962+0000] {taskinstance.py:2076} INFO - Dependencies all met for dep_context=requeueable deps ti=<TaskInstance: Airflow_Lab2.owner_verification scheduled__2025-10-06T00:00:00+00:00 [queued]>
[2025-10-07T01:00:40.964+0000] {taskinstance.py:2306} INFO - Starting attempt 1 of 1
[2025-10-07T01:00:41.025+0000] {taskinstance.py:2330} INFO - Executing <Task(BashOperator): owner_verification> on 2025-10-06 00:00:00+00:00
[2025-10-07T01:00:41.070+0000] {standard_task_runner.py:90} INFO - Running: ['***', 'tasks', 'run', 'Airflow_Lab2', 'owner_verification', 'scheduled__2025-10-06T00:00:00+00:00', '--job-id', '88', '--raw', '--subdir', 'DAGS_FOLDER/main.py', '--cfg-path', '/tmp/tmp8rv9i1ze']
[2025-10-07T01:00:41.073+0000] {warnings.py:112} WARNING - /home/***/.local/lib/python3.12/site-packages/***/task/task_runner/standard_task_runner.py:61: DeprecationWarning: This process (pid=459) is multi-threaded, use of fork() may lead to deadlocks in the child.
  pid = os.fork()

[2025-10-07T01:00:41.076+0000] {standard_task_runner.py:63} INFO - Started process 470 to run task
[2025-10-07T01:00:41.075+0000] {standard_task_runner.py:91} INFO - Job 88: Subtask owner_verification
[2025-10-07T01:00:41.288+0000] {task_command.py:426} INFO - Running <TaskInstance: Airflow_Lab2.owner_verification scheduled__2025-10-06T00:00:00+00:00 [running]> on host 5a1b7e57f576
[2025-10-07T01:00:41.643+0000] {taskinstance.py:2648} INFO - Exporting env vars: AIRFLOW_CTX_DAG_OWNER='mlops' AIRFLOW_CTX_DAG_ID='Airflow_Lab2' AIRFLOW_CTX_TASK_ID='owner_verification' AIRFLOW_CTX_EXECUTION_DATE='2025-10-06T00:00:00+00:00' AIRFLOW_CTX_TRY_NUMBER='1' AIRFLOW_CTX_DAG_RUN_ID='scheduled__2025-10-06T00:00:00+00:00'
[2025-10-07T01:00:41.656+0000] {taskinstance.py:430} INFO - ::endgroup::
[2025-10-07T01:00:41.720+0000] {subprocess.py:63} INFO - Tmp dir root location: /tmp
[2025-10-07T01:00:41.724+0000] {subprocess.py:75} INFO - Running command: ['/usr/bin/bash', '-c', "echo 'DAG started by Francis'"]
[2025-10-07T01:00:41.741+0000] {subprocess.py:86} INFO - Output:
[2025-10-07T01:00:41.743+0000] {subprocess.py:93} INFO - DAG started by Francis
[2025-10-07T01:00:41.748+0000] {subprocess.py:97} INFO - Command exited with return code 0
[2025-10-07T01:00:41.753+0000] {taskinstance.py:441} INFO - ::group::Post task execution logs
[2025-10-07T01:00:41.826+0000] {taskinstance.py:1206} INFO - Marking task as SUCCESS. dag_id=Airflow_Lab2, task_id=owner_verification, run_id=scheduled__2025-10-06T00:00:00+00:00, execution_date=20251006T000000, start_date=20251007T010040, end_date=20251007T010041
[2025-10-07T01:00:41.877+0000] {local_task_job_runner.py:240} INFO - Task exited with return code 0
[2025-10-07T01:00:41.956+0000] {taskinstance.py:3503} INFO - 1 downstream tasks scheduled from follow-on schedule check
[2025-10-07T01:00:41.960+0000] {local_task_job_runner.py:222} INFO - ::endgroup::
