[2025-10-07T01:05:49.660+0000] {local_task_job_runner.py:120} INFO - ::group::Pre task execution logs
[2025-10-07T01:05:49.718+0000] {taskinstance.py:2076} INFO - Dependencies all met for dep_context=non-requeueable deps ti=<TaskInstance: Airflow_Lab2.send_email scheduled__2025-10-06T00:00:00+00:00 [queued]>
[2025-10-07T01:05:49.750+0000] {taskinstance.py:2076} INFO - Dependencies all met for dep_context=requeueable deps ti=<TaskInstance: Airflow_Lab2.send_email scheduled__2025-10-06T00:00:00+00:00 [queued]>
[2025-10-07T01:05:49.751+0000] {taskinstance.py:2306} INFO - Starting attempt 1 of 1
[2025-10-07T01:05:49.781+0000] {taskinstance.py:2330} INFO - Executing <Task(EmailOperator): send_email> on 2025-10-06 00:00:00+00:00
[2025-10-07T01:05:49.799+0000] {warnings.py:112} WARNING - /home/***/.local/lib/python3.12/site-packages/***/task/task_runner/standard_task_runner.py:61: DeprecationWarning: This process (pid=172) is multi-threaded, use of fork() may lead to deadlocks in the child.
  pid = os.fork()

[2025-10-07T01:05:49.802+0000] {standard_task_runner.py:63} INFO - Started process 183 to run task
[2025-10-07T01:05:49.803+0000] {standard_task_runner.py:90} INFO - Running: ['***', 'tasks', 'run', 'Airflow_Lab2', 'send_email', 'scheduled__2025-10-06T00:00:00+00:00', '--job-id', '96', '--raw', '--subdir', 'DAGS_FOLDER/main.py', '--cfg-path', '/tmp/tmpl8pblpkx']
[2025-10-07T01:05:49.808+0000] {standard_task_runner.py:91} INFO - Job 96: Subtask send_email
[2025-10-07T01:05:49.894+0000] {task_command.py:426} INFO - Running <TaskInstance: Airflow_Lab2.send_email scheduled__2025-10-06T00:00:00+00:00 [running]> on host e519872b887a
[2025-10-07T01:05:50.054+0000] {taskinstance.py:2648} INFO - Exporting env vars: AIRFLOW_CTX_DAG_OWNER='mlops' AIRFLOW_CTX_DAG_ID='Airflow_Lab2' AIRFLOW_CTX_TASK_ID='send_email' AIRFLOW_CTX_EXECUTION_DATE='2025-10-06T00:00:00+00:00' AIRFLOW_CTX_TRY_NUMBER='1' AIRFLOW_CTX_DAG_RUN_ID='scheduled__2025-10-06T00:00:00+00:00'
[2025-10-07T01:05:50.073+0000] {taskinstance.py:430} INFO - ::endgroup::
[2025-10-07T01:05:50.194+0000] {base.py:84} INFO - Using connection ID 'smtp_default' for task execution.
[2025-10-07T01:05:50.195+0000] {email.py:271} INFO - Email alerting: attempt 1
[2025-10-07T01:05:50.744+0000] {email.py:282} INFO - Sent an alert email to ['harrishebifrancis@gmail.com']
[2025-10-07T01:05:51.548+0000] {taskinstance.py:441} INFO - ::group::Post task execution logs
[2025-10-07T01:05:51.587+0000] {taskinstance.py:1206} INFO - Marking task as SUCCESS. dag_id=Airflow_Lab2, task_id=send_email, run_id=scheduled__2025-10-06T00:00:00+00:00, execution_date=20251006T000000, start_date=20251007T010549, end_date=20251007T010551
[2025-10-07T01:05:51.724+0000] {local_task_job_runner.py:240} INFO - Task exited with return code 0
[2025-10-07T01:05:51.864+0000] {taskinstance.py:3503} INFO - 1 downstream tasks scheduled from follow-on schedule check
[2025-10-07T01:05:51.868+0000] {local_task_job_runner.py:222} INFO - ::endgroup::
